#
# There is insufficient memory for the Java Runtime Environment to continue.
# Native memory allocation (malloc) failed to allocate 1307240 bytes for Chunk::new
# Possible reasons:
#   The system is out of physical RAM or swap space
#   In 32 bit mode, the process size limit was hit
# Possible solutions:
#   Reduce memory load on the system
#   Increase physical memory or swap space
#   Check if swap backing store is full
#   Use 64 bit Java on a 64 bit OS
#   Decrease Java heap size (-Xmx/-Xms)
#   Decrease number of Java threads
#   Decrease Java thread stack sizes (-Xss)
#   Set larger code cache with -XX:ReservedCodeCacheSize=
# This output file may be truncated or incomplete.
#
#  Out of Memory Error (allocation.cpp:389), pid=7876, tid=0x00001bb8
#
# JRE version: OpenJDK Runtime Environment (8.0_402-b06) (build 1.8.0_402-402-b06)
# Java VM: OpenJDK Server VM (25.402-b06 mixed mode windows-x86 )
# Failed to write core dump. Minidumps are not enabled by default on client versions of Windows
#

---------------  T H R E A D  ---------------

Current thread (0x00db4000):  JavaThread "C2 CompilerThread0" daemon [_thread_in_native, id=7096, stack(0x73380000,0x733d0000)]

Stack: [0x73380000,0x733d0000],  sp=0x733ccafc,  free space=306k
Native frames: (J=compiled Java code, j=interpreted, Vv=VM code, C=native code)
V  [jvm.dll+0x1c95d8]
V  [jvm.dll+0x1c14b3]
V  [jvm.dll+0x88990]
V  [jvm.dll+0x891cb]
V  [jvm.dll+0x380d18]
V  [jvm.dll+0x34f737]
V  [jvm.dll+0x356f14]
V  [jvm.dll+0x3564b7]
V  [jvm.dll+0x344646]
V  [jvm.dll+0x69332]
V  [jvm.dll+0x67e23]
V  [jvm.dll+0x19811d]
V  [jvm.dll+0x1dd0bb]
C  [ucrtbase.dll+0x44f9f]
C  [KERNEL32.DLL+0x1fcc9]
C  [ntdll.dll+0x67c6e]
C  [ntdll.dll+0x67c3e]
C  0x00000000


Current CompileTask:
C2:   3322 3437   !   4       java.net.URLClassLoader$1::run (81 bytes)


---------------  P R O C E S S  ---------------

Java Threads: ( => current thread )
  0x73904c00 JavaThread "sbt-command-exchange-fastTrack" daemon [_thread_blocked, id=5912, stack(0x7f170000,0x7f1c0000)]
  0x7e056400 JavaThread "classloader-cache-cleanup-0" daemon [_thread_blocked, id=9620, stack(0x7e760000,0x7e7b0000)]
  0x7c9efc00 JavaThread "sbt-console-input-reader" [_thread_blocked, id=4808, stack(0x7d2b0000,0x7d300000)]
  0x7c481400 JavaThread "boot-server-socket-thread-1" [_thread_in_native, id=3308, stack(0x776a0000,0x776f0000)]
  0x74035000 JavaThread "JNA Cleaner" daemon [_thread_blocked, id=9684, stack(0x77010000,0x77060000)]
  0x7430cc00 JavaThread "pool-1-thread-3" [_thread_blocked, id=1672, stack(0x75f70000,0x75fc0000)]
  0x7430c800 JavaThread "pool-1-thread-2" [_thread_blocked, id=10536, stack(0x75df0000,0x75e40000)]
  0x7401c000 JavaThread "pool-1-thread-1" [_thread_blocked, id=5364, stack(0x74650000,0x746a0000)]
  0x72fa4000 JavaThread "Service Thread" daemon [_thread_blocked, id=4832, stack(0x73530000,0x73580000)]
  0x72fadc00 JavaThread "C1 CompilerThread2" daemon [_thread_blocked, id=6040, stack(0x734a0000,0x734f0000)]
  0x72fad400 JavaThread "C2 CompilerThread1" daemon [_thread_in_native, id=4040, stack(0x73410000,0x73460000)]
=>0x00db4000 JavaThread "C2 CompilerThread0" daemon [_thread_in_native, id=7096, stack(0x73380000,0x733d0000)]
  0x72fa9400 JavaThread "Attach Listener" daemon [_thread_blocked, id=8416, stack(0x732f0000,0x73340000)]
  0x72fa8800 JavaThread "Signal Dispatcher" daemon [_thread_blocked, id=3660, stack(0x73260000,0x732b0000)]
  0x00e5e800 JavaThread "Finalizer" daemon [_thread_blocked, id=8420, stack(0x72da0000,0x72df0000)]
  0x00e5dc00 JavaThread "Reference Handler" daemon [_thread_blocked, id=648, stack(0x72d10000,0x72d60000)]
  0x00d8f800 JavaThread "main" [_thread_in_Java, id=9156, stack(0x02610000,0x02660000)]

Other Threads:
  0x72f08400 VMThread [stack: 0x72c80000,0x72cd0000] [id=9416]
  0x72f9cc00 WatcherThread [stack: 0x735c0000,0x73610000] [id=8976]

VM state:not at safepoint (normal execution)

VM Mutex/Monitor currently owned by a thread: None

Heap:
 PSYoungGen      total 90112K, used 61997K [0x51c00000, 0x59340000, 0x71c00000)
  eden space 81920K, 65% used [0x51c00000,0x5508f5c8,0x56c00000)
  from space 8192K, 99% used [0x57880000,0x5807c180,0x58080000)
  to   space 12800K, 0% used [0x56c00000,0x56c00000,0x57880000)
 ParOldGen       total 49408K, used 20084K [0x11c00000, 0x14c40000, 0x51c00000)
  object space 49408K, 40% used [0x11c00000,0x12f9d230,0x14c40000)
 Metaspace       used 37228K, capacity 39094K, committed 39168K, reserved 39296K

Card table byte_map: [0x71c00000,0x71f10000] byte_map_base: 0x71b72000

Marking Bits: (ParMarkBitMap*) 0x754bf700
 Begin Bits: [0x77bd0000, 0x793d0000)
 End Bits:   [0x793d0000, 0x7abd0000)

Polling page: 0x00d50000

CodeCache: size=245760Kb used=8669Kb max_used=8669Kb free=237090Kb
 bounds [0x026a0000, 0x02f18000, 0x116a0000]
 total_blobs=3949 nmethods=3687 adapters=173
 compilation: enabled

Compilation events (10 events):
Event: 3.293 Thread 0x72fadc00 3698       2       java.nio.file.attribute.FileTime::toMillis (98 bytes)
Event: 3.294 Thread 0x72fadc00 nmethod 3698 0x02f15ec8 code [0x02f16000, 0x02f162e4]
Event: 3.300 Thread 0x72fadc00 3699       2       java.util.concurrent.locks.AbstractQueuedSynchronizer::setState (6 bytes)
Event: 3.300 Thread 0x72fadc00 nmethod 3699 0x02f16448 code [0x02f16540, 0x02f16620]
Event: 3.300 Thread 0x72fadc00 3700       2       scala.tools.nsc.classpath.FileUtils$::mayBeValidPackage (52 bytes)
Event: 3.300 Thread 0x72fadc00 nmethod 3700 0x02f16688 code [0x02f167c0, 0x02f169a4]
Event: 3.310 Thread 0x72fadc00 3701       2       java.util.zip.ZipUtils::get32 (23 bytes)
Event: 3.310 Thread 0x72fadc00 nmethod 3701 0x02f16bc8 code [0x02f16ce0, 0x02f16e40]
Event: 3.310 Thread 0x72fadc00 3702       2       java.util.zip.ZipUtils::unixTimeToFileTime (8 bytes)
Event: 3.310 Thread 0x72fadc00 nmethod 3702 0x02f16fc8 code [0x02f170c0, 0x02f171c0]

GC Heap History (10 events):
Event: 1.140 GC heap before
{Heap before GC invocations=6 (full 1):
 PSYoungGen      total 35840K, used 2550K [0x51c00000, 0x56980000, 0x71c00000)
  eden space 33280K, 0% used [0x51c00000,0x51c00000,0x53c80000)
  from space 2560K, 99% used [0x53c80000,0x53efdac0,0x53f00000)
  to   space 6400K, 0% used [0x56340000,0x56340000,0x56980000)
 ParOldGen       total 43776K, used 11336K [0x11c00000, 0x146c0000, 0x51c00000)
  object space 43776K, 25% used [0x11c00000,0x12712388,0x146c0000)
 Metaspace       used 15815K, capacity 16383K, committed 16384K, reserved 16768K
Event: 1.161 GC heap after
Heap after GC invocations=6 (full 1):
 PSYoungGen      total 35840K, used 0K [0x51c00000, 0x56980000, 0x71c00000)
  eden space 33280K, 0% used [0x51c00000,0x51c00000,0x53c80000)
  from space 2560K, 0% used [0x53c80000,0x53c80000,0x53f00000)
  to   space 6400K, 0% used [0x56340000,0x56340000,0x56980000)
 ParOldGen       total 30976K, used 4628K [0x11c00000, 0x13a40000, 0x51c00000)
  object space 30976K, 14% used [0x11c00000,0x120850a0,0x13a40000)
 Metaspace       used 15815K, capacity 16383K, committed 16384K, reserved 16768K
}
Event: 1.561 GC heap before
{Heap before GC invocations=7 (full 1):
 PSYoungGen      total 35840K, used 33280K [0x51c00000, 0x56980000, 0x71c00000)
  eden space 33280K, 100% used [0x51c00000,0x53c80000,0x53c80000)
  from space 2560K, 0% used [0x53c80000,0x53c80000,0x53f00000)
  to   space 6400K, 0% used [0x56340000,0x56340000,0x56980000)
 ParOldGen       total 30976K, used 4628K [0x11c00000, 0x13a40000, 0x51c00000)
  object space 30976K, 14% used [0x11c00000,0x120850a0,0x13a40000)
 Metaspace       used 20454K, capacity 21194K, committed 21248K, reserved 21888K
Event: 1.569 GC heap after
Heap after GC invocations=7 (full 1):
 PSYoungGen      total 60672K, used 6298K [0x51c00000, 0x56980000, 0x71c00000)
  eden space 54272K, 0% used [0x51c00000,0x51c00000,0x55100000)
  from space 6400K, 98% used [0x56340000,0x569668a0,0x56980000)
  to   space 6912K, 0% used [0x55c00000,0x55c00000,0x562c0000)
 ParOldGen       total 30976K, used 4632K [0x11c00000, 0x13a40000, 0x51c00000)
  object space 30976K, 14% used [0x11c00000,0x120860a0,0x13a40000)
 Metaspace       used 20454K, capacity 21194K, committed 21248K, reserved 21888K
}
Event: 1.953 GC heap before
{Heap before GC invocations=8 (full 1):
 PSYoungGen      total 60672K, used 44391K [0x51c00000, 0x56980000, 0x71c00000)
  eden space 54272K, 70% used [0x51c00000,0x54133398,0x55100000)
  from space 6400K, 98% used [0x56340000,0x569668a0,0x56980000)
  to   space 6912K, 0% used [0x55c00000,0x55c00000,0x562c0000)
 ParOldGen       total 30976K, used 4632K [0x11c00000, 0x13a40000, 0x51c00000)
  object space 30976K, 14% used [0x11c00000,0x120860a0,0x13a40000)
 Metaspace       used 26082K, capacity 27280K, committed 27308K, reserved 28032K
Event: 1.958 GC heap after
Heap after GC invocations=8 (full 1):
 PSYoungGen      total 72448K, used 6906K [0x51c00000, 0x58080000, 0x71c00000)
  eden space 65536K, 0% used [0x51c00000,0x51c00000,0x55c00000)
  from space 6912K, 99% used [0x55c00000,0x562be8d8,0x562c0000)
  to   space 8192K, 0% used [0x57880000,0x57880000,0x58080000)
 ParOldGen       total 30976K, used 5440K [0x11c00000, 0x13a40000, 0x51c00000)
  object space 30976K, 17% used [0x11c00000,0x121500a8,0x13a40000)
 Metaspace       used 26082K, capacity 27280K, committed 27308K, reserved 28032K
}
Event: 1.958 GC heap before
{Heap before GC invocations=9 (full 2):
 PSYoungGen      total 72448K, used 6906K [0x51c00000, 0x58080000, 0x71c00000)
  eden space 65536K, 0% used [0x51c00000,0x51c00000,0x55c00000)
  from space 6912K, 99% used [0x55c00000,0x562be8d8,0x562c0000)
  to   space 8192K, 0% used [0x57880000,0x57880000,0x58080000)
 ParOldGen       total 30976K, used 5440K [0x11c00000, 0x13a40000, 0x51c00000)
  object space 30976K, 17% used [0x11c00000,0x121500a8,0x13a40000)
 Metaspace       used 26082K, capacity 27280K, committed 27308K, reserved 28032K
Event: 1.990 GC heap after
Heap after GC invocations=9 (full 2):
 PSYoungGen      total 72448K, used 0K [0x51c00000, 0x58080000, 0x71c00000)
  eden space 65536K, 0% used [0x51c00000,0x51c00000,0x55c00000)
  from space 6912K, 0% used [0x55c00000,0x55c00000,0x562c0000)
  to   space 8192K, 0% used [0x57880000,0x57880000,0x58080000)
 ParOldGen       total 49408K, used 11071K [0x11c00000, 0x14c40000, 0x51c00000)
  object space 49408K, 22% used [0x11c00000,0x126cfe68,0x14c40000)
 Metaspace       used 26082K, capacity 27280K, committed 27308K, reserved 28032K
}
Event: 2.617 GC heap before
{Heap before GC invocations=10 (full 2):
 PSYoungGen      total 72448K, used 65536K [0x51c00000, 0x58080000, 0x71c00000)
  eden space 65536K, 100% used [0x51c00000,0x55c00000,0x55c00000)
  from space 6912K, 0% used [0x55c00000,0x55c00000,0x562c0000)
  to   space 8192K, 0% used [0x57880000,0x57880000,0x58080000)
 ParOldGen       total 49408K, used 11071K [0x11c00000, 0x14c40000, 0x51c00000)
  object space 49408K, 22% used [0x11c00000,0x126cfe68,0x14c40000)
 Metaspace       used 31962K, capacity 33469K, committed 33536K, reserved 34176K
Event: 2.632 GC heap after
Heap after GC invocations=10 (full 2):
 PSYoungGen      total 90112K, used 8176K [0x51c00000, 0x59340000, 0x71c00000)
  eden space 81920K, 0% used [0x51c00000,0x51c00000,0x56c00000)
  from space 8192K, 99% used [0x57880000,0x5807c180,0x58080000)
  to   space 12800K, 0% used [0x56c00000,0x56c00000,0x57880000)
 ParOldGen       total 49408K, used 20084K [0x11c00000, 0x14c40000, 0x51c00000)
  object space 49408K, 40% used [0x11c00000,0x12f9d230,0x14c40000)
 Metaspace       used 31962K, capacity 33469K, committed 33536K, reserved 34176K
}

Deoptimization events (10 events):
Event: 3.191 Thread 0x00d8f800 Uncommon trap: reason=class_check action=maybe_recompile pc=0x02d203fc method=scala.reflect.internal.Names$Name.scala$reflect$internal$Names$Name$$$outer()Lscala/reflect/internal/Names; @ 4
Event: 3.191 Thread 0x00d8f800 Uncommon trap: reason=class_check action=maybe_recompile pc=0x02d203fc method=scala.reflect.internal.Names$Name.scala$reflect$internal$Names$Name$$$outer()Lscala/reflect/internal/Names; @ 4
Event: 3.193 Thread 0x00d8f800 Uncommon trap: reason=unstable_if action=reinterpret pc=0x02cf1ec4 method=scala.reflect.internal.SymbolTable.NoSymbol()Lscala/reflect/internal/Symbols$NoSymbol; @ 9
Event: 3.193 Thread 0x00d8f800 Uncommon trap: reason=unstable_if action=reinterpret pc=0x02d5c704 method=scala.reflect.internal.SymbolTable.tpnme()Lscala/reflect/internal/StdNames$tpnme$; @ 4
Event: 3.268 Thread 0x00d8f800 Uncommon trap: reason=unstable_if action=reinterpret pc=0x02c63708 method=sun.util.calendar.BaseCalendar.getFixedDate(IIILsun/util/calendar/BaseCalendar$Date;)J @ 7
Event: 3.268 Thread 0x00d8f800 Uncommon trap: reason=unstable_if action=reinterpret pc=0x02c4fafc method=sun.util.calendar.CalendarUtils.isGregorianLeapYear(I)Z @ 3
Event: 3.268 Thread 0x00d8f800 Uncommon trap: reason=unstable_if action=reinterpret pc=0x02c5f774 method=sun.util.calendar.BaseCalendar.getFixedDate(IIILsun/util/calendar/BaseCalendar$Date;)J @ 7
Event: 3.268 Thread 0x00d8f800 Uncommon trap: reason=unstable_if action=reinterpret pc=0x02c5173c method=sun.util.calendar.CalendarUtils.isGregorianLeapYear(I)Z @ 3
Event: 3.268 Thread 0x00d8f800 Uncommon trap: reason=unstable_if action=reinterpret pc=0x02c57ed0 method=sun.util.calendar.CalendarUtils.isGregorianLeapYear(I)Z @ 3
Event: 3.288 Thread 0x00d8f800 Uncommon trap: reason=unstable_if action=reinterpret pc=0x02c45b3c method=java.util.zip.ZipEntry.getTime()J @ 4

Classes redefined (0 events):
No events

Internal exceptions (10 events):
Event: 2.982 Thread 0x00d8f800 Exception <a 'java/lang/NoSuchMethodError': java.lang.Object.$anonfun$enumerationAsScalaIteratorConverter$1(Lscala/collection/convert/DecorateAsScala;Ljava/util/Enumeration;)Lscala/collection/Iterator;> (0x53b062b0) thrown at [C:\openjdk\jdk8u\hotspot\src
Event: 2.998 Thread 0x00d8f800 Exception <a 'java/security/PrivilegedActionException'> (0x53c437f0) thrown at [C:\openjdk\jdk8u\hotspot\src\share\vm\prims\jvm.cpp, line 1514]
Event: 2.998 Thread 0x00d8f800 Exception <a 'java/security/PrivilegedActionException'> (0x53c43f90) thrown at [C:\openjdk\jdk8u\hotspot\src\share\vm\prims\jvm.cpp, line 1514]
Event: 2.998 Thread 0x00d8f800 Exception <a 'java/security/PrivilegedActionException'> (0x53c46468) thrown at [C:\openjdk\jdk8u\hotspot\src\share\vm\prims\jvm.cpp, line 1514]
Event: 2.998 Thread 0x00d8f800 Exception <a 'java/security/PrivilegedActionException'> (0x53c46c08) thrown at [C:\openjdk\jdk8u\hotspot\src\share\vm\prims\jvm.cpp, line 1514]
Event: 3.074 Thread 0x00d8f800 Exception <a 'sun/nio/fs/WindowsException'> (0x54166208) thrown at [C:\openjdk\jdk8u\hotspot\src\share\vm\prims\jni.cpp, line 709]
Event: 3.075 Thread 0x00d8f800 Exception <a 'sun/nio/fs/WindowsException'> (0x54178cd0) thrown at [C:\openjdk\jdk8u\hotspot\src\share\vm\prims\jni.cpp, line 709]
Event: 3.124 Thread 0x00d8f800 Exception <a 'java/lang/NoSuchMethodError': java.lang.Object.$anonfun$pattern3$1(Lscala/tools/nsc/ast/parser/Parsers$Parser$SeqContextSensitive;)Lscala/reflect/internal/Trees$Tree;> (0x543c2de8) thrown at [C:\openjdk\jdk8u\hotspot\src\share\vm\interpreter
Event: 3.124 Thread 0x00d8f800 Exception <a 'java/lang/NoSuchMethodError': java.lang.Object.$anonfun$pattern3$4(Lscala/tools/nsc/ast/parser/Parsers$Parser$SeqContextSensitive;Lscala/reflect/internal/Trees$Tree;Lscala/collection/immutable/List;)Lscala/reflect/internal/Trees$Tree;> (0x54
Event: 3.125 Thread 0x00d8f800 Exception <a 'java/lang/NoSuchMethodError': java.lang.Object.$anonfun$init$1$adapted(Lscala/runtime/BooleanRef;Lscala/collection/mutable/Builder;Lscala/runtime/ObjectRef;Ljava/lang/Object;)Ljava/lang/Object;> (0x543d07e8) thrown at [C:\openjdk\jdk8u\hotsp

Events (10 events):
Event: 3.268 Thread 0x00d8f800 DEOPT UNPACKING pc=0x026dabbc sp=0x0265c75c mode 2
Event: 3.268 Thread 0x00d8f800 Uncommon trap: trap_request=0xffffff65 fr.pc=0x02c5173c
Event: 3.268 Thread 0x00d8f800 DEOPT PACKING pc=0x02c5173c sp=0x0265c740
Event: 3.268 Thread 0x00d8f800 DEOPT UNPACKING pc=0x026dabbc sp=0x0265c650 mode 2
Event: 3.268 Thread 0x00d8f800 Uncommon trap: trap_request=0xffffff65 fr.pc=0x02c57ed0
Event: 3.268 Thread 0x00d8f800 DEOPT PACKING pc=0x02c57ed0 sp=0x0265c6e0
Event: 3.268 Thread 0x00d8f800 DEOPT UNPACKING pc=0x026dabbc sp=0x0265c644 mode 2
Event: 3.288 Thread 0x00d8f800 Uncommon trap: trap_request=0xffffff65 fr.pc=0x02c45b3c
Event: 3.288 Thread 0x00d8f800 DEOPT PACKING pc=0x02c45b3c sp=0x0265ca10
Event: 3.288 Thread 0x00d8f800 DEOPT UNPACKING pc=0x026dabbc sp=0x0265ca04 mode 2


Dynamic libraries:
0x006b0000 - 0x006f0000 	F:\JDK\bin\java.exe
0x77a20000 - 0x77bc4000 	C:\WINDOWS\SYSTEM32\ntdll.dll
0x77120000 - 0x77210000 	C:\WINDOWS\System32\KERNEL32.DLL
0x75a90000 - 0x75cca000 	C:\WINDOWS\System32\KERNELBASE.dll
0x75800000 - 0x7589f000 	C:\WINDOWS\SYSTEM32\apphelp.dll
0x770a0000 - 0x7711e000 	C:\WINDOWS\System32\ADVAPI32.dll
0x75e70000 - 0x75f2f000 	C:\WINDOWS\System32\msvcrt.dll
0x758c0000 - 0x75938000 	C:\WINDOWS\System32\sechost.dll
0x759a0000 - 0x75a5f000 	C:\WINDOWS\System32\RPCRT4.dll
0x76100000 - 0x76119000 	C:\WINDOWS\System32\bcrypt.dll
0x767e0000 - 0x7697c000 	C:\WINDOWS\System32\USER32.dll
0x76f40000 - 0x76f58000 	C:\WINDOWS\System32\win32u.dll
0x75a60000 - 0x75a84000 	C:\WINDOWS\System32\GDI32.dll
0x763a0000 - 0x76488000 	C:\WINDOWS\System32\gdi32full.dll
0x764f0000 - 0x7656b000 	C:\WINDOWS\System32\msvcp_win.dll
0x75cd0000 - 0x75df0000 	C:\WINDOWS\System32\ucrtbase.dll
0x755a0000 - 0x757b0000 	C:\WINDOWS\WinSxS\x86_microsoft.windows.common-controls_6595b64144ccf1df_6.0.19041.3636_none_a863d714867441db\COMCTL32.dll
0x779d0000 - 0x779f5000 	C:\WINDOWS\System32\IMM32.DLL
0x757e0000 - 0x757f4000 	F:\JDK\jre\bin\vcruntime140.dll
0x75530000 - 0x7559d000 	F:\JDK\jre\bin\msvcp140.dll
0x74ed0000 - 0x7552d000 	F:\JDK\jre\bin\server\jvm.dll
0x77a00000 - 0x77a06000 	C:\WINDOWS\System32\PSAPI.DLL
0x757d0000 - 0x757d8000 	C:\WINDOWS\SYSTEM32\WSOCK32.dll
0x74ea0000 - 0x74ec8000 	C:\WINDOWS\SYSTEM32\WINMM.dll
0x757b0000 - 0x757b8000 	C:\WINDOWS\SYSTEM32\VERSION.dll
0x76f60000 - 0x76fc3000 	C:\WINDOWS\System32\WS2_32.dll
0x757c0000 - 0x757cf000 	C:\WINDOWS\SYSTEM32\kernel.appcore.dll
0x74e90000 - 0x74e9d000 	F:\JDK\jre\bin\verify.dll
0x74e60000 - 0x74e84000 	F:\JDK\jre\bin\java.dll
0x74e40000 - 0x74e56000 	F:\JDK\jre\bin\zip.dll
0x76980000 - 0x76f37000 	C:\WINDOWS\System32\SHELL32.dll
0x74820000 - 0x74e33000 	C:\WINDOWS\SYSTEM32\windows.storage.dll
0x77750000 - 0x779d0000 	C:\WINDOWS\System32\combase.dll
0x747f0000 - 0x74814000 	C:\WINDOWS\SYSTEM32\Wldp.dll
0x77210000 - 0x77297000 	C:\WINDOWS\System32\SHCORE.dll
0x76730000 - 0x76775000 	C:\WINDOWS\System32\shlwapi.dll
0x747d0000 - 0x747ec000 	C:\WINDOWS\SYSTEM32\profapi.dll
0x747b0000 - 0x747c7000 	F:\JDK\jre\bin\net.dll
0x74750000 - 0x747a2000 	C:\WINDOWS\system32\mswsock.dll
0x74740000 - 0x7474f000 	F:\JDK\jre\bin\nio.dll
0x758a0000 - 0x758b3000 	C:\WINDOWS\SYSTEM32\CRYPTSP.dll
0x75e40000 - 0x75e6f000 	C:\WINDOWS\system32\rsaenh.dll
0x760c0000 - 0x760e5000 	C:\WINDOWS\SYSTEM32\USERENV.dll
0x76320000 - 0x7637f000 	C:\WINDOWS\System32\bcryptprimitives.dll
0x74730000 - 0x7473a000 	C:\WINDOWS\SYSTEM32\CRYPTBASE.dll
0x76490000 - 0x764c2000 	C:\WINDOWS\SYSTEM32\IPHLPAPI.DLL
0x760f0000 - 0x760f7000 	C:\WINDOWS\System32\NSI.dll
0x76380000 - 0x76394000 	C:\WINDOWS\SYSTEM32\dhcpcsvc6.DLL
0x764d0000 - 0x764e6000 	C:\WINDOWS\SYSTEM32\dhcpcsvc.DLL
0x76670000 - 0x76700000 	C:\WINDOWS\SYSTEM32\DNSAPI.dll
0x76780000 - 0x767b8000 	C:\Users\Ирина и Виктор\AppData\Local\Temp\jna-1508233013\jna4649379999970610930.dll
0x76700000 - 0x76721000 	C:\Users\Ирина и Виктор\AppData\Local\Temp\jansi-2.4.1-92affaab6a3d7265-jansi.dll
0x767c0000 - 0x767cc000 	F:\JDK\jre\bin\management.dll

VM Arguments:
jvm_args: -Xmx1536M -Dsbt.supershell=false -Didea.managed=true -Dfile.encoding=UTF-8 -Didea.installation.dir=F:\IntelliJ IDEA 2023.3.4 -Dsbt.log.noformat=true 
java_command: C:\Users\Ирина и Виктор\AppData\Roaming\JetBrains\IntelliJIdea2023.3\plugins\Scala\launcher\sbt-launch.jar early(addPluginSbtFile="""C:\Users\CD17~1\AppData\Local\Temp\idea5.sbt""") ; set ideaPort in Global := 58886 ; idea-shell
java_class_path (initial): C:\Users\Ирина и Виктор\AppData\Roaming\JetBrains\IntelliJIdea2023.3\plugins\Scala\launcher\sbt-launch.jar
Launcher Type: SUN_STANDARD

Environment Variables:
PATH=C:\ProgramData\Oracle\Java\javapath;C:\Users\Ирина и Виктор\gcc\bin;C:\Users\Ирина и Виктор\gcc\libexec\gcc\x86_64-w64-mingw32\10.2.0;C:\WINDOWS\system32;C:\WINDOWS;C:\WINDOWS\System32\Wbem;C:\WINDOWS\System32\WindowsPowerShell\v1.0\;C:\WINDOWS\System32\OpenSSH\;C:\Program Files\dotnet\;C:\Program Files\Microsoft SQL Server\130\Tools\Binn\;F:\Git\cmd;F:\Scala\bin;C:\Users\Ирина и Виктор\AppData\Local\Microsoft\WindowsApps;;C:\Users\????? ? ??????\AppData\Local\Coursier\data\bin;F:\IntelliJ IDEA 2023.3.4\bin;
USERNAME=Ирина и Виктор
OS=Windows_NT
PROCESSOR_IDENTIFIER=Intel64 Family 6 Model 42 Stepping 7, GenuineIntel



---------------  S Y S T E M  ---------------

OS: Windows 10 , 64 bit Build 19041 (10.0.19041.3636)

CPU:total 4 (initial active 4) (4 cores per cpu, 1 threads per core) family 6 model 42 stepping 7, cmov, cx8, fxsr, mmx, sse, sse2, sse3, ssse3, sse4.1, sse4.2, popcnt, avx, aes, clmul, tsc, tscinvbit

Memory: 4k page, physical 4176188k(1212960k free), swap 8370492k(1858880k free)

vm_info: OpenJDK Server VM (25.402-b06) for windows-x86 JRE (1.8.0_402-402-b06), built on Jan 30 2024 04:56:32 by "Administrator" with MS VC++ 16.10 / 16.11 (VS2019)

time: Fri Mar  8 22:39:16 2024
timezone: Intel64 Family 6 Model 42 Stepping 7, GenuineIntel
elapsed time: 3.328512 seconds (0d 0h 0m 3s)

