#
# There is insufficient memory for the Java Runtime Environment to continue.
# Native memory allocation (malloc) failed to allocate 1407752 bytes for Chunk::new
# Possible reasons:
#   The system is out of physical RAM or swap space
#   In 32 bit mode, the process size limit was hit
# Possible solutions:
#   Reduce memory load on the system
#   Increase physical memory or swap space
#   Check if swap backing store is full
#   Use 64 bit Java on a 64 bit OS
#   Decrease Java heap size (-Xmx/-Xms)
#   Decrease number of Java threads
#   Decrease Java thread stack sizes (-Xss)
#   Set larger code cache with -XX:ReservedCodeCacheSize=
# This output file may be truncated or incomplete.
#
#  Out of Memory Error (allocation.cpp:389), pid=10616, tid=0x0000235c
#
# JRE version: OpenJDK Runtime Environment (8.0_402-b06) (build 1.8.0_402-402-b06)
# Java VM: OpenJDK Server VM (25.402-b06 mixed mode windows-x86 )
# Failed to write core dump. Minidumps are not enabled by default on client versions of Windows
#

---------------  T H R E A D  ---------------

Current thread (0x7368b800):  JavaThread "C2 CompilerThread1" daemon [_thread_in_native, id=9052, stack(0x73b00000,0x73b50000)]

Stack: [0x73b00000,0x73b50000],  sp=0x73b4d34c,  free space=308k
Native frames: (J=compiled Java code, j=interpreted, Vv=VM code, C=native code)
V  [jvm.dll+0x1c95d8]
V  [jvm.dll+0x1c14b3]
V  [jvm.dll+0x88990]
V  [jvm.dll+0x891cb]
V  [jvm.dll+0x380d18]
V  [jvm.dll+0x34f737]
V  [jvm.dll+0x356f14]
V  [jvm.dll+0x3564b7]
V  [jvm.dll+0x344646]
V  [jvm.dll+0x69332]
V  [jvm.dll+0x67e23]
V  [jvm.dll+0x19811d]
V  [jvm.dll+0x1dd0bb]
C  [ucrtbase.dll+0x44f9f]
C  [KERNEL32.DLL+0x1fcc9]
C  [ntdll.dll+0x67c6e]
C  [ntdll.dll+0x67c3e]
C  0x00000000


Current CompileTask:
C2:   3544 3416       4       java.net.URLClassLoader$1::run (5 bytes)


---------------  P R O C E S S  ---------------

Java Threads: ( => current thread )
  0x7ae85800 JavaThread "sbt-command-exchange-fastTrack" daemon [_thread_blocked, id=1940, stack(0x7dcf0000,0x7dd40000)]
  0x7ae85000 JavaThread "classloader-cache-cleanup-0" daemon [_thread_blocked, id=9668, stack(0x776a0000,0x776f0000)]
  0x7c801400 JavaThread "sbt-console-input-reader" [_thread_blocked, id=7012, stack(0x776f0000,0x77740000)]
  0x7ac1c800 JavaThread "boot-server-socket-thread-1" [_thread_in_native, id=5956, stack(0x76fd0000,0x77020000)]
  0x7bfef400 JavaThread "JNA Cleaner" daemon [_thread_blocked, id=10856, stack(0x76490000,0x764e0000)]
  0x73fed800 JavaThread "pool-1-thread-3" [_thread_blocked, id=7940, stack(0x746f0000,0x74740000)]
  0x73fed000 JavaThread "pool-1-thread-2" [_thread_blocked, id=2936, stack(0x74660000,0x746b0000)]
  0x7b297c00 JavaThread "pool-1-thread-1" [_thread_blocked, id=9196, stack(0x74540000,0x74590000)]
  0x73686000 JavaThread "Service Thread" daemon [_thread_blocked, id=5188, stack(0x73c20000,0x73c70000)]
  0x7368c400 JavaThread "C1 CompilerThread2" daemon [_thread_blocked, id=2724, stack(0x73b90000,0x73be0000)]
=>0x7368b800 JavaThread "C2 CompilerThread1" daemon [_thread_in_native, id=9052, stack(0x73b00000,0x73b50000)]
  0x73696800 JavaThread "C2 CompilerThread0" daemon [_thread_in_native, id=8756, stack(0x73a70000,0x73ac0000)]
  0x73695000 JavaThread "Attach Listener" daemon [_thread_blocked, id=1980, stack(0x739e0000,0x73a30000)]
  0x73694400 JavaThread "Signal Dispatcher" daemon [_thread_blocked, id=7700, stack(0x73950000,0x739a0000)]
  0x73676400 JavaThread "Finalizer" daemon [_thread_blocked, id=380, stack(0x73480000,0x734d0000)]
  0x73671c00 JavaThread "Reference Handler" daemon [_thread_blocked, id=1532, stack(0x733f0000,0x73440000)]
  0x013de400 JavaThread "main" [_thread_in_Java, id=10668, stack(0x02d20000,0x02d70000)]

Other Threads:
  0x735f6400 VMThread [stack: 0x73360000,0x733b0000] [id=480]
  0x73686c00 WatcherThread [stack: 0x73cb0000,0x73d00000] [id=8592]

VM state:not at safepoint (normal execution)

VM Mutex/Monitor currently owned by a thread: None

Heap:
 PSYoungGen      total 87808K, used 73129K [0x52200000, 0x597c0000, 0x72200000)
  eden space 79872K, 81% used [0x52200000,0x561ab1c8,0x57000000)
  from space 7936K, 99% used [0x57c80000,0x5843f620,0x58440000)
  to   space 12800K, 0% used [0x57000000,0x57000000,0x57c80000)
 ParOldGen       total 51200K, used 19597K [0x12200000, 0x15400000, 0x52200000)
  object space 51200K, 38% used [0x12200000,0x13523578,0x15400000)
 Metaspace       used 37243K, capacity 39123K, committed 39168K, reserved 39296K

Card table byte_map: [0x72200000,0x72510000] byte_map_base: 0x7216f000

Marking Bits: (ParMarkBitMap*) 0x754bf700
 Begin Bits: [0x77bd0000, 0x793d0000)
 End Bits:   [0x793d0000, 0x7abd0000)

Polling page: 0x013a0000

CodeCache: size=245760Kb used=8587Kb max_used=8587Kb free=237172Kb
 bounds [0x02d80000, 0x035e8000, 0x11d80000]
 total_blobs=3919 nmethods=3657 adapters=173
 compilation: enabled

Compilation events (10 events):
Event: 3.493 Thread 0x7368c400 3674       2       scala.tools.nsc.classpath.FileUtils$::mayBeValidPackage (52 bytes)
Event: 3.493 Thread 0x7368c400 nmethod 3674 0x035e1d88 code [0x035e1ec0, 0x035e20a4]
Event: 3.502 Thread 0x7368c400 3675       2       java.util.zip.ZipUtils::get32 (23 bytes)
Event: 3.502 Thread 0x7368c400 nmethod 3675 0x035e22c8 code [0x035e23e0, 0x035e2540]
Event: 3.502 Thread 0x7368c400 3676       2       java.util.zip.ZipUtils::unixTimeToFileTime (8 bytes)
Event: 3.503 Thread 0x7368c400 nmethod 3676 0x035e26c8 code [0x035e27c0, 0x035e28c0]
Event: 3.503 Thread 0x7368c400 3677       2       scala.tools.nsc.classpath.ZipArchiveFileLookup::findDirEntry (25 bytes)
Event: 3.504 Thread 0x7368c400 nmethod 3677 0x035e2948 code [0x035e2a80, 0x035e2c44]
Event: 3.504 Thread 0x7368c400 3678       2       scala.reflect.io.FileZipArchive::allDirs (21 bytes)
Event: 3.504 Thread 0x7368c400 nmethod 3678 0x035e2dc8 code [0x035e2ee0, 0x035e2fcc]

GC Heap History (10 events):
Event: 1.277 GC heap before
{Heap before GC invocations=6 (full 1):
 PSYoungGen      total 35840K, used 2544K [0x52200000, 0x57080000, 0x72200000)
  eden space 33280K, 0% used [0x52200000,0x52200000,0x54280000)
  from space 2560K, 99% used [0x54280000,0x544fc118,0x54500000)
  to   space 6912K, 0% used [0x569c0000,0x569c0000,0x57080000)
 ParOldGen       total 43776K, used 11702K [0x12200000, 0x14cc0000, 0x52200000)
  object space 43776K, 26% used [0x12200000,0x12d6da48,0x14cc0000)
 Metaspace       used 15818K, capacity 16383K, committed 16384K, reserved 16768K
Event: 1.295 GC heap after
Heap after GC invocations=6 (full 1):
 PSYoungGen      total 35840K, used 0K [0x52200000, 0x57080000, 0x72200000)
  eden space 33280K, 0% used [0x52200000,0x52200000,0x54280000)
  from space 2560K, 0% used [0x54280000,0x54280000,0x54500000)
  to   space 6912K, 0% used [0x569c0000,0x569c0000,0x57080000)
 ParOldGen       total 32256K, used 4597K [0x12200000, 0x14180000, 0x52200000)
  object space 32256K, 14% used [0x12200000,0x1267d450,0x14180000)
 Metaspace       used 15818K, capacity 16383K, committed 16384K, reserved 16768K
}
Event: 1.686 GC heap before
{Heap before GC invocations=7 (full 1):
 PSYoungGen      total 35840K, used 33280K [0x52200000, 0x57080000, 0x72200000)
  eden space 33280K, 100% used [0x52200000,0x54280000,0x54280000)
  from space 2560K, 0% used [0x54280000,0x54280000,0x54500000)
  to   space 6912K, 0% used [0x569c0000,0x569c0000,0x57080000)
 ParOldGen       total 32256K, used 4597K [0x12200000, 0x14180000, 0x52200000)
  object space 32256K, 14% used [0x12200000,0x1267d450,0x14180000)
 Metaspace       used 20423K, capacity 21142K, committed 21248K, reserved 21888K
Event: 1.695 GC heap after
Heap after GC invocations=7 (full 1):
 PSYoungGen      total 59904K, used 6331K [0x52200000, 0x57000000, 0x72200000)
  eden space 53504K, 0% used [0x52200000,0x52200000,0x55640000)
  from space 6400K, 98% used [0x569c0000,0x56feef68,0x57000000)
  to   space 7424K, 0% used [0x56180000,0x56180000,0x568c0000)
 ParOldGen       total 32256K, used 4601K [0x12200000, 0x14180000, 0x52200000)
  object space 32256K, 14% used [0x12200000,0x1267e450,0x14180000)
 Metaspace       used 20423K, capacity 21142K, committed 21248K, reserved 21888K
}
Event: 2.116 GC heap before
{Heap before GC invocations=8 (full 1):
 PSYoungGen      total 59904K, used 41261K [0x52200000, 0x57000000, 0x72200000)
  eden space 53504K, 65% used [0x52200000,0x5441c4b8,0x55640000)
  from space 6400K, 98% used [0x569c0000,0x56feef68,0x57000000)
  to   space 7424K, 0% used [0x56180000,0x56180000,0x568c0000)
 ParOldGen       total 32256K, used 4601K [0x12200000, 0x14180000, 0x52200000)
  object space 32256K, 14% used [0x12200000,0x1267e450,0x14180000)
 Metaspace       used 26123K, capacity 27308K, committed 27308K, reserved 28032K
Event: 2.123 GC heap after
Heap after GC invocations=8 (full 1):
 PSYoungGen      total 72448K, used 7072K [0x52200000, 0x58440000, 0x72200000)
  eden space 65024K, 0% used [0x52200000,0x52200000,0x56180000)
  from space 7424K, 95% used [0x56180000,0x56868198,0x568c0000)
  to   space 7936K, 0% used [0x57c80000,0x57c80000,0x58440000)
 ParOldGen       total 32256K, used 4605K [0x12200000, 0x14180000, 0x52200000)
  object space 32256K, 14% used [0x12200000,0x1267f450,0x14180000)
 Metaspace       used 26123K, capacity 27308K, committed 27308K, reserved 28032K
}
Event: 2.123 GC heap before
{Heap before GC invocations=9 (full 2):
 PSYoungGen      total 72448K, used 7072K [0x52200000, 0x58440000, 0x72200000)
  eden space 65024K, 0% used [0x52200000,0x52200000,0x56180000)
  from space 7424K, 95% used [0x56180000,0x56868198,0x568c0000)
  to   space 7936K, 0% used [0x57c80000,0x57c80000,0x58440000)
 ParOldGen       total 32256K, used 4605K [0x12200000, 0x14180000, 0x52200000)
  object space 32256K, 14% used [0x12200000,0x1267f450,0x14180000)
 Metaspace       used 26123K, capacity 27308K, committed 27308K, reserved 28032K
Event: 2.152 GC heap after
Heap after GC invocations=9 (full 2):
 PSYoungGen      total 72448K, used 0K [0x52200000, 0x58440000, 0x72200000)
  eden space 65024K, 0% used [0x52200000,0x52200000,0x56180000)
  from space 7424K, 0% used [0x56180000,0x56180000,0x568c0000)
  to   space 7936K, 0% used [0x57c80000,0x57c80000,0x58440000)
 ParOldGen       total 51200K, used 10447K [0x12200000, 0x15400000, 0x52200000)
  object space 51200K, 20% used [0x12200000,0x12c33e00,0x15400000)
 Metaspace       used 26123K, capacity 27308K, committed 27308K, reserved 28032K
}
Event: 2.745 GC heap before
{Heap before GC invocations=10 (full 2):
 PSYoungGen      total 72448K, used 65024K [0x52200000, 0x58440000, 0x72200000)
  eden space 65024K, 100% used [0x52200000,0x56180000,0x56180000)
  from space 7424K, 0% used [0x56180000,0x56180000,0x568c0000)
  to   space 7936K, 0% used [0x57c80000,0x57c80000,0x58440000)
 ParOldGen       total 51200K, used 10447K [0x12200000, 0x15400000, 0x52200000)
  object space 51200K, 20% used [0x12200000,0x12c33e00,0x15400000)
 Metaspace       used 31248K, capacity 32714K, committed 32768K, reserved 33152K
Event: 2.759 GC heap after
Heap after GC invocations=10 (full 2):
 PSYoungGen      total 87808K, used 7933K [0x52200000, 0x597c0000, 0x72200000)
  eden space 79872K, 0% used [0x52200000,0x52200000,0x57000000)
  from space 7936K, 99% used [0x57c80000,0x5843f620,0x58440000)
  to   space 12800K, 0% used [0x57000000,0x57000000,0x57c80000)
 ParOldGen       total 51200K, used 19597K [0x12200000, 0x15400000, 0x52200000)
  object space 51200K, 38% used [0x12200000,0x13523578,0x15400000)
 Metaspace       used 31248K, capacity 32714K, committed 32768K, reserved 33152K
}

Deoptimization events (10 events):
Event: 3.375 Thread 0x013de400 Uncommon trap: reason=unstable_if action=reinterpret pc=0x033a06c4 method=scala.reflect.internal.SymbolTable.NoSymbol()Lscala/reflect/internal/Symbols$NoSymbol; @ 9
Event: 3.376 Thread 0x013de400 Uncommon trap: reason=unstable_if action=reinterpret pc=0x0342df04 method=scala.reflect.internal.SymbolTable.tpnme()Lscala/reflect/internal/StdNames$tpnme$; @ 4
Event: 3.458 Thread 0x013de400 Uncommon trap: reason=unstable_if action=reinterpret pc=0x033675cc method=sun.util.calendar.BaseCalendar.getFixedDate(IIILsun/util/calendar/BaseCalendar$Date;)J @ 7
Event: 3.458 Thread 0x013de400 Uncommon trap: reason=unstable_if action=reinterpret pc=0x033565c4 method=sun.util.calendar.CalendarUtils.isGregorianLeapYear(I)Z @ 3
Event: 3.458 Thread 0x013de400 Uncommon trap: reason=unstable_if action=reinterpret pc=0x0335cc68 method=sun.util.calendar.CalendarUtils.isGregorianLeapYear(I)Z @ 3
Event: 3.458 Thread 0x013de400 Uncommon trap: reason=unstable_if action=reinterpret pc=0x03362108 method=sun.util.calendar.BaseCalendar.getFixedDate(IIILsun/util/calendar/BaseCalendar$Date;)J @ 7
Event: 3.458 Thread 0x013de400 Uncommon trap: reason=unstable_if action=reinterpret pc=0x0335ae04 method=sun.util.calendar.CalendarUtils.isGregorianLeapYear(I)Z @ 3
Event: 3.458 Thread 0x013de400 Uncommon trap: reason=unstable_if action=reinterpret pc=0x0335fe74 method=sun.util.calendar.BaseCalendar.getFixedDate(IIILsun/util/calendar/BaseCalendar$Date;)J @ 7
Event: 3.458 Thread 0x013de400 Uncommon trap: reason=unstable_if action=reinterpret pc=0x03363790 method=sun.util.calendar.CalendarUtils.isGregorianLeapYear(I)Z @ 3
Event: 3.458 Thread 0x013de400 Uncommon trap: reason=unstable_if action=reinterpret pc=0x03344b84 method=sun.util.calendar.BaseCalendar.getFixedDate(IIILsun/util/calendar/BaseCalendar$Date;)J @ 7

Classes redefined (0 events):
No events

Internal exceptions (10 events):
Event: 3.172 Thread 0x013de400 Exception <a 'java/lang/NoSuchMethodError': java.lang.Object.$anonfun$enumerationAsScalaIteratorConverter$1(Lscala/collection/convert/DecorateAsScala;Ljava/util/Enumeration;)Lscala/collection/Iterator;> (0x5452bcd0) thrown at [C:\openjdk\jdk8u\hotspot\src
Event: 3.187 Thread 0x013de400 Exception <a 'java/security/PrivilegedActionException'> (0x5466a3b0) thrown at [C:\openjdk\jdk8u\hotspot\src\share\vm\prims\jvm.cpp, line 1514]
Event: 3.187 Thread 0x013de400 Exception <a 'java/security/PrivilegedActionException'> (0x5466ab50) thrown at [C:\openjdk\jdk8u\hotspot\src\share\vm\prims\jvm.cpp, line 1514]
Event: 3.187 Thread 0x013de400 Exception <a 'java/security/PrivilegedActionException'> (0x5466d028) thrown at [C:\openjdk\jdk8u\hotspot\src\share\vm\prims\jvm.cpp, line 1514]
Event: 3.188 Thread 0x013de400 Exception <a 'java/security/PrivilegedActionException'> (0x5466d7c8) thrown at [C:\openjdk\jdk8u\hotspot\src\share\vm\prims\jvm.cpp, line 1514]
Event: 3.264 Thread 0x013de400 Exception <a 'sun/nio/fs/WindowsException'> (0x54b8e6a8) thrown at [C:\openjdk\jdk8u\hotspot\src\share\vm\prims\jni.cpp, line 709]
Event: 3.264 Thread 0x013de400 Exception <a 'sun/nio/fs/WindowsException'> (0x54ba1170) thrown at [C:\openjdk\jdk8u\hotspot\src\share\vm\prims\jni.cpp, line 709]
Event: 3.309 Thread 0x013de400 Exception <a 'java/lang/NoSuchMethodError': java.lang.Object.$anonfun$pattern3$1(Lscala/tools/nsc/ast/parser/Parsers$Parser$SeqContextSensitive;)Lscala/reflect/internal/Trees$Tree;> (0x54deda20) thrown at [C:\openjdk\jdk8u\hotspot\src\share\vm\interpreter
Event: 3.309 Thread 0x013de400 Exception <a 'java/lang/NoSuchMethodError': java.lang.Object.$anonfun$pattern3$4(Lscala/tools/nsc/ast/parser/Parsers$Parser$SeqContextSensitive;Lscala/reflect/internal/Trees$Tree;Lscala/collection/immutable/List;)Lscala/reflect/internal/Trees$Tree;> (0x54
Event: 3.310 Thread 0x013de400 Exception <a 'java/lang/NoSuchMethodError': java.lang.Object.$anonfun$init$1$adapted(Lscala/runtime/BooleanRef;Lscala/collection/mutable/Builder;Lscala/runtime/ObjectRef;Ljava/lang/Object;)Ljava/lang/Object;> (0x54dfb420) thrown at [C:\openjdk\jdk8u\hotsp

Events (10 events):
Event: 3.458 Thread 0x013de400 DEOPT UNPACKING pc=0x02dbabbc sp=0x02d6c100 mode 2
Event: 3.458 Thread 0x013de400 Uncommon trap: trap_request=0xffffff65 fr.pc=0x0335fe74
Event: 3.458 Thread 0x013de400 DEOPT PACKING pc=0x0335fe74 sp=0x02d6c270
Event: 3.458 Thread 0x013de400 DEOPT UNPACKING pc=0x02dbabbc sp=0x02d6c21c mode 2
Event: 3.458 Thread 0x013de400 Uncommon trap: trap_request=0xffffff65 fr.pc=0x03363790
Event: 3.458 Thread 0x013de400 DEOPT PACKING pc=0x03363790 sp=0x02d6c1a0
Event: 3.458 Thread 0x013de400 DEOPT UNPACKING pc=0x02dbabbc sp=0x02d6c104 mode 2
Event: 3.458 Thread 0x013de400 Uncommon trap: trap_request=0xffffff65 fr.pc=0x03344b84
Event: 3.458 Thread 0x013de400 DEOPT PACKING pc=0x03344b84 sp=0x02d6c240
Event: 3.458 Thread 0x013de400 DEOPT UNPACKING pc=0x02dbabbc sp=0x02d6c218 mode 2


Dynamic libraries:
0x006b0000 - 0x006f0000 	F:\JDK\bin\java.exe
0x77a20000 - 0x77bc4000 	C:\WINDOWS\SYSTEM32\ntdll.dll
0x77120000 - 0x77210000 	C:\WINDOWS\System32\KERNEL32.DLL
0x75a90000 - 0x75cca000 	C:\WINDOWS\System32\KERNELBASE.dll
0x75800000 - 0x7589f000 	C:\WINDOWS\SYSTEM32\apphelp.dll
0x770a0000 - 0x7711e000 	C:\WINDOWS\System32\ADVAPI32.dll
0x75e70000 - 0x75f2f000 	C:\WINDOWS\System32\msvcrt.dll
0x758c0000 - 0x75938000 	C:\WINDOWS\System32\sechost.dll
0x759a0000 - 0x75a5f000 	C:\WINDOWS\System32\RPCRT4.dll
0x76100000 - 0x76119000 	C:\WINDOWS\System32\bcrypt.dll
0x767e0000 - 0x7697c000 	C:\WINDOWS\System32\USER32.dll
0x76f40000 - 0x76f58000 	C:\WINDOWS\System32\win32u.dll
0x75a60000 - 0x75a84000 	C:\WINDOWS\System32\GDI32.dll
0x763a0000 - 0x76488000 	C:\WINDOWS\System32\gdi32full.dll
0x764f0000 - 0x7656b000 	C:\WINDOWS\System32\msvcp_win.dll
0x75cd0000 - 0x75df0000 	C:\WINDOWS\System32\ucrtbase.dll
0x755a0000 - 0x757b0000 	C:\WINDOWS\WinSxS\x86_microsoft.windows.common-controls_6595b64144ccf1df_6.0.19041.3636_none_a863d714867441db\COMCTL32.dll
0x779d0000 - 0x779f5000 	C:\WINDOWS\System32\IMM32.DLL
0x757e0000 - 0x757f4000 	F:\JDK\jre\bin\vcruntime140.dll
0x75530000 - 0x7559d000 	F:\JDK\jre\bin\msvcp140.dll
0x74ed0000 - 0x7552d000 	F:\JDK\jre\bin\server\jvm.dll
0x77a00000 - 0x77a06000 	C:\WINDOWS\System32\PSAPI.DLL
0x757d0000 - 0x757d8000 	C:\WINDOWS\SYSTEM32\WSOCK32.dll
0x76f60000 - 0x76fc3000 	C:\WINDOWS\System32\WS2_32.dll
0x74ea0000 - 0x74ec8000 	C:\WINDOWS\SYSTEM32\WINMM.dll
0x757b0000 - 0x757b8000 	C:\WINDOWS\SYSTEM32\VERSION.dll
0x757c0000 - 0x757cf000 	C:\WINDOWS\SYSTEM32\kernel.appcore.dll
0x74e90000 - 0x74e9d000 	F:\JDK\jre\bin\verify.dll
0x74e60000 - 0x74e84000 	F:\JDK\jre\bin\java.dll
0x74e40000 - 0x74e56000 	F:\JDK\jre\bin\zip.dll
0x76980000 - 0x76f37000 	C:\WINDOWS\System32\SHELL32.dll
0x74820000 - 0x74e33000 	C:\WINDOWS\SYSTEM32\windows.storage.dll
0x77750000 - 0x779d0000 	C:\WINDOWS\System32\combase.dll
0x747f0000 - 0x74814000 	C:\WINDOWS\SYSTEM32\Wldp.dll
0x77210000 - 0x77297000 	C:\WINDOWS\System32\SHCORE.dll
0x76730000 - 0x76775000 	C:\WINDOWS\System32\shlwapi.dll
0x747d0000 - 0x747ec000 	C:\WINDOWS\SYSTEM32\profapi.dll
0x747b0000 - 0x747c7000 	F:\JDK\jre\bin\net.dll
0x74750000 - 0x747a2000 	C:\WINDOWS\system32\mswsock.dll
0x74740000 - 0x7474f000 	F:\JDK\jre\bin\nio.dll
0x758a0000 - 0x758b3000 	C:\WINDOWS\SYSTEM32\CRYPTSP.dll
0x75940000 - 0x7596f000 	C:\WINDOWS\system32\rsaenh.dll
0x75df0000 - 0x75e15000 	C:\WINDOWS\SYSTEM32\USERENV.dll
0x76030000 - 0x7608f000 	C:\WINDOWS\System32\bcryptprimitives.dll
0x734f0000 - 0x734fa000 	C:\WINDOWS\SYSTEM32\CRYPTBASE.dll
0x75e20000 - 0x75e52000 	C:\WINDOWS\SYSTEM32\IPHLPAPI.DLL
0x75990000 - 0x75997000 	C:\WINDOWS\System32\NSI.dll
0x76090000 - 0x760a4000 	C:\WINDOWS\SYSTEM32\dhcpcsvc6.DLL
0x760b0000 - 0x760c6000 	C:\WINDOWS\SYSTEM32\dhcpcsvc.DLL
0x76670000 - 0x76700000 	C:\WINDOWS\SYSTEM32\DNSAPI.dll
0x76320000 - 0x76358000 	C:\Users\Ирина и Виктор\AppData\Local\Temp\jna-1508233013\jna5616632699989708802.dll
0x760d0000 - 0x760f1000 	C:\Users\Ирина и Виктор\AppData\Local\Temp\jansi-2.4.1-473317d913adea59-jansi.dll
0x75e60000 - 0x75e6c000 	F:\JDK\jre\bin\management.dll

VM Arguments:
jvm_args: -Xmx1536M -Dsbt.supershell=false -Didea.managed=true -Dfile.encoding=UTF-8 -Didea.installation.dir=F:\IntelliJ IDEA 2023.3.4 -Dsbt.log.noformat=true 
java_command: C:\Users\Ирина и Виктор\AppData\Roaming\JetBrains\IntelliJIdea2023.3\plugins\Scala\launcher\sbt-launch.jar early(addPluginSbtFile="""C:\Users\CD17~1\AppData\Local\Temp\idea4.sbt""") ; set ideaPort in Global := 58886 ; idea-shell
java_class_path (initial): C:\Users\Ирина и Виктор\AppData\Roaming\JetBrains\IntelliJIdea2023.3\plugins\Scala\launcher\sbt-launch.jar
Launcher Type: SUN_STANDARD

Environment Variables:
PATH=C:\ProgramData\Oracle\Java\javapath;C:\Users\Ирина и Виктор\gcc\bin;C:\Users\Ирина и Виктор\gcc\libexec\gcc\x86_64-w64-mingw32\10.2.0;C:\WINDOWS\system32;C:\WINDOWS;C:\WINDOWS\System32\Wbem;C:\WINDOWS\System32\WindowsPowerShell\v1.0\;C:\WINDOWS\System32\OpenSSH\;C:\Program Files\dotnet\;C:\Program Files\Microsoft SQL Server\130\Tools\Binn\;F:\Git\cmd;F:\Scala\bin;C:\Users\Ирина и Виктор\AppData\Local\Microsoft\WindowsApps;;C:\Users\????? ? ??????\AppData\Local\Coursier\data\bin;F:\IntelliJ IDEA 2023.3.4\bin;
USERNAME=Ирина и Виктор
OS=Windows_NT
PROCESSOR_IDENTIFIER=Intel64 Family 6 Model 42 Stepping 7, GenuineIntel



---------------  S Y S T E M  ---------------

OS: Windows 10 , 64 bit Build 19041 (10.0.19041.3636)

CPU:total 4 (initial active 4) (4 cores per cpu, 1 threads per core) family 6 model 42 stepping 7, cmov, cx8, fxsr, mmx, sse, sse2, sse3, ssse3, sse4.1, sse4.2, popcnt, avx, aes, clmul, tsc, tscinvbit

Memory: 4k page, physical 4176188k(643420k free), swap 8370492k(1532652k free)

vm_info: OpenJDK Server VM (25.402-b06) for windows-x86 JRE (1.8.0_402-402-b06), built on Jan 30 2024 04:56:32 by "Administrator" with MS VC++ 16.10 / 16.11 (VS2019)

time: Fri Mar  8 22:48:28 2024
timezone: Intel64 Family 6 Model 42 Stepping 7, GenuineIntel
elapsed time: 3.549706 seconds (0d 0h 0m 3s)

