#
# There is insufficient memory for the Java Runtime Environment to continue.
# Native memory allocation (malloc) failed to allocate 1182088 bytes for Chunk::new
# Possible reasons:
#   The system is out of physical RAM or swap space
#   In 32 bit mode, the process size limit was hit
# Possible solutions:
#   Reduce memory load on the system
#   Increase physical memory or swap space
#   Check if swap backing store is full
#   Use 64 bit Java on a 64 bit OS
#   Decrease Java heap size (-Xmx/-Xms)
#   Decrease number of Java threads
#   Decrease Java thread stack sizes (-Xss)
#   Set larger code cache with -XX:ReservedCodeCacheSize=
# This output file may be truncated or incomplete.
#
#  Out of Memory Error (allocation.cpp:389), pid=1216, tid=0x0000170c
#
# JRE version: OpenJDK Runtime Environment (8.0_402-b06) (build 1.8.0_402-402-b06)
# Java VM: OpenJDK Server VM (25.402-b06 mixed mode windows-x86 )
# Failed to write core dump. Minidumps are not enabled by default on client versions of Windows
#

---------------  T H R E A D  ---------------

Current thread (0x732f5800):  JavaThread "C2 CompilerThread0" daemon [_thread_in_native, id=5900, stack(0x736e0000,0x73730000)]

Stack: [0x736e0000,0x73730000],  sp=0x7372cbec,  free space=306k
Native frames: (J=compiled Java code, j=interpreted, Vv=VM code, C=native code)
V  [jvm.dll+0x1c95d8]
V  [jvm.dll+0x1c14b3]
V  [jvm.dll+0x88990]
V  [jvm.dll+0x891cb]
V  [jvm.dll+0x380cd8]
V  [jvm.dll+0x34f737]
V  [jvm.dll+0x356f14]
V  [jvm.dll+0x3564b7]
V  [jvm.dll+0x344646]
V  [jvm.dll+0x69332]
V  [jvm.dll+0x67e23]
V  [jvm.dll+0x19811d]
V  [jvm.dll+0x1dd0bb]
C  [ucrtbase.dll+0x44f9f]
C  [KERNEL32.DLL+0x1fcc9]
C  [ntdll.dll+0x67c6e]
C  [ntdll.dll+0x67c3e]
C  0x00000000


Current CompileTask:
C2:   3438 3398       4       java.net.URLClassLoader$1::run (5 bytes)


---------------  P R O C E S S  ---------------

Java Threads: ( => current thread )
  0x7c762000 JavaThread "sbt-command-exchange-fastTrack" daemon [_thread_blocked, id=8112, stack(0x776e0000,0x77730000)]
  0x7c71b800 JavaThread "classloader-cache-cleanup-0" daemon [_thread_blocked, id=1132, stack(0x77010000,0x77060000)]
  0x7c62e400 JavaThread "sbt-console-input-reader" [_thread_blocked, id=10884, stack(0x76780000,0x767d0000)]
  0x7c6a3400 JavaThread "boot-server-socket-thread-1" [_thread_in_native, id=7348, stack(0x76670000,0x766c0000)]
  0x7e412800 JavaThread "JNA Cleaner" daemon [_thread_blocked, id=4664, stack(0x76490000,0x764e0000)]
  0x7af42400 JavaThread "pool-1-thread-3" [_thread_blocked, id=2532, stack(0x742d0000,0x74320000)]
  0x7ad50400 JavaThread "pool-1-thread-2" [_thread_blocked, id=7448, stack(0x74240000,0x74290000)]
  0x7ade6000 JavaThread "pool-1-thread-1" [_thread_blocked, id=4484, stack(0x741b0000,0x74200000)]
  0x7336c800 JavaThread "Service Thread" daemon [_thread_blocked, id=7088, stack(0x73890000,0x738e0000)]
  0x732f7400 JavaThread "C1 CompilerThread2" daemon [_thread_blocked, id=3504, stack(0x73800000,0x73850000)]
  0x732f6800 JavaThread "C2 CompilerThread1" daemon [_thread_in_native, id=2836, stack(0x73770000,0x737c0000)]
=>0x732f5800 JavaThread "C2 CompilerThread0" daemon [_thread_in_native, id=5900, stack(0x736e0000,0x73730000)]
  0x73305400 JavaThread "Attach Listener" daemon [_thread_blocked, id=1276, stack(0x73650000,0x736a0000)]
  0x73304800 JavaThread "Signal Dispatcher" daemon [_thread_blocked, id=5316, stack(0x735c0000,0x73610000)]
  0x732e7800 JavaThread "Finalizer" daemon [_thread_blocked, id=8288, stack(0x73100000,0x73150000)]
  0x732e2400 JavaThread "Reference Handler" daemon [_thread_blocked, id=8808, stack(0x73070000,0x730c0000)]
  0x0114f400 JavaThread "main" [_thread_in_native, id=9616, stack(0x010b0000,0x01100000)]

Other Threads:
  0x73266400 VMThread [stack: 0x72fe0000,0x73030000] [id=7960]
  0x7337d400 WatcherThread [stack: 0x73920000,0x73970000] [id=7840]

VM state:not at safepoint (normal execution)

VM Mutex/Monitor currently owned by a thread: None

Heap:
 PSYoungGen      total 91392K, used 61915K [0x51e00000, 0x592c0000, 0x71e00000)
  eden space 83456K, 64% used [0x51e00000,0x552b8b88,0x56f80000)
  from space 7936K, 99% used [0x57c00000,0x583be180,0x583c0000)
  to   space 12800K, 0% used [0x56f80000,0x56f80000,0x57c00000)
 ParOldGen       total 50432K, used 19702K [0x11e00000, 0x14f40000, 0x51e00000)
  object space 50432K, 39% used [0x11e00000,0x1313dbe0,0x14f40000)
 Metaspace       used 37258K, capacity 39120K, committed 39168K, reserved 39296K

Card table byte_map: [0x71e00000,0x72110000] byte_map_base: 0x71d71000

Marking Bits: (ParMarkBitMap*) 0x754bf700
 Begin Bits: [0x77bd0000, 0x793d0000)
 End Bits:   [0x793d0000, 0x7abd0000)

Polling page: 0x01090000

CodeCache: size=245760Kb used=8703Kb max_used=8703Kb free=237056Kb
 bounds [0x029e0000, 0x03260000, 0x119e0000]
 total_blobs=3915 nmethods=3654 adapters=173
 compilation: enabled

Compilation events (10 events):
Event: 3.383 Thread 0x732f7400 3650       2       sun.util.calendar.CalendarDate::setZoneOffset (6 bytes)
Event: 3.383 Thread 0x732f7400 nmethod 3650 0x0325c808 code [0x0325c900, 0x0325c9c0]
Event: 3.383 Thread 0x732f7400 3651       2       sun.util.calendar.CalendarDate::setDaylightSaving (6 bytes)
Event: 3.383 Thread 0x732f7400 nmethod 3651 0x0325ca48 code [0x0325cb40, 0x0325cc00]
Event: 3.383 Thread 0x732f7400 3656       2       scala.collection.mutable.HashMap$::empty (8 bytes)
Event: 3.383 Thread 0x732f7400 nmethod 3656 0x0325cc88 code [0x0325cdc0, 0x0325cf24]
Event: 3.386 Thread 0x732f7400 3657       2       scala.collection.mutable.HashMap$::empty (5 bytes)
Event: 3.386 Thread 0x732f7400 nmethod 3657 0x0325d048 code [0x0325d180, 0x0325d2e4]
Event: 3.387 Thread 0x732f7400 3658       2       scala.reflect.io.ZipArchive$DirEntry::<init> (23 bytes)
Event: 3.388 Thread 0x732f7400 nmethod 3658 0x0325d448 code [0x0325d5c0, 0x0325d8bc]

GC Heap History (10 events):
Event: 1.243 GC heap before
{Heap before GC invocations=6 (full 1):
 PSYoungGen      total 35840K, used 2557K [0x51e00000, 0x56c00000, 0x71e00000)
  eden space 33280K, 0% used [0x51e00000,0x51e00000,0x53e80000)
  from space 2560K, 99% used [0x53e80000,0x540ff568,0x54100000)
  to   space 6656K, 0% used [0x56580000,0x56580000,0x56c00000)
 ParOldGen       total 43776K, used 11825K [0x11e00000, 0x148c0000, 0x51e00000)
  object space 43776K, 27% used [0x11e00000,0x1298c6f0,0x148c0000)
 Metaspace       used 15803K, capacity 16368K, committed 16384K, reserved 16768K
Event: 1.262 GC heap after
Heap after GC invocations=6 (full 1):
 PSYoungGen      total 35840K, used 0K [0x51e00000, 0x56c00000, 0x71e00000)
  eden space 33280K, 0% used [0x51e00000,0x51e00000,0x53e80000)
  from space 2560K, 0% used [0x53e80000,0x53e80000,0x54100000)
  to   space 6656K, 0% used [0x56580000,0x56580000,0x56c00000)
 ParOldGen       total 31488K, used 4542K [0x11e00000, 0x13cc0000, 0x51e00000)
  object space 31488K, 14% used [0x11e00000,0x1226f860,0x13cc0000)
 Metaspace       used 15803K, capacity 16368K, committed 16384K, reserved 16768K
}
Event: 1.604 GC heap before
{Heap before GC invocations=7 (full 1):
 PSYoungGen      total 35840K, used 33280K [0x51e00000, 0x56c00000, 0x71e00000)
  eden space 33280K, 100% used [0x51e00000,0x53e80000,0x53e80000)
  from space 2560K, 0% used [0x53e80000,0x53e80000,0x54100000)
  to   space 6656K, 0% used [0x56580000,0x56580000,0x56c00000)
 ParOldGen       total 31488K, used 4549K [0x11e00000, 0x13cc0000, 0x51e00000)
  object space 31488K, 14% used [0x11e00000,0x122716d8,0x13cc0000)
 Metaspace       used 20477K, capacity 21126K, committed 21248K, reserved 21888K
Event: 1.613 GC heap after
Heap after GC invocations=7 (full 1):
 PSYoungGen      total 60928K, used 6349K [0x51e00000, 0x56bc0000, 0x71e00000)
  eden space 54528K, 0% used [0x51e00000,0x51e00000,0x55340000)
  from space 6400K, 99% used [0x56580000,0x56bb3780,0x56bc0000)
  to   space 7168K, 0% used [0x55dc0000,0x55dc0000,0x564c0000)
 ParOldGen       total 31488K, used 4553K [0x11e00000, 0x13cc0000, 0x51e00000)
  object space 31488K, 14% used [0x11e00000,0x122726d8,0x13cc0000)
 Metaspace       used 20477K, capacity 21126K, committed 21248K, reserved 21888K
}
Event: 2.011 GC heap before
{Heap before GC invocations=8 (full 1):
 PSYoungGen      total 60928K, used 41644K [0x51e00000, 0x56bc0000, 0x71e00000)
  eden space 54528K, 64% used [0x51e00000,0x54077b98,0x55340000)
  from space 6400K, 99% used [0x56580000,0x56bb3780,0x56bc0000)
  to   space 7168K, 0% used [0x55dc0000,0x55dc0000,0x564c0000)
 ParOldGen       total 31488K, used 4553K [0x11e00000, 0x13cc0000, 0x51e00000)
  object space 31488K, 14% used [0x11e00000,0x122726d8,0x13cc0000)
 Metaspace       used 26132K, capacity 27283K, committed 27308K, reserved 28032K
Event: 2.018 GC heap after
Heap after GC invocations=8 (full 1):
 PSYoungGen      total 72448K, used 7146K [0x51e00000, 0x583c0000, 0x71e00000)
  eden space 65280K, 0% used [0x51e00000,0x51e00000,0x55dc0000)
  from space 7168K, 99% used [0x55dc0000,0x564ba950,0x564c0000)
  to   space 7936K, 0% used [0x57c00000,0x57c00000,0x583c0000)
 ParOldGen       total 31488K, used 4557K [0x11e00000, 0x13cc0000, 0x51e00000)
  object space 31488K, 14% used [0x11e00000,0x122736d8,0x13cc0000)
 Metaspace       used 26132K, capacity 27283K, committed 27308K, reserved 28032K
}
Event: 2.018 GC heap before
{Heap before GC invocations=9 (full 2):
 PSYoungGen      total 72448K, used 7146K [0x51e00000, 0x583c0000, 0x71e00000)
  eden space 65280K, 0% used [0x51e00000,0x51e00000,0x55dc0000)
  from space 7168K, 99% used [0x55dc0000,0x564ba950,0x564c0000)
  to   space 7936K, 0% used [0x57c00000,0x57c00000,0x583c0000)
 ParOldGen       total 31488K, used 4557K [0x11e00000, 0x13cc0000, 0x51e00000)
  object space 31488K, 14% used [0x11e00000,0x122736d8,0x13cc0000)
 Metaspace       used 26132K, capacity 27283K, committed 27308K, reserved 28032K
Event: 2.053 GC heap after
Heap after GC invocations=9 (full 2):
 PSYoungGen      total 72448K, used 0K [0x51e00000, 0x583c0000, 0x71e00000)
  eden space 65280K, 0% used [0x51e00000,0x51e00000,0x55dc0000)
  from space 7168K, 0% used [0x55dc0000,0x55dc0000,0x564c0000)
  to   space 7936K, 0% used [0x57c00000,0x57c00000,0x583c0000)
 ParOldGen       total 50432K, used 10470K [0x11e00000, 0x14f40000, 0x51e00000)
  object space 50432K, 20% used [0x11e00000,0x12839a20,0x14f40000)
 Metaspace       used 26132K, capacity 27283K, committed 27308K, reserved 28032K
}
Event: 2.649 GC heap before
{Heap before GC invocations=10 (full 2):
 PSYoungGen      total 72448K, used 65280K [0x51e00000, 0x583c0000, 0x71e00000)
  eden space 65280K, 100% used [0x51e00000,0x55dc0000,0x55dc0000)
  from space 7168K, 0% used [0x55dc0000,0x55dc0000,0x564c0000)
  to   space 7936K, 0% used [0x57c00000,0x57c00000,0x583c0000)
 ParOldGen       total 50432K, used 10470K [0x11e00000, 0x14f40000, 0x51e00000)
  object space 50432K, 20% used [0x11e00000,0x12839a20,0x14f40000)
 Metaspace       used 31551K, capacity 33012K, committed 33024K, reserved 33152K
Event: 2.664 GC heap after
Heap after GC invocations=10 (full 2):
 PSYoungGen      total 91392K, used 7928K [0x51e00000, 0x592c0000, 0x71e00000)
  eden space 83456K, 0% used [0x51e00000,0x51e00000,0x56f80000)
  from space 7936K, 99% used [0x57c00000,0x583be180,0x583c0000)
  to   space 12800K, 0% used [0x56f80000,0x56f80000,0x57c00000)
 ParOldGen       total 50432K, used 19702K [0x11e00000, 0x14f40000, 0x51e00000)
  object space 50432K, 39% used [0x11e00000,0x1313dbe0,0x14f40000)
 Metaspace       used 31551K, capacity 33012K, committed 33024K, reserved 33152K
}

Deoptimization events (10 events):
Event: 3.273 Thread 0x0114f400 Uncommon trap: reason=class_check action=maybe_recompile pc=0x02f858a0 method=scala.collection.mutable.HashTable.resize(I)V @ 1
Event: 3.274 Thread 0x0114f400 Uncommon trap: reason=class_check action=maybe_recompile pc=0x02f858a0 method=scala.collection.mutable.HashTable.resize(I)V @ 1
Event: 3.282 Thread 0x0114f400 Uncommon trap: reason=class_check action=maybe_recompile pc=0x02f858a0 method=scala.collection.mutable.HashTable.resize(I)V @ 1
Event: 3.285 Thread 0x0114f400 Uncommon trap: reason=class_check action=maybe_recompile pc=0x02f858a0 method=scala.collection.mutable.HashTable.resize(I)V @ 1
Event: 3.289 Thread 0x0114f400 Uncommon trap: reason=predicate action=maybe_recompile pc=0x0307f0c0 method=scala.reflect.internal.Names.enterChars([CII)V @ 9
Event: 3.295 Thread 0x0114f400 Uncommon trap: reason=unstable_if action=reinterpret pc=0x03092ac4 method=scala.reflect.internal.SymbolTable.tpnme()Lscala/reflect/internal/StdNames$tpnme$; @ 4
Event: 3.380 Thread 0x0114f400 Uncommon trap: reason=unstable_if action=reinterpret pc=0x02fae73c method=sun.util.calendar.CalendarUtils.isGregorianLeapYear(I)Z @ 3
Event: 3.380 Thread 0x0114f400 Uncommon trap: reason=unstable_if action=reinterpret pc=0x02f9bda8 method=sun.util.calendar.CalendarUtils.isGregorianLeapYear(I)Z @ 3
Event: 3.380 Thread 0x0114f400 Uncommon trap: reason=unstable_if action=reinterpret pc=0x02fb833c method=sun.util.calendar.CalendarUtils.isGregorianLeapYear(I)Z @ 3
Event: 3.380 Thread 0x0114f400 Uncommon trap: reason=unstable_if action=reinterpret pc=0x02fada90 method=sun.util.calendar.CalendarUtils.isGregorianLeapYear(I)Z @ 3

Classes redefined (0 events):
No events

Internal exceptions (10 events):
Event: 3.042 Thread 0x0114f400 Exception <a 'java/lang/NoSuchMethodError': java.lang.Object.$anonfun$enumerationAsScalaIteratorConverter$1(Lscala/collection/convert/DecorateAsScala;Ljava/util/Enumeration;)Lscala/collection/Iterator;> (0x53fb68a8) thrown at [C:\openjdk\jdk8u\hotspot\src
Event: 3.058 Thread 0x0114f400 Exception <a 'java/security/PrivilegedActionException'> (0x540f4cc0) thrown at [C:\openjdk\jdk8u\hotspot\src\share\vm\prims\jvm.cpp, line 1514]
Event: 3.058 Thread 0x0114f400 Exception <a 'java/security/PrivilegedActionException'> (0x540f5460) thrown at [C:\openjdk\jdk8u\hotspot\src\share\vm\prims\jvm.cpp, line 1514]
Event: 3.058 Thread 0x0114f400 Exception <a 'java/security/PrivilegedActionException'> (0x540f7938) thrown at [C:\openjdk\jdk8u\hotspot\src\share\vm\prims\jvm.cpp, line 1514]
Event: 3.058 Thread 0x0114f400 Exception <a 'java/security/PrivilegedActionException'> (0x540f80d8) thrown at [C:\openjdk\jdk8u\hotspot\src\share\vm\prims\jvm.cpp, line 1514]
Event: 3.133 Thread 0x0114f400 Exception <a 'sun/nio/fs/WindowsException'> (0x54619098) thrown at [C:\openjdk\jdk8u\hotspot\src\share\vm\prims\jni.cpp, line 709]
Event: 3.133 Thread 0x0114f400 Exception <a 'sun/nio/fs/WindowsException'> (0x5462bb60) thrown at [C:\openjdk\jdk8u\hotspot\src\share\vm\prims\jni.cpp, line 709]
Event: 3.196 Thread 0x0114f400 Exception <a 'java/lang/NoSuchMethodError': java.lang.Object.$anonfun$pattern3$1(Lscala/tools/nsc/ast/parser/Parsers$Parser$SeqContextSensitive;)Lscala/reflect/internal/Trees$Tree;> (0x54877210) thrown at [C:\openjdk\jdk8u\hotspot\src\share\vm\interpreter
Event: 3.197 Thread 0x0114f400 Exception <a 'java/lang/NoSuchMethodError': java.lang.Object.$anonfun$pattern3$4(Lscala/tools/nsc/ast/parser/Parsers$Parser$SeqContextSensitive;Lscala/reflect/internal/Trees$Tree;Lscala/collection/immutable/List;)Lscala/reflect/internal/Trees$Tree;> (0x54
Event: 3.199 Thread 0x0114f400 Exception <a 'java/lang/NoSuchMethodError': java.lang.Object.$anonfun$init$1$adapted(Lscala/runtime/BooleanRef;Lscala/collection/mutable/Builder;Lscala/runtime/ObjectRef;Ljava/lang/Object;)Ljava/lang/Object;> (0x54884c10) thrown at [C:\openjdk\jdk8u\hotsp

Events (10 events):
Event: 3.380 Thread 0x0114f400 DEOPT UNPACKING pc=0x02a1abbc sp=0x010fc3a0 mode 2
Event: 3.380 Thread 0x0114f400 Uncommon trap: trap_request=0xffffff65 fr.pc=0x02f9bda8
Event: 3.380 Thread 0x0114f400 DEOPT PACKING pc=0x02f9bda8 sp=0x010fc440
Event: 3.380 Thread 0x0114f400 DEOPT UNPACKING pc=0x02a1abbc sp=0x010fc3c8 mode 2
Event: 3.380 Thread 0x0114f400 Uncommon trap: trap_request=0xffffff65 fr.pc=0x02fb833c
Event: 3.380 Thread 0x0114f400 DEOPT PACKING pc=0x02fb833c sp=0x010fc470
Event: 3.380 Thread 0x0114f400 DEOPT UNPACKING pc=0x02a1abbc sp=0x010fc380 mode 2
Event: 3.380 Thread 0x0114f400 Uncommon trap: trap_request=0xffffff65 fr.pc=0x02fada90
Event: 3.380 Thread 0x0114f400 DEOPT PACKING pc=0x02fada90 sp=0x010fc410
Event: 3.380 Thread 0x0114f400 DEOPT UNPACKING pc=0x02a1abbc sp=0x010fc374 mode 2


Dynamic libraries:
0x006b0000 - 0x006f0000 	F:\JDK\bin\java.exe
0x77a20000 - 0x77bc4000 	C:\WINDOWS\SYSTEM32\ntdll.dll
0x77120000 - 0x77210000 	C:\WINDOWS\System32\KERNEL32.DLL
0x75a90000 - 0x75cca000 	C:\WINDOWS\System32\KERNELBASE.dll
0x75800000 - 0x7589f000 	C:\WINDOWS\SYSTEM32\apphelp.dll
0x770a0000 - 0x7711e000 	C:\WINDOWS\System32\ADVAPI32.dll
0x75e70000 - 0x75f2f000 	C:\WINDOWS\System32\msvcrt.dll
0x758c0000 - 0x75938000 	C:\WINDOWS\System32\sechost.dll
0x759a0000 - 0x75a5f000 	C:\WINDOWS\System32\RPCRT4.dll
0x76100000 - 0x76119000 	C:\WINDOWS\System32\bcrypt.dll
0x767e0000 - 0x7697c000 	C:\WINDOWS\System32\USER32.dll
0x76f40000 - 0x76f58000 	C:\WINDOWS\System32\win32u.dll
0x75a60000 - 0x75a84000 	C:\WINDOWS\System32\GDI32.dll
0x763a0000 - 0x76488000 	C:\WINDOWS\System32\gdi32full.dll
0x764f0000 - 0x7656b000 	C:\WINDOWS\System32\msvcp_win.dll
0x75cd0000 - 0x75df0000 	C:\WINDOWS\System32\ucrtbase.dll
0x755a0000 - 0x757b0000 	C:\WINDOWS\WinSxS\x86_microsoft.windows.common-controls_6595b64144ccf1df_6.0.19041.3636_none_a863d714867441db\COMCTL32.dll
0x779d0000 - 0x779f5000 	C:\WINDOWS\System32\IMM32.DLL
0x757e0000 - 0x757f4000 	F:\JDK\jre\bin\vcruntime140.dll
0x75530000 - 0x7559d000 	F:\JDK\jre\bin\msvcp140.dll
0x74ed0000 - 0x7552d000 	F:\JDK\jre\bin\server\jvm.dll
0x77a00000 - 0x77a06000 	C:\WINDOWS\System32\PSAPI.DLL
0x757d0000 - 0x757d8000 	C:\WINDOWS\SYSTEM32\WSOCK32.dll
0x76f60000 - 0x76fc3000 	C:\WINDOWS\System32\WS2_32.dll
0x74ea0000 - 0x74ec8000 	C:\WINDOWS\SYSTEM32\WINMM.dll
0x757b0000 - 0x757b8000 	C:\WINDOWS\SYSTEM32\VERSION.dll
0x757c0000 - 0x757cf000 	C:\WINDOWS\SYSTEM32\kernel.appcore.dll
0x74e90000 - 0x74e9d000 	F:\JDK\jre\bin\verify.dll
0x74e60000 - 0x74e84000 	F:\JDK\jre\bin\java.dll
0x74e40000 - 0x74e56000 	F:\JDK\jre\bin\zip.dll
0x76980000 - 0x76f37000 	C:\WINDOWS\System32\SHELL32.dll
0x74820000 - 0x74e33000 	C:\WINDOWS\SYSTEM32\windows.storage.dll
0x77750000 - 0x779d0000 	C:\WINDOWS\System32\combase.dll
0x747f0000 - 0x74814000 	C:\WINDOWS\SYSTEM32\Wldp.dll
0x77210000 - 0x77297000 	C:\WINDOWS\System32\SHCORE.dll
0x76730000 - 0x76775000 	C:\WINDOWS\System32\shlwapi.dll
0x747d0000 - 0x747ec000 	C:\WINDOWS\SYSTEM32\profapi.dll
0x747b0000 - 0x747c7000 	F:\JDK\jre\bin\net.dll
0x74750000 - 0x747a2000 	C:\WINDOWS\system32\mswsock.dll
0x74740000 - 0x7474f000 	F:\JDK\jre\bin\nio.dll
0x74720000 - 0x74733000 	C:\WINDOWS\SYSTEM32\CRYPTSP.dll
0x746f0000 - 0x7471f000 	C:\WINDOWS\system32\rsaenh.dll
0x746c0000 - 0x746e5000 	C:\WINDOWS\SYSTEM32\USERENV.dll
0x75940000 - 0x7599f000 	C:\WINDOWS\System32\bcryptprimitives.dll
0x758a0000 - 0x758aa000 	C:\WINDOWS\SYSTEM32\CRYPTBASE.dll
0x75df0000 - 0x75e22000 	C:\WINDOWS\SYSTEM32\IPHLPAPI.DLL
0x746b0000 - 0x746b7000 	C:\WINDOWS\System32\NSI.dll
0x75e30000 - 0x75e44000 	C:\WINDOWS\SYSTEM32\dhcpcsvc6.DLL
0x75e50000 - 0x75e66000 	C:\WINDOWS\SYSTEM32\dhcpcsvc.DLL
0x76030000 - 0x760c0000 	C:\WINDOWS\SYSTEM32\DNSAPI.dll
0x760c0000 - 0x760f8000 	C:\Users\Ирина и Виктор\AppData\Local\Temp\jna-1508233013\jna5107405856257192937.dll
0x766c0000 - 0x766e1000 	C:\Users\Ирина и Виктор\AppData\Local\Temp\jansi-2.4.1-bc06112621e9028b-jansi.dll
0x758b0000 - 0x758bc000 	F:\JDK\jre\bin\management.dll

VM Arguments:
jvm_args: -Xmx1536M -Dsbt.supershell=false -Didea.managed=true -Dfile.encoding=UTF-8 -Didea.installation.dir=F:\IntelliJ IDEA 2023.3.4 -Dsbt.log.noformat=true 
java_command: C:\Users\Ирина и Виктор\AppData\Roaming\JetBrains\IntelliJIdea2023.3\plugins\Scala\launcher\sbt-launch.jar early(addPluginSbtFile="""C:\Users\CD17~1\AppData\Local\Temp\idea3.sbt""") ; set ideaPort in Global := 58886 ; idea-shell
java_class_path (initial): C:\Users\Ирина и Виктор\AppData\Roaming\JetBrains\IntelliJIdea2023.3\plugins\Scala\launcher\sbt-launch.jar
Launcher Type: SUN_STANDARD

Environment Variables:
PATH=C:\ProgramData\Oracle\Java\javapath;C:\Users\Ирина и Виктор\gcc\bin;C:\Users\Ирина и Виктор\gcc\libexec\gcc\x86_64-w64-mingw32\10.2.0;C:\WINDOWS\system32;C:\WINDOWS;C:\WINDOWS\System32\Wbem;C:\WINDOWS\System32\WindowsPowerShell\v1.0\;C:\WINDOWS\System32\OpenSSH\;C:\Program Files\dotnet\;C:\Program Files\Microsoft SQL Server\130\Tools\Binn\;F:\Git\cmd;F:\Scala\bin;C:\Users\Ирина и Виктор\AppData\Local\Microsoft\WindowsApps;;C:\Users\????? ? ??????\AppData\Local\Coursier\data\bin;F:\IntelliJ IDEA 2023.3.4\bin;
USERNAME=Ирина и Виктор
OS=Windows_NT
PROCESSOR_IDENTIFIER=Intel64 Family 6 Model 42 Stepping 7, GenuineIntel



---------------  S Y S T E M  ---------------

OS: Windows 10 , 64 bit Build 19041 (10.0.19041.3636)

CPU:total 4 (initial active 4) (4 cores per cpu, 1 threads per core) family 6 model 42 stepping 7, cmov, cx8, fxsr, mmx, sse, sse2, sse3, ssse3, sse4.1, sse4.2, popcnt, avx, aes, clmul, tsc, tscinvbit

Memory: 4k page, physical 4176188k(618408k free), swap 8370492k(1724172k free)

vm_info: OpenJDK Server VM (25.402-b06) for windows-x86 JRE (1.8.0_402-402-b06), built on Jan 30 2024 04:56:32 by "Administrator" with MS VC++ 16.10 / 16.11 (VS2019)

time: Fri Mar  8 22:45:21 2024
timezone: Intel64 Family 6 Model 42 Stepping 7, GenuineIntel
elapsed time: 3.443740 seconds (0d 0h 0m 3s)

