#
# There is insufficient memory for the Java Runtime Environment to continue.
# Native memory allocation (malloc) failed to allocate 1087928 bytes for Chunk::new
# Possible reasons:
#   The system is out of physical RAM or swap space
#   In 32 bit mode, the process size limit was hit
# Possible solutions:
#   Reduce memory load on the system
#   Increase physical memory or swap space
#   Check if swap backing store is full
#   Use 64 bit Java on a 64 bit OS
#   Decrease Java heap size (-Xmx/-Xms)
#   Decrease number of Java threads
#   Decrease Java thread stack sizes (-Xss)
#   Set larger code cache with -XX:ReservedCodeCacheSize=
# This output file may be truncated or incomplete.
#
#  Out of Memory Error (allocation.cpp:389), pid=6608, tid=0x0000246c
#
# JRE version: OpenJDK Runtime Environment (8.0_402-b06) (build 1.8.0_402-402-b06)
# Java VM: OpenJDK Server VM (25.402-b06 mixed mode windows-x86 )
# Failed to write core dump. Minidumps are not enabled by default on client versions of Windows
#

---------------  T H R E A D  ---------------

Current thread (0x7384f800):  JavaThread "C2 CompilerThread1" daemon [_thread_in_native, id=9324, stack(0x73cc0000,0x73d10000)]

Stack: [0x73cc0000,0x73d10000],  sp=0x73d0cf8c,  free space=307k
Native frames: (J=compiled Java code, j=interpreted, Vv=VM code, C=native code)
V  [jvm.dll+0x1c95d8]
V  [jvm.dll+0x1c14b3]
V  [jvm.dll+0x88990]
V  [jvm.dll+0x891cb]
V  [jvm.dll+0x380cd8]
V  [jvm.dll+0x34f737]
V  [jvm.dll+0x356f14]
V  [jvm.dll+0x3564b7]
V  [jvm.dll+0x344646]
V  [jvm.dll+0x69332]
V  [jvm.dll+0x67e23]
V  [jvm.dll+0x19811d]
V  [jvm.dll+0x1dd0bb]
C  [ucrtbase.dll+0x44f9f]
C  [KERNEL32.DLL+0x1fcc9]
C  [ntdll.dll+0x67c6e]
C  [ntdll.dll+0x67c3e]
C  0x00000000


Current CompileTask:
C2:   3888 3464   !   4       java.net.URLClassLoader$1::run (81 bytes)


---------------  P R O C E S S  ---------------

Java Threads: ( => current thread )
  0x7cb21800 JavaThread "sbt-command-exchange-fastTrack" daemon [_thread_blocked, id=7232, stack(0x7fc60000,0x7fcb0000)]
  0x7cb22c00 JavaThread "classloader-cache-cleanup-0" daemon [_thread_blocked, id=10264, stack(0x7fa10000,0x7fa60000)]
  0x7cb20000 JavaThread "sbt-console-input-reader" [_thread_blocked, id=4760, stack(0x776f0000,0x77740000)]
  0x7c93f800 JavaThread "boot-server-socket-thread-1" [_thread_in_native, id=8220, stack(0x776a0000,0x776f0000)]
  0x7cbb3c00 JavaThread "JNA Cleaner" daemon [_thread_blocked, id=5904, stack(0x76fd0000,0x77020000)]
  0x7afda800 JavaThread "pool-1-thread-3" [_thread_blocked, id=8116, stack(0x76000000,0x76050000)]
  0x7afd8c00 JavaThread "pool-1-thread-2" [_thread_blocked, id=7692, stack(0x75f70000,0x75fc0000)]
  0x7397b000 JavaThread "pool-1-thread-1" [_thread_blocked, id=2732, stack(0x75940000,0x75990000)]
  0x738b4800 JavaThread "Service Thread" daemon [_thread_blocked, id=9524, stack(0x73de0000,0x73e30000)]
  0x73850800 JavaThread "C1 CompilerThread2" daemon [_thread_blocked, id=10012, stack(0x73d50000,0x73da0000)]
=>0x7384f800 JavaThread "C2 CompilerThread1" daemon [_thread_in_native, id=9324, stack(0x73cc0000,0x73d10000)]
  0x7384e800 JavaThread "C2 CompilerThread0" daemon [_thread_in_native, id=3184, stack(0x73c30000,0x73c80000)]
  0x73854c00 JavaThread "Attach Listener" daemon [_thread_blocked, id=4188, stack(0x73ba0000,0x73bf0000)]
  0x013ee800 JavaThread "Signal Dispatcher" daemon [_thread_blocked, id=9108, stack(0x73b10000,0x73b60000)]
  0x73836c00 JavaThread "Finalizer" daemon [_thread_blocked, id=10332, stack(0x73640000,0x73690000)]
  0x737b9800 JavaThread "Reference Handler" daemon [_thread_blocked, id=2148, stack(0x735b0000,0x73600000)]
  0x0131e800 JavaThread "main" [_thread_in_Java, id=456, stack(0x016e0000,0x01730000)]

Other Threads:
  0x013e8400 VMThread [stack: 0x73520000,0x73570000] [id=10232]
  0x738b5000 WatcherThread [stack: 0x73e70000,0x73ec0000] [id=1204]

VM state:not at safepoint (normal execution)

VM Mutex/Monitor currently owned by a thread: None

Heap:
 PSYoungGen      total 85760K, used 63554K [0x52400000, 0x596c0000, 0x72400000)
  eden space 77824K, 71% used [0x52400000,0x55a53a88,0x57000000)
  from space 7936K, 99% used [0x57c80000,0x5843d010,0x58440000)
  to   space 12800K, 0% used [0x57000000,0x57000000,0x57c80000)
 ParOldGen       total 51456K, used 20091K [0x12400000, 0x15640000, 0x52400000)
  object space 51456K, 39% used [0x12400000,0x1379ee18,0x15640000)
 Metaspace       used 37260K, capacity 39124K, committed 39168K, reserved 39296K

Card table byte_map: [0x72400000,0x72710000] byte_map_base: 0x7236e000

Marking Bits: (ParMarkBitMap*) 0x754bf700
 Begin Bits: [0x77bd0000, 0x793d0000)
 End Bits:   [0x793d0000, 0x7abd0000)

Polling page: 0x01730000

CodeCache: size=245760Kb used=8761Kb max_used=8761Kb free=236998Kb
 bounds [0x02f60000, 0x037f0000, 0x11f60000]
 total_blobs=3961 nmethods=3700 adapters=173
 compilation: enabled

Compilation events (10 events):
Event: 3.850 Thread 0x73850800 3701       3       java.nio.file.attribute.FileTime::<init> (21 bytes)
Event: 3.850 Thread 0x73850800 nmethod 3701 0x037ec6c8 code [0x037ec7e0, 0x037ec940]
Event: 3.854 Thread 0x73850800 3706       2       java.util.concurrent.TimeUnit::x (27 bytes)
Event: 3.855 Thread 0x73850800 nmethod 3706 0x037ec9c8 code [0x037ecac0, 0x037ecbe0]
Event: 3.855 Thread 0x73850800 3707       2       java.nio.file.attribute.FileTime::toMillis (98 bytes)
Event: 3.855 Thread 0x73850800 nmethod 3707 0x037ecc48 code [0x037ecd80, 0x037ed064]
Event: 3.855 Thread 0x73850800 3708       2       scala.tools.nsc.classpath.FileUtils$::mayBeValidPackage (52 bytes)
Event: 3.855 Thread 0x73850800 nmethod 3708 0x037ed1c8 code [0x037ed300, 0x037ed4e4]
Event: 3.863 Thread 0x73850800 3709       2       java.util.concurrent.locks.AbstractQueuedSynchronizer::setState (6 bytes)
Event: 3.863 Thread 0x73850800 nmethod 3709 0x037ed708 code [0x037ed800, 0x037ed8e0]

GC Heap History (10 events):
Event: 1.318 GC heap before
{Heap before GC invocations=6 (full 1):
 PSYoungGen      total 35840K, used 2559K [0x52400000, 0x57180000, 0x72400000)
  eden space 33280K, 0% used [0x52400000,0x52400000,0x54480000)
  from space 2560K, 99% used [0x54480000,0x546ffd58,0x54700000)
  to   space 6400K, 0% used [0x56b40000,0x56b40000,0x57180000)
 ParOldGen       total 43776K, used 12239K [0x12400000, 0x14ec0000, 0x52400000)
  object space 43776K, 27% used [0x12400000,0x12ff3ed0,0x14ec0000)
 Metaspace       used 15806K, capacity 16357K, committed 16384K, reserved 16768K
Event: 1.340 GC heap after
Heap after GC invocations=6 (full 1):
 PSYoungGen      total 35840K, used 0K [0x52400000, 0x57180000, 0x72400000)
  eden space 33280K, 0% used [0x52400000,0x52400000,0x54480000)
  from space 2560K, 0% used [0x54480000,0x54480000,0x54700000)
  to   space 6400K, 0% used [0x56b40000,0x56b40000,0x57180000)
 ParOldGen       total 31488K, used 4437K [0x12400000, 0x142c0000, 0x52400000)
  object space 31488K, 14% used [0x12400000,0x128555a0,0x142c0000)
 Metaspace       used 15806K, capacity 16357K, committed 16384K, reserved 16768K
}
Event: 1.846 GC heap before
{Heap before GC invocations=7 (full 1):
 PSYoungGen      total 35840K, used 33258K [0x52400000, 0x57180000, 0x72400000)
  eden space 33280K, 99% used [0x52400000,0x5447a8e0,0x54480000)
  from space 2560K, 0% used [0x54480000,0x54480000,0x54700000)
  to   space 6400K, 0% used [0x56b40000,0x56b40000,0x57180000)
 ParOldGen       total 31488K, used 4437K [0x12400000, 0x142c0000, 0x52400000)
  object space 31488K, 14% used [0x12400000,0x128555a0,0x142c0000)
 Metaspace       used 20425K, capacity 21111K, committed 21248K, reserved 21888K
Event: 1.852 GC heap after
Heap after GC invocations=7 (full 1):
 PSYoungGen      total 59136K, used 6328K [0x52400000, 0x57180000, 0x72400000)
  eden space 52736K, 0% used [0x52400000,0x52400000,0x55780000)
  from space 6400K, 98% used [0x56b40000,0x5716e358,0x57180000)
  to   space 7168K, 0% used [0x56380000,0x56380000,0x56a80000)
 ParOldGen       total 31488K, used 4441K [0x12400000, 0x142c0000, 0x52400000)
  object space 31488K, 14% used [0x12400000,0x128565a0,0x142c0000)
 Metaspace       used 20425K, capacity 21111K, committed 21248K, reserved 21888K
}
Event: 2.239 GC heap before
{Heap before GC invocations=8 (full 1):
 PSYoungGen      total 59136K, used 43016K [0x52400000, 0x57180000, 0x72400000)
  eden space 52736K, 69% used [0x52400000,0x547d3ec0,0x55780000)
  from space 6400K, 98% used [0x56b40000,0x5716e358,0x57180000)
  to   space 7168K, 0% used [0x56380000,0x56380000,0x56a80000)
 ParOldGen       total 31488K, used 4441K [0x12400000, 0x142c0000, 0x52400000)
  object space 31488K, 14% used [0x12400000,0x128565a0,0x142c0000)
 Metaspace       used 26137K, capacity 27293K, committed 27308K, reserved 28032K
Event: 2.246 GC heap after
Heap after GC invocations=8 (full 1):
 PSYoungGen      total 72192K, used 7160K [0x52400000, 0x58440000, 0x72400000)
  eden space 65024K, 0% used [0x52400000,0x52400000,0x56380000)
  from space 7168K, 99% used [0x56380000,0x56a7e0d8,0x56a80000)
  to   space 7936K, 0% used [0x57c80000,0x57c80000,0x58440000)
 ParOldGen       total 31488K, used 4468K [0x12400000, 0x142c0000, 0x52400000)
  object space 31488K, 14% used [0x12400000,0x1285d090,0x142c0000)
 Metaspace       used 26137K, capacity 27293K, committed 27308K, reserved 28032K
}
Event: 2.246 GC heap before
{Heap before GC invocations=9 (full 2):
 PSYoungGen      total 72192K, used 7160K [0x52400000, 0x58440000, 0x72400000)
  eden space 65024K, 0% used [0x52400000,0x52400000,0x56380000)
  from space 7168K, 99% used [0x56380000,0x56a7e0d8,0x56a80000)
  to   space 7936K, 0% used [0x57c80000,0x57c80000,0x58440000)
 ParOldGen       total 31488K, used 4468K [0x12400000, 0x142c0000, 0x52400000)
  object space 31488K, 14% used [0x12400000,0x1285d090,0x142c0000)
 Metaspace       used 26137K, capacity 27293K, committed 27308K, reserved 28032K
Event: 2.285 GC heap after
Heap after GC invocations=9 (full 2):
 PSYoungGen      total 72192K, used 0K [0x52400000, 0x58440000, 0x72400000)
  eden space 65024K, 0% used [0x52400000,0x52400000,0x56380000)
  from space 7168K, 0% used [0x56380000,0x56380000,0x56a80000)
  to   space 7936K, 0% used [0x57c80000,0x57c80000,0x58440000)
 ParOldGen       total 51456K, used 10538K [0x12400000, 0x15640000, 0x52400000)
  object space 51456K, 20% used [0x12400000,0x12e4aba8,0x15640000)
 Metaspace       used 26137K, capacity 27293K, committed 27308K, reserved 28032K
}
Event: 3.080 GC heap before
{Heap before GC invocations=10 (full 2):
 PSYoungGen      total 72192K, used 65024K [0x52400000, 0x58440000, 0x72400000)
  eden space 65024K, 100% used [0x52400000,0x56380000,0x56380000)
  from space 7168K, 0% used [0x56380000,0x56380000,0x56a80000)
  to   space 7936K, 0% used [0x57c80000,0x57c80000,0x58440000)
 ParOldGen       total 51456K, used 10712K [0x12400000, 0x15640000, 0x52400000)
  object space 51456K, 20% used [0x12400000,0x12e76030,0x15640000)
 Metaspace       used 31563K, capacity 33020K, committed 33024K, reserved 33152K
Event: 3.094 GC heap after
Heap after GC invocations=10 (full 2):
 PSYoungGen      total 85760K, used 7924K [0x52400000, 0x596c0000, 0x72400000)
  eden space 77824K, 0% used [0x52400000,0x52400000,0x57000000)
  from space 7936K, 99% used [0x57c80000,0x5843d010,0x58440000)
  to   space 12800K, 0% used [0x57000000,0x57000000,0x57c80000)
 ParOldGen       total 51456K, used 20091K [0x12400000, 0x15640000, 0x52400000)
  object space 51456K, 39% used [0x12400000,0x1379ee18,0x15640000)
 Metaspace       used 31563K, capacity 33020K, committed 33024K, reserved 33152K
}

Deoptimization events (10 events):
Event: 3.729 Thread 0x0131e800 Uncommon trap: reason=class_check action=maybe_recompile pc=0x035f56fc method=scala.reflect.internal.Names$Name.scala$reflect$internal$Names$Name$$$outer()Lscala/reflect/internal/Names; @ 4
Event: 3.729 Thread 0x0131e800 Uncommon trap: reason=class_check action=maybe_recompile pc=0x035f56fc method=scala.reflect.internal.Names$Name.scala$reflect$internal$Names$Name$$$outer()Lscala/reflect/internal/Names; @ 4
Event: 3.729 Thread 0x0131e800 Uncommon trap: reason=class_check action=maybe_recompile pc=0x035f56fc method=scala.reflect.internal.Names$Name.scala$reflect$internal$Names$Name$$$outer()Lscala/reflect/internal/Names; @ 4
Event: 3.730 Thread 0x0131e800 Uncommon trap: reason=unstable_if action=reinterpret pc=0x035a21c4 method=scala.reflect.internal.SymbolTable.NoSymbol()Lscala/reflect/internal/Symbols$NoSymbol; @ 9
Event: 3.731 Thread 0x0131e800 Uncommon trap: reason=unstable_if action=reinterpret pc=0x03621404 method=scala.reflect.internal.SymbolTable.tpnme()Lscala/reflect/internal/StdNames$tpnme$; @ 4
Event: 3.827 Thread 0x0131e800 Uncommon trap: reason=unstable_if action=reinterpret pc=0x0352bf04 method=sun.util.calendar.CalendarUtils.isGregorianLeapYear(I)Z @ 3
Event: 3.827 Thread 0x0131e800 Uncommon trap: reason=unstable_if action=reinterpret pc=0x035298e8 method=sun.util.calendar.CalendarUtils.isGregorianLeapYear(I)Z @ 3
Event: 3.827 Thread 0x0131e800 Uncommon trap: reason=unstable_if action=reinterpret pc=0x035285c4 method=sun.util.calendar.CalendarUtils.isGregorianLeapYear(I)Z @ 3
Event: 3.827 Thread 0x0131e800 Uncommon trap: reason=unstable_if action=reinterpret pc=0x03521910 method=sun.util.calendar.CalendarUtils.isGregorianLeapYear(I)Z @ 3
Event: 3.849 Thread 0x0131e800 Uncommon trap: reason=unstable_if action=reinterpret pc=0x034fb27c method=java.util.zip.ZipEntry.getTime()J @ 4

Classes redefined (0 events):
No events

Internal exceptions (10 events):
Event: 3.513 Thread 0x0131e800 Exception <a 'java/lang/NoSuchMethodError': java.lang.Object.$anonfun$enumerationAsScalaIteratorConverter$1(Lscala/collection/convert/DecorateAsScala;Ljava/util/Enumeration;)Lscala/collection/Iterator;> (0x545168e0) thrown at [C:\openjdk\jdk8u\hotspot\src
Event: 3.530 Thread 0x0131e800 Exception <a 'java/security/PrivilegedActionException'> (0x546549a8) thrown at [C:\openjdk\jdk8u\hotspot\src\share\vm\prims\jvm.cpp, line 1514]
Event: 3.530 Thread 0x0131e800 Exception <a 'java/security/PrivilegedActionException'> (0x54655148) thrown at [C:\openjdk\jdk8u\hotspot\src\share\vm\prims\jvm.cpp, line 1514]
Event: 3.530 Thread 0x0131e800 Exception <a 'java/security/PrivilegedActionException'> (0x54657620) thrown at [C:\openjdk\jdk8u\hotspot\src\share\vm\prims\jvm.cpp, line 1514]
Event: 3.530 Thread 0x0131e800 Exception <a 'java/security/PrivilegedActionException'> (0x54657dc0) thrown at [C:\openjdk\jdk8u\hotspot\src\share\vm\prims\jvm.cpp, line 1514]
Event: 3.614 Thread 0x0131e800 Exception <a 'sun/nio/fs/WindowsException'> (0x54b7a768) thrown at [C:\openjdk\jdk8u\hotspot\src\share\vm\prims\jni.cpp, line 709]
Event: 3.615 Thread 0x0131e800 Exception <a 'sun/nio/fs/WindowsException'> (0x54b8d230) thrown at [C:\openjdk\jdk8u\hotspot\src\share\vm\prims\jni.cpp, line 709]
Event: 3.661 Thread 0x0131e800 Exception <a 'java/lang/NoSuchMethodError': java.lang.Object.$anonfun$pattern3$1(Lscala/tools/nsc/ast/parser/Parsers$Parser$SeqContextSensitive;)Lscala/reflect/internal/Trees$Tree;> (0x54dd7cf8) thrown at [C:\openjdk\jdk8u\hotspot\src\share\vm\interpreter
Event: 3.661 Thread 0x0131e800 Exception <a 'java/lang/NoSuchMethodError': java.lang.Object.$anonfun$pattern3$4(Lscala/tools/nsc/ast/parser/Parsers$Parser$SeqContextSensitive;Lscala/reflect/internal/Trees$Tree;Lscala/collection/immutable/List;)Lscala/reflect/internal/Trees$Tree;> (0x54
Event: 3.662 Thread 0x0131e800 Exception <a 'java/lang/NoSuchMethodError': java.lang.Object.$anonfun$init$1$adapted(Lscala/runtime/BooleanRef;Lscala/collection/mutable/Builder;Lscala/runtime/ObjectRef;Ljava/lang/Object;)Ljava/lang/Object;> (0x54de56f8) thrown at [C:\openjdk\jdk8u\hotsp

Events (10 events):
Event: 3.827 Thread 0x0131e800 DEOPT UNPACKING pc=0x02f9abbc sp=0x0172c0a8 mode 2
Event: 3.827 Thread 0x0131e800 Uncommon trap: trap_request=0xffffff65 fr.pc=0x035285c4
Event: 3.827 Thread 0x0131e800 DEOPT PACKING pc=0x035285c4 sp=0x0172c150
Event: 3.827 Thread 0x0131e800 DEOPT UNPACKING pc=0x02f9abbc sp=0x0172c060 mode 2
Event: 3.827 Thread 0x0131e800 Uncommon trap: trap_request=0xffffff65 fr.pc=0x03521910
Event: 3.827 Thread 0x0131e800 DEOPT PACKING pc=0x03521910 sp=0x0172c0f0
Event: 3.827 Thread 0x0131e800 DEOPT UNPACKING pc=0x02f9abbc sp=0x0172c054 mode 2
Event: 3.849 Thread 0x0131e800 Uncommon trap: trap_request=0xffffff65 fr.pc=0x034fb27c
Event: 3.849 Thread 0x0131e800 DEOPT PACKING pc=0x034fb27c sp=0x0172c3e0
Event: 3.849 Thread 0x0131e800 DEOPT UNPACKING pc=0x02f9abbc sp=0x0172c3e4 mode 2


Dynamic libraries:
0x00090000 - 0x000d0000 	F:\JDK\bin\java.exe
0x77a20000 - 0x77bc4000 	C:\WINDOWS\SYSTEM32\ntdll.dll
0x77120000 - 0x77210000 	C:\WINDOWS\System32\KERNEL32.DLL
0x75a90000 - 0x75cca000 	C:\WINDOWS\System32\KERNELBASE.dll
0x75800000 - 0x7589f000 	C:\WINDOWS\SYSTEM32\apphelp.dll
0x770a0000 - 0x7711e000 	C:\WINDOWS\System32\ADVAPI32.dll
0x75e70000 - 0x75f2f000 	C:\WINDOWS\System32\msvcrt.dll
0x758c0000 - 0x75938000 	C:\WINDOWS\System32\sechost.dll
0x759a0000 - 0x75a5f000 	C:\WINDOWS\System32\RPCRT4.dll
0x76100000 - 0x76119000 	C:\WINDOWS\System32\bcrypt.dll
0x767e0000 - 0x7697c000 	C:\WINDOWS\System32\USER32.dll
0x76f40000 - 0x76f58000 	C:\WINDOWS\System32\win32u.dll
0x75a60000 - 0x75a84000 	C:\WINDOWS\System32\GDI32.dll
0x763a0000 - 0x76488000 	C:\WINDOWS\System32\gdi32full.dll
0x764f0000 - 0x7656b000 	C:\WINDOWS\System32\msvcp_win.dll
0x75cd0000 - 0x75df0000 	C:\WINDOWS\System32\ucrtbase.dll
0x755a0000 - 0x757b0000 	C:\WINDOWS\WinSxS\x86_microsoft.windows.common-controls_6595b64144ccf1df_6.0.19041.3636_none_a863d714867441db\COMCTL32.dll
0x779d0000 - 0x779f5000 	C:\WINDOWS\System32\IMM32.DLL
0x757e0000 - 0x757f4000 	F:\JDK\jre\bin\vcruntime140.dll
0x75530000 - 0x7559d000 	F:\JDK\jre\bin\msvcp140.dll
0x74ed0000 - 0x7552d000 	F:\JDK\jre\bin\server\jvm.dll
0x77a00000 - 0x77a06000 	C:\WINDOWS\System32\PSAPI.DLL
0x757d0000 - 0x757d8000 	C:\WINDOWS\SYSTEM32\WSOCK32.dll
0x76f60000 - 0x76fc3000 	C:\WINDOWS\System32\WS2_32.dll
0x74ea0000 - 0x74ec8000 	C:\WINDOWS\SYSTEM32\WINMM.dll
0x757b0000 - 0x757b8000 	C:\WINDOWS\SYSTEM32\VERSION.dll
0x757c0000 - 0x757cf000 	C:\WINDOWS\SYSTEM32\kernel.appcore.dll
0x74e90000 - 0x74e9d000 	F:\JDK\jre\bin\verify.dll
0x74e60000 - 0x74e84000 	F:\JDK\jre\bin\java.dll
0x74e40000 - 0x74e56000 	F:\JDK\jre\bin\zip.dll
0x76980000 - 0x76f37000 	C:\WINDOWS\System32\SHELL32.dll
0x74820000 - 0x74e33000 	C:\WINDOWS\SYSTEM32\windows.storage.dll
0x77750000 - 0x779d0000 	C:\WINDOWS\System32\combase.dll
0x747f0000 - 0x74814000 	C:\WINDOWS\SYSTEM32\Wldp.dll
0x77210000 - 0x77297000 	C:\WINDOWS\System32\SHCORE.dll
0x76730000 - 0x76775000 	C:\WINDOWS\System32\shlwapi.dll
0x747d0000 - 0x747ec000 	C:\WINDOWS\SYSTEM32\profapi.dll
0x747b0000 - 0x747c7000 	F:\JDK\jre\bin\net.dll
0x74750000 - 0x747a2000 	C:\WINDOWS\system32\mswsock.dll
0x74740000 - 0x7474f000 	F:\JDK\jre\bin\nio.dll
0x736a0000 - 0x736b3000 	C:\WINDOWS\SYSTEM32\CRYPTSP.dll
0x75e40000 - 0x75e6f000 	C:\WINDOWS\system32\rsaenh.dll
0x76050000 - 0x76075000 	C:\WINDOWS\SYSTEM32\USERENV.dll
0x76080000 - 0x760df000 	C:\WINDOWS\System32\bcryptprimitives.dll
0x75990000 - 0x7599a000 	C:\WINDOWS\SYSTEM32\CRYPTBASE.dll
0x76320000 - 0x76352000 	C:\WINDOWS\SYSTEM32\IPHLPAPI.DLL
0x760e0000 - 0x760e7000 	C:\WINDOWS\System32\NSI.dll
0x76360000 - 0x76374000 	C:\WINDOWS\SYSTEM32\dhcpcsvc6.DLL
0x76380000 - 0x76396000 	C:\WINDOWS\SYSTEM32\dhcpcsvc.DLL
0x76670000 - 0x76700000 	C:\WINDOWS\SYSTEM32\DNSAPI.dll
0x76490000 - 0x764c8000 	C:\Users\Ирина и Виктор\AppData\Local\Temp\jna-1508233013\jna1581023123696666697.dll
0x76700000 - 0x76721000 	C:\Users\Ирина и Виктор\AppData\Local\Temp\jansi-2.4.1-526798a5234bc1dc-jansi.dll
0x760f0000 - 0x760fc000 	F:\JDK\jre\bin\management.dll

VM Arguments:
jvm_args: -Xmx1536M -Dsbt.supershell=false -Didea.managed=true -Dfile.encoding=UTF-8 -Didea.installation.dir=F:\IntelliJ IDEA 2023.3.4 -Dsbt.log.noformat=true 
java_command: C:\Users\Ирина и Виктор\AppData\Roaming\JetBrains\IntelliJIdea2023.3\plugins\Scala\launcher\sbt-launch.jar early(addPluginSbtFile="""C:\Users\CD17~1\AppData\Local\Temp\idea1.sbt""") ; set ideaPort in Global := 58886 ; idea-shell
java_class_path (initial): C:\Users\Ирина и Виктор\AppData\Roaming\JetBrains\IntelliJIdea2023.3\plugins\Scala\launcher\sbt-launch.jar
Launcher Type: SUN_STANDARD

Environment Variables:
PATH=C:\ProgramData\Oracle\Java\javapath;C:\Users\Ирина и Виктор\gcc\bin;C:\Users\Ирина и Виктор\gcc\libexec\gcc\x86_64-w64-mingw32\10.2.0;C:\WINDOWS\system32;C:\WINDOWS;C:\WINDOWS\System32\Wbem;C:\WINDOWS\System32\WindowsPowerShell\v1.0\;C:\WINDOWS\System32\OpenSSH\;C:\Program Files\dotnet\;C:\Program Files\Microsoft SQL Server\130\Tools\Binn\;F:\Git\cmd;F:\Scala\bin;C:\Users\Ирина и Виктор\AppData\Local\Microsoft\WindowsApps;;C:\Users\????? ? ??????\AppData\Local\Coursier\data\bin;F:\IntelliJ IDEA 2023.3.4\bin;
USERNAME=Ирина и Виктор
OS=Windows_NT
PROCESSOR_IDENTIFIER=Intel64 Family 6 Model 42 Stepping 7, GenuineIntel



---------------  S Y S T E M  ---------------

OS: Windows 10 , 64 bit Build 19041 (10.0.19041.3636)

CPU:total 4 (initial active 4) (4 cores per cpu, 1 threads per core) family 6 model 42 stepping 7, cmov, cx8, fxsr, mmx, sse, sse2, sse3, ssse3, sse4.1, sse4.2, popcnt, avx, aes, clmul, tsc, tscinvbit

Memory: 4k page, physical 4176188k(855784k free), swap 8370492k(1965388k free)

vm_info: OpenJDK Server VM (25.402-b06) for windows-x86 JRE (1.8.0_402-402-b06), built on Jan 30 2024 04:56:32 by "Administrator" with MS VC++ 16.10 / 16.11 (VS2019)

time: Fri Mar  8 22:34:07 2024
timezone: Intel64 Family 6 Model 42 Stepping 7, GenuineIntel
elapsed time: 3.893821 seconds (0d 0h 0m 3s)

