#
# There is insufficient memory for the Java Runtime Environment to continue.
# Native memory allocation (malloc) failed to allocate 1326632 bytes for Chunk::new
# Possible reasons:
#   The system is out of physical RAM or swap space
#   In 32 bit mode, the process size limit was hit
# Possible solutions:
#   Reduce memory load on the system
#   Increase physical memory or swap space
#   Check if swap backing store is full
#   Use 64 bit Java on a 64 bit OS
#   Decrease Java heap size (-Xmx/-Xms)
#   Decrease number of Java threads
#   Decrease Java thread stack sizes (-Xss)
#   Set larger code cache with -XX:ReservedCodeCacheSize=
# This output file may be truncated or incomplete.
#
#  Out of Memory Error (allocation.cpp:389), pid=10396, tid=0x000015e4
#
# JRE version: OpenJDK Runtime Environment (8.0_402-b06) (build 1.8.0_402-402-b06)
# Java VM: OpenJDK Server VM (25.402-b06 mixed mode windows-x86 )
# Failed to write core dump. Minidumps are not enabled by default on client versions of Windows
#

---------------  T H R E A D  ---------------

Current thread (0x00544400):  JavaThread "C2 CompilerThread1" daemon [_thread_in_native, id=5604, stack(0x76600000,0x76650000)]

Stack: [0x76600000,0x76650000],  sp=0x7664cf9c,  free space=307k
Native frames: (J=compiled Java code, j=interpreted, Vv=VM code, C=native code)
V  [jvm.dll+0x1c95d8]
V  [jvm.dll+0x1c14b3]
V  [jvm.dll+0x88990]
V  [jvm.dll+0x891cb]
V  [jvm.dll+0x380d18]
V  [jvm.dll+0x34f737]
V  [jvm.dll+0x356f14]
V  [jvm.dll+0x3564b7]
V  [jvm.dll+0x344646]
V  [jvm.dll+0x69332]
V  [jvm.dll+0x67e23]
V  [jvm.dll+0x19811d]
V  [jvm.dll+0x1dd0bb]
C  [ucrtbase.dll+0x44f9f]
C  [KERNEL32.DLL+0x1fcc9]
C  [ntdll.dll+0x67c6e]
C  [ntdll.dll+0x67c3e]
C  0x00000000


Current CompileTask:
C2:   3868 3446   !   4       java.net.URLClassLoader$1::run (81 bytes)


---------------  P R O C E S S  ---------------

Java Threads: ( => current thread )
  0x7964e800 JavaThread "sbt-command-exchange-fastTrack" daemon [_thread_blocked, id=3812, stack(0x7ea20000,0x7ea70000)]
  0x79651c00 JavaThread "classloader-cache-cleanup-0" daemon [_thread_blocked, id=6608, stack(0x7e890000,0x7e8e0000)]
  0x79650400 JavaThread "sbt-console-input-reader" [_thread_blocked, id=5484, stack(0x7e5b0000,0x7e600000)]
  0x79653000 JavaThread "boot-server-socket-thread-1" [_thread_in_native, id=9772, stack(0x7e0d0000,0x7e120000)]
  0x79652400 JavaThread "JNA Cleaner" daemon [_thread_blocked, id=396, stack(0x7de80000,0x7ded0000)]
  0x79651000 JavaThread "pool-1-thread-3" [_thread_blocked, id=6916, stack(0x79970000,0x799c0000)]
  0x004a9800 JavaThread "pool-1-thread-2" [_thread_blocked, id=6040, stack(0x77960000,0x779b0000)]
  0x004a8c00 JavaThread "pool-1-thread-1" [_thread_blocked, id=7616, stack(0x76fd0000,0x77020000)]
  0x004a6800 JavaThread "Service Thread" daemon [_thread_blocked, id=10796, stack(0x76780000,0x767d0000)]
  0x00543000 JavaThread "C1 CompilerThread2" daemon [_thread_blocked, id=5424, stack(0x76690000,0x766e0000)]
=>0x00544400 JavaThread "C2 CompilerThread1" daemon [_thread_in_native, id=5604, stack(0x76600000,0x76650000)]
  0x00542800 JavaThread "C2 CompilerThread0" daemon [_thread_in_native, id=7212, stack(0x76570000,0x765c0000)]
  0x004a7000 JavaThread "Attach Listener" daemon [_thread_blocked, id=508, stack(0x76490000,0x764e0000)]
  0x004a7c00 JavaThread "Signal Dispatcher" daemon [_thread_blocked, id=10720, stack(0x75df0000,0x75e40000)]
  0x004a8400 JavaThread "Finalizer" daemon [_thread_blocked, id=9632, stack(0x74ca0000,0x74cf0000)]
  0x004a7800 JavaThread "Reference Handler" daemon [_thread_blocked, id=1132, stack(0x74c10000,0x74c60000)]
  0x004a6400 JavaThread "main" [_thread_in_native, id=7252, stack(0x01f70000,0x01fc0000)]

Other Threads:
  0x74e18800 VMThread [stack: 0x74b80000,0x74bd0000] [id=5444]
  0x761adc00 WatcherThread [stack: 0x76e20000,0x76e70000] [id=5092]

VM state:not at safepoint (normal execution)

VM Mutex/Monitor currently owned by a thread: None

Heap:
 PSYoungGen      total 87552K, used 63643K [0x51400000, 0x589c0000, 0x71400000)
  eden space 79872K, 70% used [0x51400000,0x54aaad30,0x56200000)
  from space 7680K, 99% used [0x56e80000,0x575fc170,0x57600000)
  to   space 12800K, 0% used [0x56200000,0x56200000,0x56e80000)
 ParOldGen       total 50688K, used 19852K [0x11400000, 0x14580000, 0x51400000)
  object space 50688K, 39% used [0x11400000,0x12763380,0x14580000)
 Metaspace       used 37241K, capacity 39126K, committed 39168K, reserved 39296K

Card table byte_map: [0x71400000,0x71710000] byte_map_base: 0x71376000

Marking Bits: (ParMarkBitMap*) 0x754bf700
 Begin Bits: [0x71b10000, 0x73310000)
 End Bits:   [0x73310000, 0x74b10000)

Polling page: 0x006b0000

CodeCache: size=245760Kb used=8749Kb max_used=8749Kb free=237010Kb
 bounds [0x01fe0000, 0x02870000, 0x10fe0000]
 total_blobs=3935 nmethods=3674 adapters=173
 compilation: enabled

Compilation events (10 events):
Event: 3.844 Thread 0x00543000 3693       2       java.nio.file.attribute.FileTime::<init> (21 bytes)
Event: 3.844 Thread 0x00543000 nmethod 3693 0x028692c8 code [0x028693c0, 0x028694c0]
Event: 3.845 Thread 0x00543000 3695       2       java.util.zip.ZipEntry::getTime (40 bytes)
Event: 3.845 Thread 0x00543000 nmethod 3695 0x02869548 code [0x02869660, 0x028697d8]
Event: 3.849 Thread 0x00543000 3697       2       java.util.concurrent.TimeUnit::x (27 bytes)
Event: 3.849 Thread 0x00543000 nmethod 3697 0x028698c8 code [0x028699c0, 0x02869ae0]
Event: 3.849 Thread 0x00543000 3698       2       java.nio.file.attribute.FileTime::toMillis (98 bytes)
Event: 3.849 Thread 0x00543000 nmethod 3698 0x02869b48 code [0x02869c80, 0x02869f64]
Event: 3.855 Thread 0x00543000 3699       2       scala.tools.nsc.classpath.FileUtils$::mayBeValidPackage (52 bytes)
Event: 3.856 Thread 0x00543000 nmethod 3699 0x0286a0c8 code [0x0286a200, 0x0286a3e4]

GC Heap History (10 events):
Event: 1.431 GC heap before
{Heap before GC invocations=6 (full 1):
 PSYoungGen      total 35840K, used 2550K [0x51400000, 0x56180000, 0x71400000)
  eden space 33280K, 0% used [0x51400000,0x51400000,0x53480000)
  from space 2560K, 99% used [0x53480000,0x536fd978,0x53700000)
  to   space 6400K, 0% used [0x55b40000,0x55b40000,0x56180000)
 ParOldGen       total 43776K, used 11324K [0x11400000, 0x13ec0000, 0x51400000)
  object space 43776K, 25% used [0x11400000,0x11f0f3f0,0x13ec0000)
 Metaspace       used 15822K, capacity 16368K, committed 16384K, reserved 16768K
Event: 1.453 GC heap after
Heap after GC invocations=6 (full 1):
 PSYoungGen      total 35840K, used 0K [0x51400000, 0x56180000, 0x71400000)
  eden space 33280K, 0% used [0x51400000,0x51400000,0x53480000)
  from space 2560K, 0% used [0x53480000,0x53480000,0x53700000)
  to   space 6400K, 0% used [0x55b40000,0x55b40000,0x56180000)
 ParOldGen       total 31744K, used 4618K [0x11400000, 0x13300000, 0x51400000)
  object space 31744K, 14% used [0x11400000,0x11882808,0x13300000)
 Metaspace       used 15822K, capacity 16368K, committed 16384K, reserved 16768K
}
Event: 1.839 GC heap before
{Heap before GC invocations=7 (full 1):
 PSYoungGen      total 35840K, used 33280K [0x51400000, 0x56180000, 0x71400000)
  eden space 33280K, 100% used [0x51400000,0x53480000,0x53480000)
  from space 2560K, 0% used [0x53480000,0x53480000,0x53700000)
  to   space 6400K, 0% used [0x55b40000,0x55b40000,0x56180000)
 ParOldGen       total 31744K, used 4618K [0x11400000, 0x13300000, 0x51400000)
  object space 31744K, 14% used [0x11400000,0x11882808,0x13300000)
 Metaspace       used 20505K, capacity 21180K, committed 21248K, reserved 21888K
Event: 1.848 GC heap after
Heap after GC invocations=7 (full 1):
 PSYoungGen      total 59904K, used 6326K [0x51400000, 0x56180000, 0x71400000)
  eden space 53504K, 0% used [0x51400000,0x51400000,0x54840000)
  from space 6400K, 98% used [0x55b40000,0x5616da68,0x56180000)
  to   space 7168K, 0% used [0x55380000,0x55380000,0x55a80000)
 ParOldGen       total 31744K, used 4618K [0x11400000, 0x13300000, 0x51400000)
  object space 31744K, 14% used [0x11400000,0x11882808,0x13300000)
 Metaspace       used 20505K, capacity 21180K, committed 21248K, reserved 21888K
}
Event: 2.276 GC heap before
{Heap before GC invocations=8 (full 1):
 PSYoungGen      total 59904K, used 42448K [0x51400000, 0x56180000, 0x71400000)
  eden space 53504K, 67% used [0x51400000,0x537466b8,0x54840000)
  from space 6400K, 98% used [0x55b40000,0x5616da68,0x56180000)
  to   space 7168K, 0% used [0x55380000,0x55380000,0x55a80000)
 ParOldGen       total 31744K, used 4618K [0x11400000, 0x13300000, 0x51400000)
  object space 31744K, 14% used [0x11400000,0x11882808,0x13300000)
 Metaspace       used 26159K, capacity 27293K, committed 27308K, reserved 28032K
Event: 2.283 GC heap after
Heap after GC invocations=8 (full 1):
 PSYoungGen      total 72192K, used 7063K [0x51400000, 0x57600000, 0x71400000)
  eden space 65024K, 0% used [0x51400000,0x51400000,0x55380000)
  from space 7168K, 98% used [0x55380000,0x55a65ed8,0x55a80000)
  to   space 7680K, 0% used [0x56e80000,0x56e80000,0x57600000)
 ParOldGen       total 31744K, used 4622K [0x11400000, 0x13300000, 0x51400000)
  object space 31744K, 14% used [0x11400000,0x11883808,0x13300000)
 Metaspace       used 26159K, capacity 27293K, committed 27308K, reserved 28032K
}
Event: 2.283 GC heap before
{Heap before GC invocations=9 (full 2):
 PSYoungGen      total 72192K, used 7063K [0x51400000, 0x57600000, 0x71400000)
  eden space 65024K, 0% used [0x51400000,0x51400000,0x55380000)
  from space 7168K, 98% used [0x55380000,0x55a65ed8,0x55a80000)
  to   space 7680K, 0% used [0x56e80000,0x56e80000,0x57600000)
 ParOldGen       total 31744K, used 4622K [0x11400000, 0x13300000, 0x51400000)
  object space 31744K, 14% used [0x11400000,0x11883808,0x13300000)
 Metaspace       used 26159K, capacity 27293K, committed 27308K, reserved 28032K
Event: 2.315 GC heap after
Heap after GC invocations=9 (full 2):
 PSYoungGen      total 72192K, used 0K [0x51400000, 0x57600000, 0x71400000)
  eden space 65024K, 0% used [0x51400000,0x51400000,0x55380000)
  from space 7168K, 0% used [0x55380000,0x55380000,0x55a80000)
  to   space 7680K, 0% used [0x56e80000,0x56e80000,0x57600000)
 ParOldGen       total 50688K, used 10355K [0x11400000, 0x14580000, 0x51400000)
  object space 50688K, 20% used [0x11400000,0x11e1cef0,0x14580000)
 Metaspace       used 26159K, capacity 27293K, committed 27308K, reserved 28032K
}
Event: 3.010 GC heap before
{Heap before GC invocations=10 (full 2):
 PSYoungGen      total 72192K, used 65024K [0x51400000, 0x57600000, 0x71400000)
  eden space 65024K, 100% used [0x51400000,0x55380000,0x55380000)
  from space 7168K, 0% used [0x55380000,0x55380000,0x55a80000)
  to   space 7680K, 0% used [0x56e80000,0x56e80000,0x57600000)
 ParOldGen       total 50688K, used 10355K [0x11400000, 0x14580000, 0x51400000)
  object space 50688K, 20% used [0x11400000,0x11e1cef0,0x14580000)
 Metaspace       used 31471K, capacity 32956K, committed 33024K, reserved 33152K
Event: 3.027 GC heap after
Heap after GC invocations=10 (full 2):
 PSYoungGen      total 87552K, used 7664K [0x51400000, 0x589c0000, 0x71400000)
  eden space 79872K, 0% used [0x51400000,0x51400000,0x56200000)
  from space 7680K, 99% used [0x56e80000,0x575fc170,0x57600000)
  to   space 12800K, 0% used [0x56200000,0x56200000,0x56e80000)
 ParOldGen       total 50688K, used 19852K [0x11400000, 0x14580000, 0x51400000)
  object space 50688K, 39% used [0x11400000,0x12763380,0x14580000)
 Metaspace       used 31471K, capacity 32956K, committed 33024K, reserved 33152K
}

Deoptimization events (10 events):
Event: 3.361 Thread 0x004a9000 Uncommon trap: reason=unstable_if action=reinterpret pc=0x02575e28 method=scala.collection.mutable.HashTable.findOrAddEntry(Ljava/lang/Object;Ljava/lang/Object;)Lscala/collection/mutable/HashEntry; @ 24
Event: 3.405 Thread 0x004a6400 Uncommon trap: reason=class_check action=maybe_recompile pc=0x0254d8fc method=scala.Option.isDefined()Z @ 1
Event: 3.611 Thread 0x004a6400 Uncommon trap: reason=unstable_if action=reinterpret pc=0x025f07dc method=sun.nio.cs.UTF_8$Decoder.decodeArrayLoop(Ljava/nio/ByteBuffer;Ljava/nio/CharBuffer;)Ljava/nio/charset/CoderResult; @ 84
Event: 3.744 Thread 0x004a6400 Uncommon trap: reason=predicate action=maybe_recompile pc=0x02673f80 method=scala.reflect.internal.Names.enterChars([CII)V @ 9
Event: 3.747 Thread 0x004a6400 Uncommon trap: reason=unstable_if action=reinterpret pc=0x026ac444 method=scala.reflect.internal.SymbolTable.tpnme()Lscala/reflect/internal/StdNames$tpnme$; @ 4
Event: 3.824 Thread 0x004a6400 Uncommon trap: reason=unstable_if action=reinterpret pc=0x025bd6fc method=sun.util.calendar.CalendarUtils.isGregorianLeapYear(I)Z @ 3
Event: 3.824 Thread 0x004a6400 Uncommon trap: reason=unstable_if action=reinterpret pc=0x025c9fe8 method=sun.util.calendar.CalendarUtils.isGregorianLeapYear(I)Z @ 3
Event: 3.824 Thread 0x004a6400 Uncommon trap: reason=unstable_if action=reinterpret pc=0x025d353c method=sun.util.calendar.CalendarUtils.isGregorianLeapYear(I)Z @ 3
Event: 3.824 Thread 0x004a6400 Uncommon trap: reason=unstable_if action=reinterpret pc=0x025c5ad0 method=sun.util.calendar.CalendarUtils.isGregorianLeapYear(I)Z @ 3
Event: 3.844 Thread 0x004a6400 Uncommon trap: reason=unstable_if action=reinterpret pc=0x02591834 method=java.util.zip.ZipEntry.getTime()J @ 4

Classes redefined (0 events):
No events

Internal exceptions (10 events):
Event: 3.507 Thread 0x004a6400 Exception <a 'java/lang/NoSuchMethodError': java.lang.Object.$anonfun$enumerationAsScalaIteratorConverter$1(Lscala/collection/convert/DecorateAsScala;Ljava/util/Enumeration;)Lscala/collection/Iterator;> (0x5360fe68) thrown at [C:\openjdk\jdk8u\hotspot\src
Event: 3.522 Thread 0x004a6400 Exception <a 'java/security/PrivilegedActionException'> (0x5374d358) thrown at [C:\openjdk\jdk8u\hotspot\src\share\vm\prims\jvm.cpp, line 1514]
Event: 3.523 Thread 0x004a6400 Exception <a 'java/security/PrivilegedActionException'> (0x5374daf8) thrown at [C:\openjdk\jdk8u\hotspot\src\share\vm\prims\jvm.cpp, line 1514]
Event: 3.523 Thread 0x004a6400 Exception <a 'java/security/PrivilegedActionException'> (0x5374ffd0) thrown at [C:\openjdk\jdk8u\hotspot\src\share\vm\prims\jvm.cpp, line 1514]
Event: 3.523 Thread 0x004a6400 Exception <a 'java/security/PrivilegedActionException'> (0x53750770) thrown at [C:\openjdk\jdk8u\hotspot\src\share\vm\prims\jvm.cpp, line 1514]
Event: 3.610 Thread 0x004a6400 Exception <a 'sun/nio/fs/WindowsException'> (0x53c73de0) thrown at [C:\openjdk\jdk8u\hotspot\src\share\vm\prims\jni.cpp, line 709]
Event: 3.611 Thread 0x004a6400 Exception <a 'sun/nio/fs/WindowsException'> (0x53c87240) thrown at [C:\openjdk\jdk8u\hotspot\src\share\vm\prims\jni.cpp, line 709]
Event: 3.672 Thread 0x004a6400 Exception <a 'java/lang/NoSuchMethodError': java.lang.Object.$anonfun$pattern3$1(Lscala/tools/nsc/ast/parser/Parsers$Parser$SeqContextSensitive;)Lscala/reflect/internal/Trees$Tree;> (0x53ed3688) thrown at [C:\openjdk\jdk8u\hotspot\src\share\vm\interpreter
Event: 3.673 Thread 0x004a6400 Exception <a 'java/lang/NoSuchMethodError': java.lang.Object.$anonfun$pattern3$4(Lscala/tools/nsc/ast/parser/Parsers$Parser$SeqContextSensitive;Lscala/reflect/internal/Trees$Tree;Lscala/collection/immutable/List;)Lscala/reflect/internal/Trees$Tree;> (0x53
Event: 3.674 Thread 0x004a6400 Exception <a 'java/lang/NoSuchMethodError': java.lang.Object.$anonfun$init$1$adapted(Lscala/runtime/BooleanRef;Lscala/collection/mutable/Builder;Lscala/runtime/ObjectRef;Ljava/lang/Object;)Ljava/lang/Object;> (0x53ee1088) thrown at [C:\openjdk\jdk8u\hotsp

Events (10 events):
Event: 3.824 Thread 0x004a6400 DEOPT UNPACKING pc=0x0201abbc sp=0x01fbc358 mode 2
Event: 3.824 Thread 0x004a6400 Uncommon trap: trap_request=0xffffff65 fr.pc=0x025d353c
Event: 3.824 Thread 0x004a6400 DEOPT PACKING pc=0x025d353c sp=0x01fbc400
Event: 3.824 Thread 0x004a6400 DEOPT UNPACKING pc=0x0201abbc sp=0x01fbc310 mode 2
Event: 3.824 Thread 0x004a6400 Uncommon trap: trap_request=0xffffff65 fr.pc=0x025c5ad0
Event: 3.824 Thread 0x004a6400 DEOPT PACKING pc=0x025c5ad0 sp=0x01fbc3a0
Event: 3.824 Thread 0x004a6400 DEOPT UNPACKING pc=0x0201abbc sp=0x01fbc304 mode 2
Event: 3.844 Thread 0x004a6400 Uncommon trap: trap_request=0xffffff65 fr.pc=0x02591834
Event: 3.844 Thread 0x004a6400 DEOPT PACKING pc=0x02591834 sp=0x01fbc620
Event: 3.844 Thread 0x004a6400 DEOPT UNPACKING pc=0x0201abbc sp=0x01fbc624 mode 2


Dynamic libraries:
0x006e0000 - 0x00720000 	F:\JDK\bin\java.exe
0x77a20000 - 0x77bc4000 	C:\WINDOWS\SYSTEM32\ntdll.dll
0x77120000 - 0x77210000 	C:\WINDOWS\System32\KERNEL32.DLL
0x75a90000 - 0x75cca000 	C:\WINDOWS\System32\KERNELBASE.dll
0x75800000 - 0x7589f000 	C:\WINDOWS\SYSTEM32\apphelp.dll
0x770a0000 - 0x7711e000 	C:\WINDOWS\System32\ADVAPI32.dll
0x75e70000 - 0x75f2f000 	C:\WINDOWS\System32\msvcrt.dll
0x758c0000 - 0x75938000 	C:\WINDOWS\System32\sechost.dll
0x759a0000 - 0x75a5f000 	C:\WINDOWS\System32\RPCRT4.dll
0x76100000 - 0x76119000 	C:\WINDOWS\System32\bcrypt.dll
0x767e0000 - 0x7697c000 	C:\WINDOWS\System32\USER32.dll
0x76f40000 - 0x76f58000 	C:\WINDOWS\System32\win32u.dll
0x75a60000 - 0x75a84000 	C:\WINDOWS\System32\GDI32.dll
0x763a0000 - 0x76488000 	C:\WINDOWS\System32\gdi32full.dll
0x764f0000 - 0x7656b000 	C:\WINDOWS\System32\msvcp_win.dll
0x75cd0000 - 0x75df0000 	C:\WINDOWS\System32\ucrtbase.dll
0x755a0000 - 0x757b0000 	C:\WINDOWS\WinSxS\x86_microsoft.windows.common-controls_6595b64144ccf1df_6.0.19041.3636_none_a863d714867441db\COMCTL32.dll
0x779d0000 - 0x779f5000 	C:\WINDOWS\System32\IMM32.DLL
0x757e0000 - 0x757f4000 	F:\JDK\jre\bin\vcruntime140.dll
0x75530000 - 0x7559d000 	F:\JDK\jre\bin\msvcp140.dll
0x74ed0000 - 0x7552d000 	F:\JDK\jre\bin\server\jvm.dll
0x77a00000 - 0x77a06000 	C:\WINDOWS\System32\PSAPI.DLL
0x757d0000 - 0x757d8000 	C:\WINDOWS\SYSTEM32\WSOCK32.dll
0x76f60000 - 0x76fc3000 	C:\WINDOWS\System32\WS2_32.dll
0x74ea0000 - 0x74ec8000 	C:\WINDOWS\SYSTEM32\WINMM.dll
0x757b0000 - 0x757b8000 	C:\WINDOWS\SYSTEM32\VERSION.dll
0x757c0000 - 0x757cf000 	C:\WINDOWS\SYSTEM32\kernel.appcore.dll
0x74e90000 - 0x74e9d000 	F:\JDK\jre\bin\verify.dll
0x74e60000 - 0x74e84000 	F:\JDK\jre\bin\java.dll
0x74e40000 - 0x74e56000 	F:\JDK\jre\bin\zip.dll
0x77bd0000 - 0x78187000 	C:\WINDOWS\System32\SHELL32.dll
0x78190000 - 0x787a3000 	C:\WINDOWS\SYSTEM32\windows.storage.dll
0x787b0000 - 0x78a30000 	C:\WINDOWS\System32\combase.dll
0x74cf0000 - 0x74d14000 	C:\WINDOWS\SYSTEM32\Wldp.dll
0x76040000 - 0x760c7000 	C:\WINDOWS\System32\SHCORE.dll
0x76730000 - 0x76775000 	C:\WINDOWS\System32\shlwapi.dll
0x113e0000 - 0x113fc000 	C:\WINDOWS\SYSTEM32\profapi.dll
0x74e20000 - 0x74e37000 	F:\JDK\jre\bin\net.dll
0x76e70000 - 0x76ec2000 	C:\WINDOWS\system32\mswsock.dll
0x758a0000 - 0x758af000 	F:\JDK\jre\bin\nio.dll
0x75980000 - 0x75993000 	C:\WINDOWS\SYSTEM32\CRYPTSP.dll
0x75e40000 - 0x75e6f000 	C:\WINDOWS\system32\rsaenh.dll
0x76f10000 - 0x76f35000 	C:\WINDOWS\SYSTEM32\USERENV.dll
0x7b3d0000 - 0x7b42f000 	C:\WINDOWS\System32\bcryptprimitives.dll
0x760f0000 - 0x760fa000 	C:\WINDOWS\SYSTEM32\CRYPTBASE.dll
0x7b430000 - 0x7b462000 	C:\WINDOWS\SYSTEM32\IPHLPAPI.DLL
0x764e0000 - 0x764e7000 	C:\WINDOWS\System32\NSI.dll
0x779b0000 - 0x779c4000 	C:\WINDOWS\SYSTEM32\dhcpcsvc6.DLL
0x7b470000 - 0x7b486000 	C:\WINDOWS\SYSTEM32\dhcpcsvc.DLL
0x7b490000 - 0x7b520000 	C:\WINDOWS\SYSTEM32\DNSAPI.dll
0x7c6f0000 - 0x7c728000 	C:\Users\Ирина и Виктор\AppData\Local\Temp\jna-1508233013\jna1567066158432361962.dll
0x7e760000 - 0x7e781000 	C:\Users\Ирина и Виктор\AppData\Local\Temp\jansi-2.4.1-169d6fbcc3dc046a-jansi.dll
0x76720000 - 0x7672c000 	F:\JDK\jre\bin\management.dll

VM Arguments:
jvm_args: -Xmx1536M -Dsbt.supershell=false -Didea.managed=true -Dfile.encoding=UTF-8 -Didea.installation.dir=F:\IntelliJ IDEA 2023.3.4 -Dsbt.log.noformat=true 
java_command: C:\Users\Ирина и Виктор\AppData\Roaming\JetBrains\IntelliJIdea2023.3\plugins\Scala\launcher\sbt-launch.jar early(addPluginSbtFile="""C:\Users\CD17~1\AppData\Local\Temp\idea.sbt""") ; set ideaPort in Global := 63387 ; idea-shell
java_class_path (initial): C:\Users\Ирина и Виктор\AppData\Roaming\JetBrains\IntelliJIdea2023.3\plugins\Scala\launcher\sbt-launch.jar
Launcher Type: SUN_STANDARD

Environment Variables:
PATH=C:\ProgramData\Oracle\Java\javapath;C:\Users\Ирина и Виктор\gcc\bin;C:\Users\Ирина и Виктор\gcc\libexec\gcc\x86_64-w64-mingw32\10.2.0;C:\WINDOWS\system32;C:\WINDOWS;C:\WINDOWS\System32\Wbem;C:\WINDOWS\System32\WindowsPowerShell\v1.0\;C:\WINDOWS\System32\OpenSSH\;C:\Program Files\dotnet\;C:\Program Files\Microsoft SQL Server\130\Tools\Binn\;F:\Git\cmd;F:\Scala\bin;C:\Users\Ирина и Виктор\AppData\Local\Microsoft\WindowsApps;;C:\Users\????? ? ??????\AppData\Local\Coursier\data\bin;F:\IntelliJ IDEA 2023.3.4\bin;
USERNAME=Ирина и Виктор
OS=Windows_NT
PROCESSOR_IDENTIFIER=Intel64 Family 6 Model 42 Stepping 7, GenuineIntel



---------------  S Y S T E M  ---------------

OS: Windows 10 , 64 bit Build 19041 (10.0.19041.3636)

CPU:total 4 (initial active 4) (4 cores per cpu, 1 threads per core) family 6 model 42 stepping 7, cmov, cx8, fxsr, mmx, sse, sse2, sse3, ssse3, sse4.1, sse4.2, popcnt, avx, aes, clmul, tsc, tscinvbit

Memory: 4k page, physical 4176188k(434400k free), swap 8370492k(2596700k free)

vm_info: OpenJDK Server VM (25.402-b06) for windows-x86 JRE (1.8.0_402-402-b06), built on Jan 30 2024 04:56:32 by "Administrator" with MS VC++ 16.10 / 16.11 (VS2019)

time: Fri Mar  8 23:01:30 2024
timezone: Intel64 Family 6 Model 42 Stepping 7, GenuineIntel
elapsed time: 3.873970 seconds (0d 0h 0m 3s)

