#
# There is insufficient memory for the Java Runtime Environment to continue.
# Native memory allocation (malloc) failed to allocate 1239128 bytes for Chunk::new
# Possible reasons:
#   The system is out of physical RAM or swap space
#   In 32 bit mode, the process size limit was hit
# Possible solutions:
#   Reduce memory load on the system
#   Increase physical memory or swap space
#   Check if swap backing store is full
#   Use 64 bit Java on a 64 bit OS
#   Decrease Java heap size (-Xmx/-Xms)
#   Decrease number of Java threads
#   Decrease Java thread stack sizes (-Xss)
#   Set larger code cache with -XX:ReservedCodeCacheSize=
# This output file may be truncated or incomplete.
#
#  Out of Memory Error (allocation.cpp:389), pid=3696, tid=0x00002548
#
# JRE version: OpenJDK Runtime Environment (8.0_402-b06) (build 1.8.0_402-402-b06)
# Java VM: OpenJDK Server VM (25.402-b06 mixed mode windows-x86 )
# Failed to write core dump. Minidumps are not enabled by default on client versions of Windows
#

---------------  T H R E A D  ---------------

Current thread (0x00d35c00):  JavaThread "C2 CompilerThread0" daemon [_thread_in_native, id=9544, stack(0x733d0000,0x73420000)]

Stack: [0x733d0000,0x73420000],  sp=0x7341d07c,  free space=308k
Native frames: (J=compiled Java code, j=interpreted, Vv=VM code, C=native code)
V  [jvm.dll+0x1c95d8]
V  [jvm.dll+0x1c14b3]
V  [jvm.dll+0x88990]
V  [jvm.dll+0x891cb]
V  [jvm.dll+0x380cd8]
V  [jvm.dll+0x34f737]
V  [jvm.dll+0x356f14]
V  [jvm.dll+0x3564b7]
V  [jvm.dll+0x344646]
V  [jvm.dll+0x69332]
V  [jvm.dll+0x67e23]
V  [jvm.dll+0x19811d]
V  [jvm.dll+0x1dd0bb]
C  [ucrtbase.dll+0x44f9f]
C  [KERNEL32.DLL+0x1fcc9]
C  [ntdll.dll+0x67c6e]
C  [ntdll.dll+0x67c3e]
C  0x00000000


Current CompileTask:
C2:   5407 3454       4       java.net.URLClassLoader$1::run (5 bytes)


---------------  P R O C E S S  ---------------

Java Threads: ( => current thread )
  0x7d943c00 JavaThread "sbt-command-exchange-fastTrack" daemon [_thread_blocked, id=8408, stack(0x7ef80000,0x7efd0000)]
  0x7d946c00 JavaThread "classloader-cache-cleanup-0" daemon [_thread_blocked, id=10684, stack(0x7d5a0000,0x7d5f0000)]
  0x7d945000 JavaThread "sbt-console-input-reader" [_thread_blocked, id=5712, stack(0x7d550000,0x7d5a0000)]
  0x7bbf3400 JavaThread "boot-server-socket-thread-1" [_thread_in_native, id=8608, stack(0x776a0000,0x776f0000)]
  0x7c9f6c00 JavaThread "JNA Cleaner" daemon [_thread_blocked, id=1672, stack(0x76780000,0x767d0000)]
  0x74358000 JavaThread "pool-1-thread-3" [_thread_blocked, id=9160, stack(0x75f80000,0x75fd0000)]
  0x7434d800 JavaThread "pool-1-thread-2" [_thread_blocked, id=5364, stack(0x75f30000,0x75f80000)]
  0x73f4cc00 JavaThread "pool-1-thread-1" [_thread_blocked, id=8976, stack(0x746a0000,0x746f0000)]
  0x72ff3000 JavaThread "Service Thread" daemon [_thread_blocked, id=6040, stack(0x73580000,0x735d0000)]
  0x00d34800 JavaThread "C1 CompilerThread2" daemon [_thread_in_native, id=4040, stack(0x734f0000,0x73540000)]
  0x00d33800 JavaThread "C2 CompilerThread1" daemon [_thread_in_native, id=7096, stack(0x73460000,0x734b0000)]
=>0x00d35c00 JavaThread "C2 CompilerThread0" daemon [_thread_in_native, id=9544, stack(0x733d0000,0x73420000)]
  0x72fed000 JavaThread "Attach Listener" daemon [_thread_blocked, id=8416, stack(0x73340000,0x73390000)]
  0x72fec400 JavaThread "Signal Dispatcher" daemon [_thread_blocked, id=3660, stack(0x732b0000,0x73300000)]
  0x72fd1c00 JavaThread "Finalizer" daemon [_thread_blocked, id=10504, stack(0x72de0000,0x72e30000)]
  0x00dde400 JavaThread "Reference Handler" daemon [_thread_blocked, id=8420, stack(0x72d50000,0x72da0000)]
  0x00d0f000 JavaThread "main" [_thread_in_vm, id=10536, stack(0x02650000,0x026a0000)]

Other Threads:
  0x72f59400 VMThread [stack: 0x72cc0000,0x72d10000] [id=648]
  0x72ff7800 WatcherThread [stack: 0x73610000,0x73660000] [id=4832]

VM state:not at safepoint (normal execution)

VM Mutex/Monitor currently owned by a thread: None

Heap:
 PSYoungGen      total 110336K, used 29448K [0x51c00000, 0x5d340000, 0x71c00000)
  eden space 97792K, 17% used [0x51c00000,0x52c839a8,0x57b80000)
  from space 12544K, 99% used [0x57b80000,0x587be980,0x587c0000)
  to   space 19712K, 0% used [0x5c000000,0x5c000000,0x5d340000)
 ParOldGen       total 53504K, used 17140K [0x11c00000, 0x15040000, 0x51c00000)
  object space 53504K, 32% used [0x11c00000,0x12cbd158,0x15040000)
 Metaspace       used 37195K, capacity 39062K, committed 39168K, reserved 39296K

Card table byte_map: [0x71c00000,0x71f10000] byte_map_base: 0x71b72000

Marking Bits: (ParMarkBitMap*) 0x754bf700
 Begin Bits: [0x77bd0000, 0x793d0000)
 End Bits:   [0x793d0000, 0x7abd0000)

Polling page: 0x00cb0000

CodeCache: size=245760Kb used=8544Kb max_used=8544Kb free=237215Kb
 bounds [0x026d0000, 0x02f30000, 0x116d0000]
 total_blobs=3908 nmethods=3646 adapters=173
 compilation: enabled

Compilation events (10 events):
Event: 5.374 Thread 0x00d34800 nmethod 3637 0x02f0b388 code [0x02f0b560, 0x02f0bf64]
Event: 5.375 Thread 0x00d34800 3638       2       sun.nio.cs.UTF_8$Decoder::xflow (31 bytes)
Event: 5.376 Thread 0x00d34800 nmethod 3638 0x02f0c508 code [0x02f0c640, 0x02f0c790]
Event: 5.376 Thread 0x00d34800 3639       3       sun.nio.cs.UTF_8$Decoder::decodeArrayLoop (691 bytes)
Event: 5.380 Thread 0x00d34800 nmethod 3639 0x02f0c948 code [0x02f0d260, 0x02f1256c]
Event: 5.380 Thread 0x00d34800 3640       1       scala.tools.nsc.classpath.ZipAndJarFileLookupFactory$ZipSettings::productArity (2 bytes)
Event: 5.380 Thread 0x00d34800 nmethod 3640 0x02f17248 code [0x02f17340, 0x02f173e0]
Event: 5.380 Thread 0x00d34800 3641       1       scala.tools.nsc.classpath.ZipAndJarClassPathFactory$ZipArchiveClassPath::zipFile (5 bytes)
Event: 5.380 Thread 0x00d34800 nmethod 3641 0x02f17448 code [0x02f17540, 0x02f175e0]
Event: 5.382 Thread 0x00d34800 3642       1       scala.collection.IterableLike::canEqual (2 bytes)

GC Heap History (10 events):
Event: 2.175 GC heap before
{Heap before GC invocations=5 (full 1):
 PSYoungGen      total 69120K, used 2549K [0x51c00000, 0x56200000, 0x71c00000)
  eden space 66560K, 0% used [0x51c00000,0x51c00000,0x55d00000)
  from space 2560K, 99% used [0x55f80000,0x561fd720,0x56200000)
  to   space 2560K, 0% used [0x55d00000,0x55d00000,0x55f80000)
 ParOldGen       total 43776K, used 11409K [0x11c00000, 0x146c0000, 0x51c00000)
  object space 43776K, 26% used [0x11c00000,0x12724518,0x146c0000)
 Metaspace       used 15831K, capacity 16382K, committed 16384K, reserved 16768K
Event: 2.214 GC heap after
Heap after GC invocations=5 (full 1):
 PSYoungGen      total 69120K, used 0K [0x51c00000, 0x56200000, 0x71c00000)
  eden space 66560K, 0% used [0x51c00000,0x51c00000,0x55d00000)
  from space 2560K, 0% used [0x55f80000,0x55f80000,0x56200000)
  to   space 2560K, 0% used [0x55d00000,0x55d00000,0x55f80000)
 ParOldGen       total 36096K, used 4642K [0x11c00000, 0x13f40000, 0x51c00000)
  object space 36096K, 12% used [0x11c00000,0x12088908,0x13f40000)
 Metaspace       used 15831K, capacity 16382K, committed 16384K, reserved 16768K
}
Event: 3.235 GC heap before
{Heap before GC invocations=6 (full 1):
 PSYoungGen      total 69120K, used 66560K [0x51c00000, 0x56200000, 0x71c00000)
  eden space 66560K, 100% used [0x51c00000,0x55d00000,0x55d00000)
  from space 2560K, 0% used [0x55f80000,0x55f80000,0x56200000)
  to   space 2560K, 0% used [0x55d00000,0x55d00000,0x55f80000)
 ParOldGen       total 36096K, used 4642K [0x11c00000, 0x13f40000, 0x51c00000)
  object space 36096K, 12% used [0x11c00000,0x12088908,0x13f40000)
 Metaspace       used 25746K, capacity 26788K, committed 26880K, reserved 27008K
Event: 3.244 GC heap after
Heap after GC invocations=6 (full 1):
 PSYoungGen      total 69120K, used 2549K [0x51c00000, 0x59400000, 0x71c00000)
  eden space 66560K, 0% used [0x51c00000,0x51c00000,0x55d00000)
  from space 2560K, 99% used [0x55d00000,0x55f7d618,0x55f80000)
  to   space 12544K, 0% used [0x587c0000,0x587c0000,0x59400000)
 ParOldGen       total 36096K, used 13838K [0x11c00000, 0x13f40000, 0x51c00000)
  object space 36096K, 38% used [0x11c00000,0x12983ad0,0x13f40000)
 Metaspace       used 25746K, capacity 26788K, committed 26880K, reserved 27008K
}
Event: 3.296 GC heap before
{Heap before GC invocations=7 (full 1):
 PSYoungGen      total 69120K, used 6924K [0x51c00000, 0x59400000, 0x71c00000)
  eden space 66560K, 6% used [0x51c00000,0x52045cf8,0x55d00000)
  from space 2560K, 99% used [0x55d00000,0x55f7d618,0x55f80000)
  to   space 12544K, 0% used [0x587c0000,0x587c0000,0x59400000)
 ParOldGen       total 36096K, used 13838K [0x11c00000, 0x13f40000, 0x51c00000)
  object space 36096K, 38% used [0x11c00000,0x12983ad0,0x13f40000)
 Metaspace       used 26235K, capacity 27299K, committed 27308K, reserved 28032K
Event: 3.300 GC heap after
Heap after GC invocations=7 (full 1):
 PSYoungGen      total 110336K, used 2872K [0x51c00000, 0x59d40000, 0x71c00000)
  eden space 97792K, 0% used [0x51c00000,0x51c00000,0x57b80000)
  from space 12544K, 22% used [0x587c0000,0x58a8e128,0x59400000)
  to   space 12544K, 0% used [0x57b80000,0x57b80000,0x587c0000)
 ParOldGen       total 36096K, used 13838K [0x11c00000, 0x13f40000, 0x51c00000)
  object space 36096K, 38% used [0x11c00000,0x12983ad0,0x13f40000)
 Metaspace       used 26235K, capacity 27299K, committed 27308K, reserved 28032K
}
Event: 3.300 GC heap before
{Heap before GC invocations=8 (full 2):
 PSYoungGen      total 110336K, used 2872K [0x51c00000, 0x59d40000, 0x71c00000)
  eden space 97792K, 0% used [0x51c00000,0x51c00000,0x57b80000)
  from space 12544K, 22% used [0x587c0000,0x58a8e128,0x59400000)
  to   space 12544K, 0% used [0x57b80000,0x57b80000,0x587c0000)
 ParOldGen       total 36096K, used 13838K [0x11c00000, 0x13f40000, 0x51c00000)
  object space 36096K, 38% used [0x11c00000,0x12983ad0,0x13f40000)
 Metaspace       used 26235K, capacity 27299K, committed 27308K, reserved 28032K
Event: 3.329 GC heap after
Heap after GC invocations=8 (full 2):
 PSYoungGen      total 110336K, used 0K [0x51c00000, 0x59d40000, 0x71c00000)
  eden space 97792K, 0% used [0x51c00000,0x51c00000,0x57b80000)
  from space 12544K, 0% used [0x587c0000,0x587c0000,0x59400000)
  to   space 12544K, 0% used [0x57b80000,0x57b80000,0x587c0000)
 ParOldGen       total 53504K, used 7742K [0x11c00000, 0x15040000, 0x51c00000)
  object space 53504K, 14% used [0x11c00000,0x1238fa18,0x15040000)
 Metaspace       used 26235K, capacity 27299K, committed 27308K, reserved 28032K
}
Event: 4.947 GC heap before
{Heap before GC invocations=9 (full 2):
 PSYoungGen      total 110336K, used 97792K [0x51c00000, 0x59d40000, 0x71c00000)
  eden space 97792K, 100% used [0x51c00000,0x57b80000,0x57b80000)
  from space 12544K, 0% used [0x587c0000,0x587c0000,0x59400000)
  to   space 12544K, 0% used [0x57b80000,0x57b80000,0x587c0000)
 ParOldGen       total 53504K, used 7742K [0x11c00000, 0x15040000, 0x51c00000)
  object space 53504K, 14% used [0x11c00000,0x1238fa18,0x15040000)
 Metaspace       used 35986K, capacity 37765K, committed 37888K, reserved 38272K
Event: 4.964 GC heap after
Heap after GC invocations=9 (full 2):
 PSYoungGen      total 110336K, used 12538K [0x51c00000, 0x5d340000, 0x71c00000)
  eden space 97792K, 0% used [0x51c00000,0x51c00000,0x57b80000)
  from space 12544K, 99% used [0x57b80000,0x587be980,0x587c0000)
  to   space 19712K, 0% used [0x5c000000,0x5c000000,0x5d340000)
 ParOldGen       total 53504K, used 17140K [0x11c00000, 0x15040000, 0x51c00000)
  object space 53504K, 32% used [0x11c00000,0x12cbd158,0x15040000)
 Metaspace       used 35986K, capacity 37765K, committed 37888K, reserved 38272K
}

Deoptimization events (10 events):
Event: 5.021 Thread 0x72ff3000 Uncommon trap: reason=unstable_if action=reinterpret pc=0x02da844c method=jdk.internal.org.objectweb.asm.Type.getArgumentsAndReturnSizes(Ljava/lang/String;)I @ 41
Event: 5.021 Thread 0x72ff3000 Uncommon trap: reason=unstable_if action=reinterpret pc=0x02d94aa4 method=java.lang.invoke.InnerClassLambdaMetafactory.getOpcodeOffset(Ljava/lang/Class;)I @ 29
Event: 5.080 Thread 0x00d0f000 Uncommon trap: reason=unstable_if action=reinterpret pc=0x02cf105c method=sun.nio.cs.UTF_8$Decoder.decodeArrayLoop(Ljava/nio/ByteBuffer;Ljava/nio/CharBuffer;)Ljava/nio/charset/CoderResult; @ 84
Event: 5.339 Thread 0x00d0f000 Uncommon trap: reason=class_check action=maybe_recompile pc=0x02c8d2b4 method=scala.collection.mutable.HashTable.addEntry0(Lscala/collection/mutable/HashEntry;I)V @ 2
Event: 5.339 Thread 0x00d0f000 Uncommon trap: reason=class_check action=maybe_recompile pc=0x02c8d2b4 method=scala.collection.mutable.HashTable.addEntry0(Lscala/collection/mutable/HashEntry;I)V @ 2
Event: 5.339 Thread 0x00d0f000 Uncommon trap: reason=class_check action=maybe_recompile pc=0x02c8d2b4 method=scala.collection.mutable.HashTable.addEntry0(Lscala/collection/mutable/HashEntry;I)V @ 2
Event: 5.339 Thread 0x00d0f000 Uncommon trap: reason=class_check action=maybe_recompile pc=0x02c8d2b4 method=scala.collection.mutable.HashTable.addEntry0(Lscala/collection/mutable/HashEntry;I)V @ 2
Event: 5.347 Thread 0x00d0f000 Uncommon trap: reason=predicate action=maybe_recompile pc=0x02d5f000 method=scala.reflect.internal.Names.enterChars([CII)V @ 9
Event: 5.349 Thread 0x00d0f000 Uncommon trap: reason=unstable_if action=reinterpret pc=0x02d518c4 method=scala.reflect.internal.SymbolTable.NoSymbol()Lscala/reflect/internal/Symbols$NoSymbol; @ 9
Event: 5.350 Thread 0x00d0f000 Uncommon trap: reason=unstable_if action=reinterpret pc=0x02d837c4 method=scala.reflect.internal.SymbolTable.tpnme()Lscala/reflect/internal/StdNames$tpnme$; @ 4

Classes redefined (0 events):
No events

Internal exceptions (10 events):
Event: 5.062 Thread 0x00d0f000 Exception <a 'sun/nio/fs/WindowsException'> (0x52636398) thrown at [C:\openjdk\jdk8u\hotspot\src\share\vm\prims\jni.cpp, line 709]
Event: 5.066 Thread 0x00d0f000 Exception <a 'sun/nio/fs/WindowsException'> (0x526375a8) thrown at [C:\openjdk\jdk8u\hotspot\src\share\vm\prims\jni.cpp, line 709]
Event: 5.066 Thread 0x00d0f000 Exception <a 'sun/nio/fs/WindowsException'> (0x526381c8) thrown at [C:\openjdk\jdk8u\hotspot\src\share\vm\prims\jni.cpp, line 709]
Event: 5.066 Thread 0x00d0f000 Exception <a 'sun/nio/fs/WindowsException'> (0x52639a90) thrown at [C:\openjdk\jdk8u\hotspot\src\share\vm\prims\jni.cpp, line 709]
Event: 5.066 Thread 0x00d0f000 Exception <a 'sun/nio/fs/WindowsException'> (0x5263a660) thrown at [C:\openjdk\jdk8u\hotspot\src\share\vm\prims\jni.cpp, line 709]
Event: 5.066 Thread 0x00d0f000 Exception <a 'sun/nio/fs/WindowsException'> (0x5263bf08) thrown at [C:\openjdk\jdk8u\hotspot\src\share\vm\prims\jni.cpp, line 709]
Event: 5.079 Thread 0x00d0f000 Exception <a 'sun/nio/fs/WindowsException'> (0x5264fac0) thrown at [C:\openjdk\jdk8u\hotspot\src\share\vm\prims\jni.cpp, line 709]
Event: 5.287 Thread 0x00d0f000 Exception <a 'java/lang/NoSuchMethodError': java.lang.Object.$anonfun$pattern3$1(Lscala/tools/nsc/ast/parser/Parsers$Parser$SeqContextSensitive;)Lscala/reflect/internal/Trees$Tree;> (0x528fdd78) thrown at [C:\openjdk\jdk8u\hotspot\src\share\vm\interpreter
Event: 5.287 Thread 0x00d0f000 Exception <a 'java/lang/NoSuchMethodError': java.lang.Object.$anonfun$pattern3$4(Lscala/tools/nsc/ast/parser/Parsers$Parser$SeqContextSensitive;Lscala/reflect/internal/Trees$Tree;Lscala/collection/immutable/List;)Lscala/reflect/internal/Trees$Tree;> (0x52
Event: 5.288 Thread 0x00d0f000 Exception <a 'java/lang/NoSuchMethodError': java.lang.Object.$anonfun$init$1$adapted(Lscala/runtime/BooleanRef;Lscala/collection/mutable/Builder;Lscala/runtime/ObjectRef;Ljava/lang/Object;)Ljava/lang/Object;> (0x5290b778) thrown at [C:\openjdk\jdk8u\hotsp

Events (10 events):
Event: 5.345 loading class sbt/compiler/EvalReporter$ done
Event: 5.347 Thread 0x00d0f000 Uncommon trap: trap_request=0xffffff86 fr.pc=0x02d5f000
Event: 5.347 Thread 0x00d0f000 DEOPT PACKING pc=0x02d5f000 sp=0x0269c850
Event: 5.347 Thread 0x00d0f000 DEOPT UNPACKING pc=0x0270abbc sp=0x0269c820 mode 2
Event: 5.349 Thread 0x00d0f000 Uncommon trap: trap_request=0xffffff65 fr.pc=0x02d518c4
Event: 5.349 Thread 0x00d0f000 DEOPT PACKING pc=0x02d518c4 sp=0x0269cb40
Event: 5.349 Thread 0x00d0f000 DEOPT UNPACKING pc=0x0270abbc sp=0x0269cb20 mode 2
Event: 5.350 Thread 0x00d0f000 Uncommon trap: trap_request=0xffffff65 fr.pc=0x02d837c4
Event: 5.350 Thread 0x00d0f000 DEOPT PACKING pc=0x02d837c4 sp=0x0269cb80
Event: 5.350 Thread 0x00d0f000 DEOPT UNPACKING pc=0x0270abbc sp=0x0269cb64 mode 2


Dynamic libraries:
0x00090000 - 0x000d0000 	F:\JDK\bin\java.exe
0x77a20000 - 0x77bc4000 	C:\WINDOWS\SYSTEM32\ntdll.dll
0x77120000 - 0x77210000 	C:\WINDOWS\System32\KERNEL32.DLL
0x75a90000 - 0x75cca000 	C:\WINDOWS\System32\KERNELBASE.dll
0x75800000 - 0x7589f000 	C:\WINDOWS\SYSTEM32\apphelp.dll
0x770a0000 - 0x7711e000 	C:\WINDOWS\System32\ADVAPI32.dll
0x75e70000 - 0x75f2f000 	C:\WINDOWS\System32\msvcrt.dll
0x758c0000 - 0x75938000 	C:\WINDOWS\System32\sechost.dll
0x759a0000 - 0x75a5f000 	C:\WINDOWS\System32\RPCRT4.dll
0x76100000 - 0x76119000 	C:\WINDOWS\System32\bcrypt.dll
0x767e0000 - 0x7697c000 	C:\WINDOWS\System32\USER32.dll
0x76f40000 - 0x76f58000 	C:\WINDOWS\System32\win32u.dll
0x75a60000 - 0x75a84000 	C:\WINDOWS\System32\GDI32.dll
0x763a0000 - 0x76488000 	C:\WINDOWS\System32\gdi32full.dll
0x764f0000 - 0x7656b000 	C:\WINDOWS\System32\msvcp_win.dll
0x75cd0000 - 0x75df0000 	C:\WINDOWS\System32\ucrtbase.dll
0x755a0000 - 0x757b0000 	C:\WINDOWS\WinSxS\x86_microsoft.windows.common-controls_6595b64144ccf1df_6.0.19041.3636_none_a863d714867441db\COMCTL32.dll
0x779d0000 - 0x779f5000 	C:\WINDOWS\System32\IMM32.DLL
0x757e0000 - 0x757f4000 	F:\JDK\jre\bin\vcruntime140.dll
0x75530000 - 0x7559d000 	F:\JDK\jre\bin\msvcp140.dll
0x74ed0000 - 0x7552d000 	F:\JDK\jre\bin\server\jvm.dll
0x77a00000 - 0x77a06000 	C:\WINDOWS\System32\PSAPI.DLL
0x757b0000 - 0x757b8000 	C:\WINDOWS\SYSTEM32\VERSION.dll
0x74ea0000 - 0x74ec8000 	C:\WINDOWS\SYSTEM32\WINMM.dll
0x757d0000 - 0x757d8000 	C:\WINDOWS\SYSTEM32\WSOCK32.dll
0x76f60000 - 0x76fc3000 	C:\WINDOWS\System32\WS2_32.dll
0x757c0000 - 0x757cf000 	C:\WINDOWS\SYSTEM32\kernel.appcore.dll
0x74e90000 - 0x74e9d000 	F:\JDK\jre\bin\verify.dll
0x74e60000 - 0x74e84000 	F:\JDK\jre\bin\java.dll
0x74e40000 - 0x74e56000 	F:\JDK\jre\bin\zip.dll
0x76980000 - 0x76f37000 	C:\WINDOWS\System32\SHELL32.dll
0x74820000 - 0x74e33000 	C:\WINDOWS\SYSTEM32\windows.storage.dll
0x77750000 - 0x779d0000 	C:\WINDOWS\System32\combase.dll
0x747f0000 - 0x74814000 	C:\WINDOWS\SYSTEM32\Wldp.dll
0x77210000 - 0x77297000 	C:\WINDOWS\System32\SHCORE.dll
0x76730000 - 0x76775000 	C:\WINDOWS\System32\shlwapi.dll
0x747d0000 - 0x747ec000 	C:\WINDOWS\SYSTEM32\profapi.dll
0x747b0000 - 0x747c7000 	F:\JDK\jre\bin\net.dll
0x74750000 - 0x747a2000 	C:\WINDOWS\system32\mswsock.dll
0x74740000 - 0x7474f000 	F:\JDK\jre\bin\nio.dll
0x72e40000 - 0x72e53000 	C:\WINDOWS\SYSTEM32\CRYPTSP.dll
0x760d0000 - 0x760ff000 	C:\WINDOWS\system32\rsaenh.dll
0x76320000 - 0x76345000 	C:\WINDOWS\SYSTEM32\USERENV.dll
0x76490000 - 0x764ef000 	C:\WINDOWS\System32\bcryptprimitives.dll
0x74730000 - 0x7473a000 	C:\WINDOWS\SYSTEM32\CRYPTBASE.dll
0x76350000 - 0x76382000 	C:\WINDOWS\SYSTEM32\IPHLPAPI.DLL
0x75990000 - 0x75997000 	C:\WINDOWS\System32\NSI.dll
0x76670000 - 0x76684000 	C:\WINDOWS\SYSTEM32\dhcpcsvc6.DLL
0x76690000 - 0x766a6000 	C:\WINDOWS\SYSTEM32\dhcpcsvc.DLL
0x76fd0000 - 0x77060000 	C:\WINDOWS\SYSTEM32\DNSAPI.dll
0x766b0000 - 0x766e8000 	C:\Users\Ирина и Виктор\AppData\Local\Temp\jna-1508233013\jna8117942558607336535.dll
0x776f0000 - 0x77711000 	C:\Users\Ирина и Виктор\AppData\Local\Temp\jansi-2.4.1-fd42b6a28dbdec8a-jansi.dll
0x76390000 - 0x7639c000 	F:\JDK\jre\bin\management.dll

VM Arguments:
jvm_args: -Xmx1536M -Dsbt.supershell=false -Didea.managed=true -Dfile.encoding=UTF-8 -Didea.installation.dir=F:\IntelliJ IDEA 2023.3.4 -Dsbt.log.noformat=true 
java_command: C:\Users\Ирина и Виктор\AppData\Roaming\JetBrains\IntelliJIdea2023.3\plugins\Scala\launcher\sbt-launch.jar early(addPluginSbtFile="""C:\Users\CD17~1\AppData\Local\Temp\idea.sbt""") ; set ideaPort in Global := 58886 ; idea-shell
java_class_path (initial): C:\Users\Ирина и Виктор\AppData\Roaming\JetBrains\IntelliJIdea2023.3\plugins\Scala\launcher\sbt-launch.jar
Launcher Type: SUN_STANDARD

Environment Variables:
PATH=C:\ProgramData\Oracle\Java\javapath;C:\Users\Ирина и Виктор\gcc\bin;C:\Users\Ирина и Виктор\gcc\libexec\gcc\x86_64-w64-mingw32\10.2.0;C:\WINDOWS\system32;C:\WINDOWS;C:\WINDOWS\System32\Wbem;C:\WINDOWS\System32\WindowsPowerShell\v1.0\;C:\WINDOWS\System32\OpenSSH\;C:\Program Files\dotnet\;C:\Program Files\Microsoft SQL Server\130\Tools\Binn\;F:\Git\cmd;F:\Scala\bin;C:\Users\Ирина и Виктор\AppData\Local\Microsoft\WindowsApps;;C:\Users\????? ? ??????\AppData\Local\Coursier\data\bin;F:\IntelliJ IDEA 2023.3.4\bin;
USERNAME=Ирина и Виктор
OS=Windows_NT
PROCESSOR_IDENTIFIER=Intel64 Family 6 Model 42 Stepping 7, GenuineIntel



---------------  S Y S T E M  ---------------

OS: Windows 10 , 64 bit Build 19041 (10.0.19041.3636)

CPU:total 4 (initial active 4) (4 cores per cpu, 1 threads per core) family 6 model 42 stepping 7, cmov, cx8, fxsr, mmx, sse, sse2, sse3, ssse3, sse4.1, sse4.2, popcnt, avx, aes, clmul, tsc, tscinvbit

Memory: 4k page, physical 4176188k(318104k free), swap 8370492k(1853752k free)

vm_info: OpenJDK Server VM (25.402-b06) for windows-x86 JRE (1.8.0_402-402-b06), built on Jan 30 2024 04:56:32 by "Administrator" with MS VC++ 16.10 / 16.11 (VS2019)

time: Fri Mar  8 22:32:31 2024
timezone: Intel64 Family 6 Model 42 Stepping 7, GenuineIntel
elapsed time: 5.431146 seconds (0d 0h 0m 5s)

