#
# There is insufficient memory for the Java Runtime Environment to continue.
# Native memory allocation (malloc) failed to allocate 1307240 bytes for Chunk::new
# Possible reasons:
#   The system is out of physical RAM or swap space
#   In 32 bit mode, the process size limit was hit
# Possible solutions:
#   Reduce memory load on the system
#   Increase physical memory or swap space
#   Check if swap backing store is full
#   Use 64 bit Java on a 64 bit OS
#   Decrease Java heap size (-Xmx/-Xms)
#   Decrease number of Java threads
#   Decrease Java thread stack sizes (-Xss)
#   Set larger code cache with -XX:ReservedCodeCacheSize=
# This output file may be truncated or incomplete.
#
#  Out of Memory Error (allocation.cpp:389), pid=10828, tid=0x000025c4
#
# JRE version: OpenJDK Runtime Environment (8.0_402-b06) (build 1.8.0_402-402-b06)
# Java VM: OpenJDK Server VM (25.402-b06 mixed mode windows-x86 )
# Failed to write core dump. Minidumps are not enabled by default on client versions of Windows
#

---------------  T H R E A D  ---------------

Current thread (0x72f5c000):  JavaThread "C2 CompilerThread1" daemon [_thread_in_native, id=9668, stack(0x733d0000,0x73420000)]

Stack: [0x733d0000,0x73420000],  sp=0x7341d1ac,  free space=308k
Native frames: (J=compiled Java code, j=interpreted, Vv=VM code, C=native code)
V  [jvm.dll+0x1c95d8]
V  [jvm.dll+0x1c14b3]
V  [jvm.dll+0x88990]
V  [jvm.dll+0x891cb]
V  [jvm.dll+0x380d18]
V  [jvm.dll+0x34f737]
V  [jvm.dll+0x356f14]
V  [jvm.dll+0x3564b7]
V  [jvm.dll+0x344646]
V  [jvm.dll+0x69332]
V  [jvm.dll+0x67e23]
V  [jvm.dll+0x19811d]
V  [jvm.dll+0x1dd0bb]
C  [ucrtbase.dll+0x44f9f]
C  [KERNEL32.DLL+0x1fcc9]
C  [ntdll.dll+0x67c6e]
C  [ntdll.dll+0x67c3e]
C  0x00000000


Current CompileTask:
C2:   3486 3421   !   4       java.net.URLClassLoader$1::run (81 bytes)


---------------  P R O C E S S  ---------------

Java Threads: ( => current thread )
  0x7daaf000 JavaThread "sbt-command-exchange-fastTrack" daemon [_thread_blocked, id=7012, stack(0x7f120000,0x7f170000)]
  0x7dab2000 JavaThread "classloader-cache-cleanup-0" daemon [_thread_blocked, id=5956, stack(0x7d3b0000,0x7d400000)]
  0x7daaf800 JavaThread "sbt-console-input-reader" [_thread_blocked, id=6920, stack(0x7ea30000,0x7ea80000)]
  0x7be9d000 JavaThread "boot-server-socket-thread-1" [_thread_in_native, id=7328, stack(0x776a0000,0x776f0000)]
  0x7bd25400 JavaThread "JNA Cleaner" daemon [_thread_blocked, id=10856, stack(0x77010000,0x77060000)]
  0x742ce000 JavaThread "pool-1-thread-3" [_thread_blocked, id=7940, stack(0x75f30000,0x75f80000)]
  0x742d1800 JavaThread "pool-1-thread-2" [_thread_blocked, id=2936, stack(0x75940000,0x75990000)]
  0x73860800 JavaThread "pool-1-thread-1" [_thread_blocked, id=3580, stack(0x74610000,0x74660000)]
  0x72fbfc00 JavaThread "Service Thread" daemon [_thread_blocked, id=8592, stack(0x734f0000,0x73540000)]
  0x72f5cc00 JavaThread "C1 CompilerThread2" daemon [_thread_blocked, id=5188, stack(0x73460000,0x734b0000)]
=>0x72f5c000 JavaThread "C2 CompilerThread1" daemon [_thread_in_native, id=9668, stack(0x733d0000,0x73420000)]
  0x72f5ac00 JavaThread "C2 CompilerThread0" daemon [_thread_in_native, id=2724, stack(0x73340000,0x73390000)]
  0x72f63800 JavaThread "Attach Listener" daemon [_thread_blocked, id=9052, stack(0x732b0000,0x73300000)]
  0x72f63000 JavaThread "Signal Dispatcher" daemon [_thread_blocked, id=8756, stack(0x73220000,0x73270000)]
  0x72eca000 JavaThread "Finalizer" daemon [_thread_blocked, id=1980, stack(0x72d60000,0x72db0000)]
  0x72f42400 JavaThread "Reference Handler" daemon [_thread_blocked, id=7700, stack(0x72cd0000,0x72d20000)]
  0x00a8e400 JavaThread "main" [_thread_in_Java, id=5932, stack(0x025e0000,0x02630000)]

Other Threads:
  0x72ec7000 VMThread [stack: 0x72c40000,0x72c90000] [id=380]
  0x72fc4800 WatcherThread [stack: 0x73580000,0x735d0000] [id=9196]

VM state:not at safepoint (normal execution)

VM Mutex/Monitor currently owned by a thread: None

Heap:
 PSYoungGen      total 85248K, used 70147K [0x51c00000, 0x59100000, 0x71c00000)
  eden space 77056K, 80% used [0x51c00000,0x55883070,0x56740000)
  from space 8192K, 99% used [0x57400000,0x57bfdd70,0x57c00000)
  to   space 13056K, 0% used [0x56740000,0x56740000,0x57400000)
 ParOldGen       total 51968K, used 20155K [0x11c00000, 0x14ec0000, 0x51c00000)
  object space 51968K, 38% used [0x11c00000,0x12faeea0,0x14ec0000)
 Metaspace       used 37224K, capacity 39088K, committed 39168K, reserved 39296K

Card table byte_map: [0x71c00000,0x71f10000] byte_map_base: 0x71b72000

Marking Bits: (ParMarkBitMap*) 0x754bf700
 Begin Bits: [0x77bd0000, 0x793d0000)
 End Bits:   [0x793d0000, 0x7abd0000)

Polling page: 0x00f60000

CodeCache: size=245760Kb used=8755Kb max_used=8755Kb free=237004Kb
 bounds [0x02660000, 0x02ef0000, 0x11660000]
 total_blobs=3923 nmethods=3661 adapters=173
 compilation: enabled

Compilation events (10 events):
Event: 3.431 Thread 0x72f5cc00 3674       2       scala.tools.nsc.classpath.FileUtils$::mayBeValidPackage (52 bytes)
Event: 3.432 Thread 0x72f5cc00 nmethod 3674 0x02eebd48 code [0x02eebe80, 0x02eec064]
Event: 3.441 Thread 0x72f5cc00 3676       2       java.util.zip.ZipUtils::get32 (23 bytes)
Event: 3.441 Thread 0x72f5cc00 nmethod 3676 0x02eec288 code [0x02eec3a0, 0x02eec500]
Event: 3.441 Thread 0x72f5cc00 3677       2       java.util.zip.ZipUtils::unixTimeToFileTime (8 bytes)
Event: 3.441 Thread 0x72f5cc00 nmethod 3677 0x02eec688 code [0x02eec780, 0x02eec880]
Event: 3.442 Thread 0x72f5cc00 3678       2       scala.tools.nsc.classpath.ZipArchiveFileLookup::findDirEntry (25 bytes)
Event: 3.443 Thread 0x72f5cc00 nmethod 3678 0x02eec908 code [0x02eeca40, 0x02eecc04]
Event: 3.443 Thread 0x72f5cc00 3679       2       scala.reflect.io.FileZipArchive::allDirs (21 bytes)
Event: 3.443 Thread 0x72f5cc00 nmethod 3679 0x02eecd88 code [0x02eecea0, 0x02eecf8c]

GC Heap History (10 events):
Event: 1.244 GC heap before
{Heap before GC invocations=6 (full 1):
 PSYoungGen      total 35840K, used 2557K [0x51c00000, 0x56a00000, 0x71c00000)
  eden space 33280K, 0% used [0x51c00000,0x51c00000,0x53c80000)
  from space 2560K, 99% used [0x53c80000,0x53eff4e8,0x53f00000)
  to   space 6656K, 0% used [0x56380000,0x56380000,0x56a00000)
 ParOldGen       total 43776K, used 11671K [0x11c00000, 0x146c0000, 0x51c00000)
  object space 43776K, 26% used [0x11c00000,0x12765c98,0x146c0000)
 Metaspace       used 15779K, capacity 16383K, committed 16384K, reserved 16768K
Event: 1.267 GC heap after
Heap after GC invocations=6 (full 1):
 PSYoungGen      total 35840K, used 0K [0x51c00000, 0x56a00000, 0x71c00000)
  eden space 33280K, 0% used [0x51c00000,0x51c00000,0x53c80000)
  from space 2560K, 0% used [0x53c80000,0x53c80000,0x53f00000)
  to   space 6656K, 0% used [0x56380000,0x56380000,0x56a00000)
 ParOldGen       total 32000K, used 4538K [0x11c00000, 0x13b40000, 0x51c00000)
  object space 32000K, 14% used [0x11c00000,0x1206e928,0x13b40000)
 Metaspace       used 15779K, capacity 16383K, committed 16384K, reserved 16768K
}
Event: 1.663 GC heap before
{Heap before GC invocations=7 (full 1):
 PSYoungGen      total 35840K, used 33280K [0x51c00000, 0x56a00000, 0x71c00000)
  eden space 33280K, 100% used [0x51c00000,0x53c80000,0x53c80000)
  from space 2560K, 0% used [0x53c80000,0x53c80000,0x53f00000)
  to   space 6656K, 0% used [0x56380000,0x56380000,0x56a00000)
 ParOldGen       total 32000K, used 4538K [0x11c00000, 0x13b40000, 0x51c00000)
  object space 32000K, 14% used [0x11c00000,0x1206e928,0x13b40000)
 Metaspace       used 20377K, capacity 21103K, committed 21120K, reserved 21888K
Event: 1.670 GC heap after
Heap after GC invocations=7 (full 1):
 PSYoungGen      total 59136K, used 6309K [0x51c00000, 0x569c0000, 0x71c00000)
  eden space 52736K, 0% used [0x51c00000,0x51c00000,0x54f80000)
  from space 6400K, 98% used [0x56380000,0x569a9590,0x569c0000)
  to   space 7168K, 0% used [0x55bc0000,0x55bc0000,0x562c0000)
 ParOldGen       total 32000K, used 4542K [0x11c00000, 0x13b40000, 0x51c00000)
  object space 32000K, 14% used [0x11c00000,0x1206f928,0x13b40000)
 Metaspace       used 20377K, capacity 21103K, committed 21120K, reserved 21888K
}
Event: 2.072 GC heap before
{Heap before GC invocations=8 (full 1):
 PSYoungGen      total 59136K, used 44673K [0x51c00000, 0x569c0000, 0x71c00000)
  eden space 52736K, 72% used [0x51c00000,0x54177038,0x54f80000)
  from space 6400K, 98% used [0x56380000,0x569a9590,0x569c0000)
  to   space 7168K, 0% used [0x55bc0000,0x55bc0000,0x562c0000)
 ParOldGen       total 32000K, used 4542K [0x11c00000, 0x13b40000, 0x51c00000)
  object space 32000K, 14% used [0x11c00000,0x1206f928,0x13b40000)
 Metaspace       used 26070K, capacity 27283K, committed 27308K, reserved 28032K
Event: 2.078 GC heap after
Heap after GC invocations=8 (full 1):
 PSYoungGen      total 72448K, used 7152K [0x51c00000, 0x57c00000, 0x71c00000)
  eden space 65280K, 0% used [0x51c00000,0x51c00000,0x55bc0000)
  from space 7168K, 99% used [0x55bc0000,0x562bc360,0x562c0000)
  to   space 8192K, 0% used [0x57400000,0x57400000,0x57c00000)
 ParOldGen       total 32000K, used 5147K [0x11c00000, 0x13b40000, 0x51c00000)
  object space 32000K, 16% used [0x11c00000,0x12106cd8,0x13b40000)
 Metaspace       used 26070K, capacity 27283K, committed 27308K, reserved 28032K
}
Event: 2.078 GC heap before
{Heap before GC invocations=9 (full 2):
 PSYoungGen      total 72448K, used 7152K [0x51c00000, 0x57c00000, 0x71c00000)
  eden space 65280K, 0% used [0x51c00000,0x51c00000,0x55bc0000)
  from space 7168K, 99% used [0x55bc0000,0x562bc360,0x562c0000)
  to   space 8192K, 0% used [0x57400000,0x57400000,0x57c00000)
 ParOldGen       total 32000K, used 5147K [0x11c00000, 0x13b40000, 0x51c00000)
  object space 32000K, 16% used [0x11c00000,0x12106cd8,0x13b40000)
 Metaspace       used 26070K, capacity 27283K, committed 27308K, reserved 28032K
Event: 2.112 GC heap after
Heap after GC invocations=9 (full 2):
 PSYoungGen      total 72448K, used 0K [0x51c00000, 0x57c00000, 0x71c00000)
  eden space 65280K, 0% used [0x51c00000,0x51c00000,0x55bc0000)
  from space 7168K, 0% used [0x55bc0000,0x55bc0000,0x562c0000)
  to   space 8192K, 0% used [0x57400000,0x57400000,0x57c00000)
 ParOldGen       total 51968K, used 11084K [0x11c00000, 0x14ec0000, 0x51c00000)
  object space 51968K, 21% used [0x11c00000,0x126d30c0,0x14ec0000)
 Metaspace       used 26068K, capacity 27280K, committed 27308K, reserved 28032K
}
Event: 2.758 GC heap before
{Heap before GC invocations=10 (full 2):
 PSYoungGen      total 72448K, used 65280K [0x51c00000, 0x57c00000, 0x71c00000)
  eden space 65280K, 100% used [0x51c00000,0x55bc0000,0x55bc0000)
  from space 7168K, 0% used [0x55bc0000,0x55bc0000,0x562c0000)
  to   space 8192K, 0% used [0x57400000,0x57400000,0x57c00000)
 ParOldGen       total 51968K, used 11084K [0x11c00000, 0x14ec0000, 0x51c00000)
  object space 51968K, 21% used [0x11c00000,0x126d30c0,0x14ec0000)
 Metaspace       used 31738K, capacity 33219K, committed 33280K, reserved 34176K
Event: 2.774 GC heap after
Heap after GC invocations=10 (full 2):
 PSYoungGen      total 85248K, used 8183K [0x51c00000, 0x59100000, 0x71c00000)
  eden space 77056K, 0% used [0x51c00000,0x51c00000,0x56740000)
  from space 8192K, 99% used [0x57400000,0x57bfdd70,0x57c00000)
  to   space 13056K, 0% used [0x56740000,0x56740000,0x57400000)
 ParOldGen       total 51968K, used 20155K [0x11c00000, 0x14ec0000, 0x51c00000)
  object space 51968K, 38% used [0x11c00000,0x12faeea0,0x14ec0000)
 Metaspace       used 31738K, capacity 33219K, committed 33280K, reserved 34176K
}

Deoptimization events (10 events):
Event: 3.319 Thread 0x00a8e400 Uncommon trap: reason=class_check action=maybe_recompile pc=0x02d030fc method=scala.reflect.internal.Names$Name.scala$reflect$internal$Names$Name$$$outer()Lscala/reflect/internal/Names; @ 4
Event: 3.319 Thread 0x00a8e400 Uncommon trap: reason=class_check action=maybe_recompile pc=0x02d030fc method=scala.reflect.internal.Names$Name.scala$reflect$internal$Names$Name$$$outer()Lscala/reflect/internal/Names; @ 4
Event: 3.319 Thread 0x00a8e400 Uncommon trap: reason=class_check action=maybe_recompile pc=0x02d030fc method=scala.reflect.internal.Names$Name.scala$reflect$internal$Names$Name$$$outer()Lscala/reflect/internal/Names; @ 4
Event: 3.320 Thread 0x00a8e400 Uncommon trap: reason=unstable_if action=reinterpret pc=0x02d04fc4 method=scala.reflect.internal.SymbolTable.NoSymbol()Lscala/reflect/internal/Symbols$NoSymbol; @ 9
Event: 3.321 Thread 0x00a8e400 Uncommon trap: reason=unstable_if action=reinterpret pc=0x02d37284 method=scala.reflect.internal.SymbolTable.tpnme()Lscala/reflect/internal/StdNames$tpnme$; @ 4
Event: 3.400 Thread 0x00a8e400 Uncommon trap: reason=unstable_if action=reinterpret pc=0x02c3dcbc method=sun.util.calendar.CalendarUtils.isGregorianLeapYear(I)Z @ 3
Event: 3.400 Thread 0x00a8e400 Uncommon trap: reason=unstable_if action=reinterpret pc=0x02c3f9a8 method=sun.util.calendar.CalendarUtils.isGregorianLeapYear(I)Z @ 3
Event: 3.400 Thread 0x00a8e400 Uncommon trap: reason=unstable_if action=reinterpret pc=0x02c4c23c method=sun.util.calendar.CalendarUtils.isGregorianLeapYear(I)Z @ 3
Event: 3.400 Thread 0x00a8e400 Uncommon trap: reason=unstable_if action=reinterpret pc=0x02c467d0 method=sun.util.calendar.CalendarUtils.isGregorianLeapYear(I)Z @ 3
Event: 3.419 Thread 0x00a8e400 Uncommon trap: reason=unstable_if action=reinterpret pc=0x02c20dbc method=java.util.zip.ZipEntry.getTime()J @ 4

Classes redefined (0 events):
No events

Internal exceptions (10 events):
Event: 3.124 Thread 0x00a8e400 Exception <a 'java/lang/NoSuchMethodError': java.lang.Object.$anonfun$enumerationAsScalaIteratorConverter$1(Lscala/collection/convert/DecorateAsScala;Ljava/util/Enumeration;)Lscala/collection/Iterator;> (0x53bd4e20) thrown at [C:\openjdk\jdk8u\hotspot\src
Event: 3.139 Thread 0x00a8e400 Exception <a 'java/security/PrivilegedActionException'> (0x53d12410) thrown at [C:\openjdk\jdk8u\hotspot\src\share\vm\prims\jvm.cpp, line 1514]
Event: 3.139 Thread 0x00a8e400 Exception <a 'java/security/PrivilegedActionException'> (0x53d12bb0) thrown at [C:\openjdk\jdk8u\hotspot\src\share\vm\prims\jvm.cpp, line 1514]
Event: 3.139 Thread 0x00a8e400 Exception <a 'java/security/PrivilegedActionException'> (0x53d15088) thrown at [C:\openjdk\jdk8u\hotspot\src\share\vm\prims\jvm.cpp, line 1514]
Event: 3.139 Thread 0x00a8e400 Exception <a 'java/security/PrivilegedActionException'> (0x53d15828) thrown at [C:\openjdk\jdk8u\hotspot\src\share\vm\prims\jvm.cpp, line 1514]
Event: 3.213 Thread 0x00a8e400 Exception <a 'sun/nio/fs/WindowsException'> (0x542355a8) thrown at [C:\openjdk\jdk8u\hotspot\src\share\vm\prims\jni.cpp, line 709]
Event: 3.214 Thread 0x00a8e400 Exception <a 'sun/nio/fs/WindowsException'> (0x54248070) thrown at [C:\openjdk\jdk8u\hotspot\src\share\vm\prims\jni.cpp, line 709]
Event: 3.259 Thread 0x00a8e400 Exception <a 'java/lang/NoSuchMethodError': java.lang.Object.$anonfun$pattern3$1(Lscala/tools/nsc/ast/parser/Parsers$Parser$SeqContextSensitive;)Lscala/reflect/internal/Trees$Tree;> (0x54493eb8) thrown at [C:\openjdk\jdk8u\hotspot\src\share\vm\interpreter
Event: 3.260 Thread 0x00a8e400 Exception <a 'java/lang/NoSuchMethodError': java.lang.Object.$anonfun$pattern3$4(Lscala/tools/nsc/ast/parser/Parsers$Parser$SeqContextSensitive;Lscala/reflect/internal/Trees$Tree;Lscala/collection/immutable/List;)Lscala/reflect/internal/Trees$Tree;> (0x54
Event: 3.260 Thread 0x00a8e400 Exception <a 'java/lang/NoSuchMethodError': java.lang.Object.$anonfun$init$1$adapted(Lscala/runtime/BooleanRef;Lscala/collection/mutable/Builder;Lscala/runtime/ObjectRef;Ljava/lang/Object;)Ljava/lang/Object;> (0x544a18b8) thrown at [C:\openjdk\jdk8u\hotsp

Events (10 events):
Event: 3.400 Thread 0x00a8e400 DEOPT UNPACKING pc=0x0269abbc sp=0x0262c188 mode 2
Event: 3.400 Thread 0x00a8e400 Uncommon trap: trap_request=0xffffff65 fr.pc=0x02c4c23c
Event: 3.400 Thread 0x00a8e400 DEOPT PACKING pc=0x02c4c23c sp=0x0262c230
Event: 3.400 Thread 0x00a8e400 DEOPT UNPACKING pc=0x0269abbc sp=0x0262c140 mode 2
Event: 3.400 Thread 0x00a8e400 Uncommon trap: trap_request=0xffffff65 fr.pc=0x02c467d0
Event: 3.400 Thread 0x00a8e400 DEOPT PACKING pc=0x02c467d0 sp=0x0262c1d0
Event: 3.400 Thread 0x00a8e400 DEOPT UNPACKING pc=0x0269abbc sp=0x0262c134 mode 2
Event: 3.419 Thread 0x00a8e400 Uncommon trap: trap_request=0xffffff65 fr.pc=0x02c20dbc
Event: 3.419 Thread 0x00a8e400 DEOPT PACKING pc=0x02c20dbc sp=0x0262c470
Event: 3.419 Thread 0x00a8e400 DEOPT UNPACKING pc=0x0269abbc sp=0x0262c474 mode 2


Dynamic libraries:
0x006b0000 - 0x006f0000 	F:\JDK\bin\java.exe
0x77a20000 - 0x77bc4000 	C:\WINDOWS\SYSTEM32\ntdll.dll
0x77120000 - 0x77210000 	C:\WINDOWS\System32\KERNEL32.DLL
0x75a90000 - 0x75cca000 	C:\WINDOWS\System32\KERNELBASE.dll
0x75800000 - 0x7589f000 	C:\WINDOWS\SYSTEM32\apphelp.dll
0x770a0000 - 0x7711e000 	C:\WINDOWS\System32\ADVAPI32.dll
0x75e70000 - 0x75f2f000 	C:\WINDOWS\System32\msvcrt.dll
0x758c0000 - 0x75938000 	C:\WINDOWS\System32\sechost.dll
0x759a0000 - 0x75a5f000 	C:\WINDOWS\System32\RPCRT4.dll
0x76100000 - 0x76119000 	C:\WINDOWS\System32\bcrypt.dll
0x767e0000 - 0x7697c000 	C:\WINDOWS\System32\USER32.dll
0x76f40000 - 0x76f58000 	C:\WINDOWS\System32\win32u.dll
0x75a60000 - 0x75a84000 	C:\WINDOWS\System32\GDI32.dll
0x763a0000 - 0x76488000 	C:\WINDOWS\System32\gdi32full.dll
0x764f0000 - 0x7656b000 	C:\WINDOWS\System32\msvcp_win.dll
0x75cd0000 - 0x75df0000 	C:\WINDOWS\System32\ucrtbase.dll
0x755a0000 - 0x757b0000 	C:\WINDOWS\WinSxS\x86_microsoft.windows.common-controls_6595b64144ccf1df_6.0.19041.3636_none_a863d714867441db\COMCTL32.dll
0x779d0000 - 0x779f5000 	C:\WINDOWS\System32\IMM32.DLL
0x757e0000 - 0x757f4000 	F:\JDK\jre\bin\vcruntime140.dll
0x75530000 - 0x7559d000 	F:\JDK\jre\bin\msvcp140.dll
0x74ed0000 - 0x7552d000 	F:\JDK\jre\bin\server\jvm.dll
0x77a00000 - 0x77a06000 	C:\WINDOWS\System32\PSAPI.DLL
0x757d0000 - 0x757d8000 	C:\WINDOWS\SYSTEM32\WSOCK32.dll
0x74ea0000 - 0x74ec8000 	C:\WINDOWS\SYSTEM32\WINMM.dll
0x76f60000 - 0x76fc3000 	C:\WINDOWS\System32\WS2_32.dll
0x757b0000 - 0x757b8000 	C:\WINDOWS\SYSTEM32\VERSION.dll
0x757c0000 - 0x757cf000 	C:\WINDOWS\SYSTEM32\kernel.appcore.dll
0x74e90000 - 0x74e9d000 	F:\JDK\jre\bin\verify.dll
0x74e60000 - 0x74e84000 	F:\JDK\jre\bin\java.dll
0x74e40000 - 0x74e56000 	F:\JDK\jre\bin\zip.dll
0x76980000 - 0x76f37000 	C:\WINDOWS\System32\SHELL32.dll
0x74820000 - 0x74e33000 	C:\WINDOWS\SYSTEM32\windows.storage.dll
0x77750000 - 0x779d0000 	C:\WINDOWS\System32\combase.dll
0x747f0000 - 0x74814000 	C:\WINDOWS\SYSTEM32\Wldp.dll
0x77210000 - 0x77297000 	C:\WINDOWS\System32\SHCORE.dll
0x76730000 - 0x76775000 	C:\WINDOWS\System32\shlwapi.dll
0x747d0000 - 0x747ec000 	C:\WINDOWS\SYSTEM32\profapi.dll
0x747b0000 - 0x747c7000 	F:\JDK\jre\bin\net.dll
0x74750000 - 0x747a2000 	C:\WINDOWS\system32\mswsock.dll
0x74740000 - 0x7474f000 	F:\JDK\jre\bin\nio.dll
0x758a0000 - 0x758b3000 	C:\WINDOWS\SYSTEM32\CRYPTSP.dll
0x75e30000 - 0x75e5f000 	C:\WINDOWS\system32\rsaenh.dll
0x760a0000 - 0x760c5000 	C:\WINDOWS\SYSTEM32\USERENV.dll
0x76320000 - 0x7637f000 	C:\WINDOWS\System32\bcryptprimitives.dll
0x74730000 - 0x7473a000 	C:\WINDOWS\SYSTEM32\CRYPTBASE.dll
0x76490000 - 0x764c2000 	C:\WINDOWS\SYSTEM32\IPHLPAPI.DLL
0x75990000 - 0x75997000 	C:\WINDOWS\System32\NSI.dll
0x760d0000 - 0x760e4000 	C:\WINDOWS\SYSTEM32\dhcpcsvc6.DLL
0x76380000 - 0x76396000 	C:\WINDOWS\SYSTEM32\dhcpcsvc.DLL
0x76670000 - 0x76700000 	C:\WINDOWS\SYSTEM32\DNSAPI.dll
0x76780000 - 0x767b8000 	C:\Users\Ирина и Виктор\AppData\Local\Temp\jna-1508233013\jna6393007338263666726.dll
0x76700000 - 0x76721000 	C:\Users\Ирина и Виктор\AppData\Local\Temp\jansi-2.4.1-416c61cc65b1c0f0-jansi.dll
0x75e60000 - 0x75e6c000 	F:\JDK\jre\bin\management.dll

VM Arguments:
jvm_args: -Xmx1536M -Dsbt.supershell=false -Didea.managed=true -Dfile.encoding=UTF-8 -Didea.installation.dir=F:\IntelliJ IDEA 2023.3.4 -Dsbt.log.noformat=true 
java_command: C:\Users\Ирина и Виктор\AppData\Roaming\JetBrains\IntelliJIdea2023.3\plugins\Scala\launcher\sbt-launch.jar early(addPluginSbtFile="""C:\Users\CD17~1\AppData\Local\Temp\idea8.sbt""") ; set ideaPort in Global := 58886 ; idea-shell
java_class_path (initial): C:\Users\Ирина и Виктор\AppData\Roaming\JetBrains\IntelliJIdea2023.3\plugins\Scala\launcher\sbt-launch.jar
Launcher Type: SUN_STANDARD

Environment Variables:
PATH=C:\ProgramData\Oracle\Java\javapath;C:\Users\Ирина и Виктор\gcc\bin;C:\Users\Ирина и Виктор\gcc\libexec\gcc\x86_64-w64-mingw32\10.2.0;C:\WINDOWS\system32;C:\WINDOWS;C:\WINDOWS\System32\Wbem;C:\WINDOWS\System32\WindowsPowerShell\v1.0\;C:\WINDOWS\System32\OpenSSH\;C:\Program Files\dotnet\;C:\Program Files\Microsoft SQL Server\130\Tools\Binn\;F:\Git\cmd;F:\Scala\bin;C:\Users\Ирина и Виктор\AppData\Local\Microsoft\WindowsApps;;C:\Users\????? ? ??????\AppData\Local\Coursier\data\bin;F:\IntelliJ IDEA 2023.3.4\bin;
USERNAME=Ирина и Виктор
OS=Windows_NT
PROCESSOR_IDENTIFIER=Intel64 Family 6 Model 42 Stepping 7, GenuineIntel



---------------  S Y S T E M  ---------------

OS: Windows 10 , 64 bit Build 19041 (10.0.19041.3636)

CPU:total 4 (initial active 4) (4 cores per cpu, 1 threads per core) family 6 model 42 stepping 7, cmov, cx8, fxsr, mmx, sse, sse2, sse3, ssse3, sse4.1, sse4.2, popcnt, avx, aes, clmul, tsc, tscinvbit

Memory: 4k page, physical 4176188k(1128264k free), swap 8370492k(1854164k free)

vm_info: OpenJDK Server VM (25.402-b06) for windows-x86 JRE (1.8.0_402-402-b06), built on Jan 30 2024 04:56:32 by "Administrator" with MS VC++ 16.10 / 16.11 (VS2019)

time: Fri Mar  8 22:39:44 2024
timezone: Intel64 Family 6 Model 42 Stepping 7, GenuineIntel
elapsed time: 3.492256 seconds (0d 0h 0m 3s)

