#
# There is insufficient memory for the Java Runtime Environment to continue.
# Native memory allocation (malloc) failed to allocate 1407848 bytes for Chunk::new
# Possible reasons:
#   The system is out of physical RAM or swap space
#   In 32 bit mode, the process size limit was hit
# Possible solutions:
#   Reduce memory load on the system
#   Increase physical memory or swap space
#   Check if swap backing store is full
#   Use 64 bit Java on a 64 bit OS
#   Decrease Java heap size (-Xmx/-Xms)
#   Decrease number of Java threads
#   Decrease Java thread stack sizes (-Xss)
#   Set larger code cache with -XX:ReservedCodeCacheSize=
# This output file may be truncated or incomplete.
#
#  Out of Memory Error (allocation.cpp:389), pid=3628, tid=0x00001728
#
# JRE version: OpenJDK Runtime Environment (8.0_402-b06) (build 1.8.0_402-402-b06)
# Java VM: OpenJDK Server VM (25.402-b06 mixed mode windows-x86 )
# Failed to write core dump. Minidumps are not enabled by default on client versions of Windows
#

---------------  T H R E A D  ---------------

Current thread (0x00f95800):  JavaThread "C2 CompilerThread0" daemon [_thread_in_native, id=5928, stack(0x736a0000,0x736f0000)]

Stack: [0x736a0000,0x736f0000],  sp=0x736eccac,  free space=307k
Native frames: (J=compiled Java code, j=interpreted, Vv=VM code, C=native code)
V  [jvm.dll+0x1c95d8]
V  [jvm.dll+0x1c14b3]
V  [jvm.dll+0x88990]
V  [jvm.dll+0x891cb]
V  [jvm.dll+0x380d18]
V  [jvm.dll+0x34f737]
V  [jvm.dll+0x356f14]
V  [jvm.dll+0x3564b7]
V  [jvm.dll+0x344646]
V  [jvm.dll+0x69332]
V  [jvm.dll+0x67e23]
V  [jvm.dll+0x19811d]
V  [jvm.dll+0x1dd0bb]
C  [ucrtbase.dll+0x44f9f]
C  [KERNEL32.DLL+0x1fcc9]
C  [ntdll.dll+0x67c6e]
C  [ntdll.dll+0x67c3e]
C  0x00000000


Current CompileTask:
C2:   3576 3405       4       java.net.URLClassLoader$1::run (5 bytes)


---------------  P R O C E S S  ---------------

Java Threads: ( => current thread )
  0x7e0a2000 JavaThread "sbt-command-exchange-fastTrack" daemon [_thread_blocked, id=10664, stack(0x7f920000,0x7f970000)]
  0x74053400 JavaThread "classloader-cache-cleanup-0" daemon [_thread_blocked, id=756, stack(0x7f210000,0x7f260000)]
  0x7e074800 JavaThread "sbt-console-input-reader" [_thread_blocked, id=4600, stack(0x7f1c0000,0x7f210000)]
  0x7c2f4800 JavaThread "boot-server-socket-thread-1" [_thread_in_native, id=9872, stack(0x776a0000,0x776f0000)]
  0x73c0fc00 JavaThread "JNA Cleaner" daemon [_thread_blocked, id=8232, stack(0x77010000,0x77060000)]
  0x74638800 JavaThread "pool-1-thread-3" [_thread_blocked, id=11180, stack(0x762b0000,0x76300000)]
  0x74638000 JavaThread "pool-1-thread-2" [_thread_blocked, id=9320, stack(0x76220000,0x76270000)]
  0x740dec00 JavaThread "pool-1-thread-1" [_thread_blocked, id=4632, stack(0x75df0000,0x75e40000)]
  0x732ba000 JavaThread "Service Thread" daemon [_thread_blocked, id=1088, stack(0x73850000,0x738a0000)]
  0x732cac00 JavaThread "C1 CompilerThread2" daemon [_thread_blocked, id=8888, stack(0x737c0000,0x73810000)]
  0x732cf400 JavaThread "C2 CompilerThread1" daemon [_thread_in_native, id=1240, stack(0x73730000,0x73780000)]
=>0x00f95800 JavaThread "C2 CompilerThread0" daemon [_thread_in_native, id=5928, stack(0x736a0000,0x736f0000)]
  0x732c6400 JavaThread "Attach Listener" daemon [_thread_blocked, id=4684, stack(0x73610000,0x73660000)]
  0x732c5800 JavaThread "Signal Dispatcher" daemon [_thread_blocked, id=2700, stack(0x73580000,0x735d0000)]
  0x0103e000 JavaThread "Finalizer" daemon [_thread_blocked, id=10212, stack(0x730c0000,0x73110000)]
  0x0103c400 JavaThread "Reference Handler" daemon [_thread_blocked, id=1424, stack(0x73030000,0x73080000)]
  0x00f6e800 JavaThread "main" [_thread_in_Java, id=2324, stack(0x02940000,0x02990000)]

Other Threads:
  0x73228400 VMThread [stack: 0x72fa0000,0x72ff0000] [id=5100]
  0x732bac00 WatcherThread [stack: 0x738e0000,0x73930000] [id=5552]

VM state:not at safepoint (normal execution)

VM Mutex/Monitor currently owned by a thread: None

Heap:
 PSYoungGen      total 87808K, used 65506K [0x51e00000, 0x592c0000, 0x71e00000)
  eden space 79872K, 72% used [0x51e00000,0x5563ad78,0x56c00000)
  from space 7936K, 99% used [0x578c0000,0x5807de38,0x58080000)
  to   space 13056K, 0% used [0x56c00000,0x56c00000,0x578c0000)
 ParOldGen       total 50944K, used 20388K [0x11e00000, 0x14fc0000, 0x51e00000)
  object space 50944K, 40% used [0x11e00000,0x131e9310,0x14fc0000)
 Metaspace       used 37023K, capacity 38880K, committed 38912K, reserved 39296K

Card table byte_map: [0x71e00000,0x72110000] byte_map_base: 0x71d71000

Marking Bits: (ParMarkBitMap*) 0x754bf700
 Begin Bits: [0x77bd0000, 0x793d0000)
 End Bits:   [0x793d0000, 0x7abd0000)

Polling page: 0x00ed0000

CodeCache: size=245760Kb used=8732Kb max_used=8732Kb free=237027Kb
 bounds [0x029c0000, 0x03248000, 0x119c0000]
 total_blobs=3901 nmethods=3640 adapters=172
 compilation: enabled

Compilation events (10 events):
Event: 3.529 Thread 0x732cac00 3654       2       scala.tools.nsc.classpath.FileUtils$::mayBeValidPackage (52 bytes)
Event: 3.529 Thread 0x732cac00 nmethod 3654 0x03245f48 code [0x03246080, 0x03246264]
Event: 3.542 Thread 0x732cac00 3655       2       java.util.zip.ZipUtils::get32 (23 bytes)
Event: 3.543 Thread 0x732cac00 nmethod 3655 0x03246488 code [0x032465a0, 0x03246700]
Event: 3.543 Thread 0x732cac00 3656       2       java.util.zip.ZipUtils::unixTimeToFileTime (8 bytes)
Event: 3.543 Thread 0x732cac00 nmethod 3656 0x03246888 code [0x03246980, 0x03246a80]
Event: 3.544 Thread 0x732cac00 3657       2       scala.tools.nsc.classpath.ZipArchiveFileLookup::findDirEntry (25 bytes)
Event: 3.544 Thread 0x732cac00 nmethod 3657 0x03246b08 code [0x03246c40, 0x03246e04]
Event: 3.544 Thread 0x732cac00 3658       2       scala.reflect.io.FileZipArchive::allDirs (21 bytes)
Event: 3.544 Thread 0x732cac00 nmethod 3658 0x03246f88 code [0x032470a0, 0x0324718c]

GC Heap History (10 events):
Event: 1.171 GC heap before
{Heap before GC invocations=6 (full 1):
 PSYoungGen      total 35840K, used 2549K [0x51e00000, 0x56c00000, 0x71e00000)
  eden space 33280K, 0% used [0x51e00000,0x51e00000,0x53e80000)
  from space 2560K, 99% used [0x53e80000,0x540fd658,0x54100000)
  to   space 6656K, 0% used [0x56580000,0x56580000,0x56c00000)
 ParOldGen       total 43776K, used 11640K [0x11e00000, 0x148c0000, 0x51e00000)
  object space 43776K, 26% used [0x11e00000,0x1295e030,0x148c0000)
 Metaspace       used 15844K, capacity 16382K, committed 16384K, reserved 16768K
Event: 1.191 GC heap after
Heap after GC invocations=6 (full 1):
 PSYoungGen      total 35840K, used 0K [0x51e00000, 0x56c00000, 0x71e00000)
  eden space 33280K, 0% used [0x51e00000,0x51e00000,0x53e80000)
  from space 2560K, 0% used [0x53e80000,0x53e80000,0x54100000)
  to   space 6656K, 0% used [0x56580000,0x56580000,0x56c00000)
 ParOldGen       total 31488K, used 4510K [0x11e00000, 0x13cc0000, 0x51e00000)
  object space 31488K, 14% used [0x11e00000,0x12267870,0x13cc0000)
 Metaspace       used 15844K, capacity 16382K, committed 16384K, reserved 16768K
}
Event: 1.536 GC heap before
{Heap before GC invocations=7 (full 1):
 PSYoungGen      total 35840K, used 33280K [0x51e00000, 0x56c00000, 0x71e00000)
  eden space 33280K, 100% used [0x51e00000,0x53e80000,0x53e80000)
  from space 2560K, 0% used [0x53e80000,0x53e80000,0x54100000)
  to   space 6656K, 0% used [0x56580000,0x56580000,0x56c00000)
 ParOldGen       total 31488K, used 4511K [0x11e00000, 0x13cc0000, 0x51e00000)
  object space 31488K, 14% used [0x11e00000,0x12267ee8,0x13cc0000)
 Metaspace       used 20533K, capacity 21190K, committed 21248K, reserved 21888K
Event: 1.543 GC heap after
Heap after GC invocations=7 (full 1):
 PSYoungGen      total 60160K, used 6373K [0x51e00000, 0x56bc0000, 0x71e00000)
  eden space 53760K, 0% used [0x51e00000,0x51e00000,0x55280000)
  from space 6400K, 99% used [0x56580000,0x56bb9600,0x56bc0000)
  to   space 7168K, 0% used [0x55dc0000,0x55dc0000,0x564c0000)
 ParOldGen       total 31488K, used 4515K [0x11e00000, 0x13cc0000, 0x51e00000)
  object space 31488K, 14% used [0x11e00000,0x12268ee8,0x13cc0000)
 Metaspace       used 20533K, capacity 21190K, committed 21248K, reserved 21888K
}
Event: 1.935 GC heap before
{Heap before GC invocations=8 (full 1):
 PSYoungGen      total 60160K, used 43580K [0x51e00000, 0x56bc0000, 0x71e00000)
  eden space 53760K, 69% used [0x51e00000,0x54255a70,0x55280000)
  from space 6400K, 99% used [0x56580000,0x56bb9600,0x56bc0000)
  to   space 7168K, 0% used [0x55dc0000,0x55dc0000,0x564c0000)
 ParOldGen       total 31488K, used 4515K [0x11e00000, 0x13cc0000, 0x51e00000)
  object space 31488K, 14% used [0x11e00000,0x12268ee8,0x13cc0000)
 Metaspace       used 26144K, capacity 27301K, committed 27308K, reserved 28032K
Event: 1.941 GC heap after
Heap after GC invocations=8 (full 1):
 PSYoungGen      total 72448K, used 7154K [0x51e00000, 0x58080000, 0x71e00000)
  eden space 65280K, 0% used [0x51e00000,0x51e00000,0x55dc0000)
  from space 7168K, 99% used [0x55dc0000,0x564bca50,0x564c0000)
  to   space 7936K, 0% used [0x578c0000,0x578c0000,0x58080000)
 ParOldGen       total 31488K, used 4569K [0x11e00000, 0x13cc0000, 0x51e00000)
  object space 31488K, 14% used [0x11e00000,0x122767a0,0x13cc0000)
 Metaspace       used 26144K, capacity 27301K, committed 27308K, reserved 28032K
}
Event: 1.941 GC heap before
{Heap before GC invocations=9 (full 2):
 PSYoungGen      total 72448K, used 7154K [0x51e00000, 0x58080000, 0x71e00000)
  eden space 65280K, 0% used [0x51e00000,0x51e00000,0x55dc0000)
  from space 7168K, 99% used [0x55dc0000,0x564bca50,0x564c0000)
  to   space 7936K, 0% used [0x578c0000,0x578c0000,0x58080000)
 ParOldGen       total 31488K, used 4569K [0x11e00000, 0x13cc0000, 0x51e00000)
  object space 31488K, 14% used [0x11e00000,0x122767a0,0x13cc0000)
 Metaspace       used 26144K, capacity 27301K, committed 27308K, reserved 28032K
Event: 1.972 GC heap after
Heap after GC invocations=9 (full 2):
 PSYoungGen      total 72448K, used 0K [0x51e00000, 0x58080000, 0x71e00000)
  eden space 65280K, 0% used [0x51e00000,0x51e00000,0x55dc0000)
  from space 7168K, 0% used [0x55dc0000,0x55dc0000,0x564c0000)
  to   space 7936K, 0% used [0x578c0000,0x578c0000,0x58080000)
 ParOldGen       total 50944K, used 10556K [0x11e00000, 0x14fc0000, 0x51e00000)
  object space 50944K, 20% used [0x11e00000,0x1284f240,0x14fc0000)
 Metaspace       used 26144K, capacity 27301K, committed 27308K, reserved 28032K
}
Event: 2.674 GC heap before
{Heap before GC invocations=10 (full 2):
 PSYoungGen      total 72448K, used 65280K [0x51e00000, 0x58080000, 0x71e00000)
  eden space 65280K, 100% used [0x51e00000,0x55dc0000,0x55dc0000)
  from space 7168K, 0% used [0x55dc0000,0x55dc0000,0x564c0000)
  to   space 7936K, 0% used [0x578c0000,0x578c0000,0x58080000)
 ParOldGen       total 50944K, used 10556K [0x11e00000, 0x14fc0000, 0x51e00000)
  object space 50944K, 20% used [0x11e00000,0x1284f240,0x14fc0000)
 Metaspace       used 31955K, capacity 33310K, committed 33408K, reserved 34176K
Event: 2.686 GC heap after
Heap after GC invocations=10 (full 2):
 PSYoungGen      total 87808K, used 7927K [0x51e00000, 0x592c0000, 0x71e00000)
  eden space 79872K, 0% used [0x51e00000,0x51e00000,0x56c00000)
  from space 7936K, 99% used [0x578c0000,0x5807de38,0x58080000)
  to   space 13056K, 0% used [0x56c00000,0x56c00000,0x578c0000)
 ParOldGen       total 50944K, used 20388K [0x11e00000, 0x14fc0000, 0x51e00000)
  object space 50944K, 40% used [0x11e00000,0x131e9310,0x14fc0000)
 Metaspace       used 31955K, capacity 33310K, committed 33408K, reserved 34176K
}

Deoptimization events (10 events):
Event: 3.405 Thread 0x00f6e800 Uncommon trap: reason=class_check action=maybe_recompile pc=0x02fa25bc method=scala.reflect.internal.Names$Name.scala$reflect$internal$Names$Name$$$outer()Lscala/reflect/internal/Names; @ 4
Event: 3.405 Thread 0x00f6e800 Uncommon trap: reason=class_check action=maybe_recompile pc=0x02fa25bc method=scala.reflect.internal.Names$Name.scala$reflect$internal$Names$Name$$$outer()Lscala/reflect/internal/Names; @ 4
Event: 3.405 Thread 0x00f6e800 Uncommon trap: reason=class_check action=maybe_recompile pc=0x02fa25bc method=scala.reflect.internal.Names$Name.scala$reflect$internal$Names$Name$$$outer()Lscala/reflect/internal/Names; @ 4
Event: 3.405 Thread 0x00f6e800 Uncommon trap: reason=class_check action=maybe_recompile pc=0x02fa25bc method=scala.reflect.internal.Names$Name.scala$reflect$internal$Names$Name$$$outer()Lscala/reflect/internal/Names; @ 4
Event: 3.407 Thread 0x00f6e800 Uncommon trap: reason=unstable_if action=reinterpret pc=0x03014f04 method=scala.reflect.internal.SymbolTable.tpnme()Lscala/reflect/internal/StdNames$tpnme$; @ 4
Event: 3.488 Thread 0x00f6e800 Uncommon trap: reason=unstable_if action=reinterpret pc=0x02f12104 method=sun.util.calendar.CalendarUtils.isGregorianLeapYear(I)Z @ 3
Event: 3.488 Thread 0x00f6e800 Uncommon trap: reason=unstable_if action=reinterpret pc=0x02f10028 method=sun.util.calendar.CalendarUtils.isGregorianLeapYear(I)Z @ 3
Event: 3.488 Thread 0x00f6e800 Uncommon trap: reason=unstable_if action=reinterpret pc=0x02f0e804 method=sun.util.calendar.CalendarUtils.isGregorianLeapYear(I)Z @ 3
Event: 3.488 Thread 0x00f6e800 Uncommon trap: reason=unstable_if action=reinterpret pc=0x02f07810 method=sun.util.calendar.CalendarUtils.isGregorianLeapYear(I)Z @ 3
Event: 3.513 Thread 0x00f6e800 Uncommon trap: reason=unstable_if action=reinterpret pc=0x02efe8f4 method=java.util.zip.ZipEntry.getTime()J @ 4

Classes redefined (0 events):
No events

Internal exceptions (10 events):
Event: 3.200 Thread 0x00f6e800 Exception <a 'java/lang/NoSuchMethodError': java.lang.Object.$anonfun$enumerationAsScalaIteratorConverter$1(Lscala/collection/convert/DecorateAsScala;Ljava/util/Enumeration;)Lscala/collection/Iterator;> (0x53df8b00) thrown at [C:\openjdk\jdk8u\hotspot\src
Event: 3.216 Thread 0x00f6e800 Exception <a 'java/security/PrivilegedActionException'> (0x53f38070) thrown at [C:\openjdk\jdk8u\hotspot\src\share\vm\prims\jvm.cpp, line 1514]
Event: 3.216 Thread 0x00f6e800 Exception <a 'java/security/PrivilegedActionException'> (0x53f38810) thrown at [C:\openjdk\jdk8u\hotspot\src\share\vm\prims\jvm.cpp, line 1514]
Event: 3.216 Thread 0x00f6e800 Exception <a 'java/security/PrivilegedActionException'> (0x53f3ace8) thrown at [C:\openjdk\jdk8u\hotspot\src\share\vm\prims\jvm.cpp, line 1514]
Event: 3.216 Thread 0x00f6e800 Exception <a 'java/security/PrivilegedActionException'> (0x53f3b488) thrown at [C:\openjdk\jdk8u\hotspot\src\share\vm\prims\jvm.cpp, line 1514]
Event: 3.294 Thread 0x00f6e800 Exception <a 'sun/nio/fs/WindowsException'> (0x5445e608) thrown at [C:\openjdk\jdk8u\hotspot\src\share\vm\prims\jni.cpp, line 709]
Event: 3.294 Thread 0x00f6e800 Exception <a 'sun/nio/fs/WindowsException'> (0x544710d0) thrown at [C:\openjdk\jdk8u\hotspot\src\share\vm\prims\jni.cpp, line 709]
Event: 3.338 Thread 0x00f6e800 Exception <a 'java/lang/NoSuchMethodError': java.lang.Object.$anonfun$pattern3$1(Lscala/tools/nsc/ast/parser/Parsers$Parser$SeqContextSensitive;)Lscala/reflect/internal/Trees$Tree;> (0x546baa60) thrown at [C:\openjdk\jdk8u\hotspot\src\share\vm\interpreter
Event: 3.339 Thread 0x00f6e800 Exception <a 'java/lang/NoSuchMethodError': java.lang.Object.$anonfun$pattern3$4(Lscala/tools/nsc/ast/parser/Parsers$Parser$SeqContextSensitive;Lscala/reflect/internal/Trees$Tree;Lscala/collection/immutable/List;)Lscala/reflect/internal/Trees$Tree;> (0x54
Event: 3.339 Thread 0x00f6e800 Exception <a 'java/lang/NoSuchMethodError': java.lang.Object.$anonfun$init$1$adapted(Lscala/runtime/BooleanRef;Lscala/collection/mutable/Builder;Lscala/runtime/ObjectRef;Ljava/lang/Object;)Ljava/lang/Object;> (0x546c8460) thrown at [C:\openjdk\jdk8u\hotsp

Events (10 events):
Event: 3.488 Thread 0x00f6e800 DEOPT UNPACKING pc=0x029fabbc sp=0x0298c648 mode 2
Event: 3.488 Thread 0x00f6e800 Uncommon trap: trap_request=0xffffff65 fr.pc=0x02f0e804
Event: 3.488 Thread 0x00f6e800 DEOPT PACKING pc=0x02f0e804 sp=0x0298c6f0
Event: 3.488 Thread 0x00f6e800 DEOPT UNPACKING pc=0x029fabbc sp=0x0298c600 mode 2
Event: 3.488 Thread 0x00f6e800 Uncommon trap: trap_request=0xffffff65 fr.pc=0x02f07810
Event: 3.488 Thread 0x00f6e800 DEOPT PACKING pc=0x02f07810 sp=0x0298c690
Event: 3.488 Thread 0x00f6e800 DEOPT UNPACKING pc=0x029fabbc sp=0x0298c5f4 mode 2
Event: 3.513 Thread 0x00f6e800 Uncommon trap: trap_request=0xffffff65 fr.pc=0x02efe8f4
Event: 3.513 Thread 0x00f6e800 DEOPT PACKING pc=0x02efe8f4 sp=0x0298c910
Event: 3.513 Thread 0x00f6e800 DEOPT UNPACKING pc=0x029fabbc sp=0x0298c914 mode 2


Dynamic libraries:
0x00da0000 - 0x00de0000 	F:\JDK\bin\java.exe
0x77a20000 - 0x77bc4000 	C:\WINDOWS\SYSTEM32\ntdll.dll
0x77120000 - 0x77210000 	C:\WINDOWS\System32\KERNEL32.DLL
0x75a90000 - 0x75cca000 	C:\WINDOWS\System32\KERNELBASE.dll
0x75800000 - 0x7589f000 	C:\WINDOWS\SYSTEM32\apphelp.dll
0x770a0000 - 0x7711e000 	C:\WINDOWS\System32\ADVAPI32.dll
0x75e70000 - 0x75f2f000 	C:\WINDOWS\System32\msvcrt.dll
0x758c0000 - 0x75938000 	C:\WINDOWS\System32\sechost.dll
0x759a0000 - 0x75a5f000 	C:\WINDOWS\System32\RPCRT4.dll
0x76100000 - 0x76119000 	C:\WINDOWS\System32\bcrypt.dll
0x767e0000 - 0x7697c000 	C:\WINDOWS\System32\USER32.dll
0x76f40000 - 0x76f58000 	C:\WINDOWS\System32\win32u.dll
0x75a60000 - 0x75a84000 	C:\WINDOWS\System32\GDI32.dll
0x763a0000 - 0x76488000 	C:\WINDOWS\System32\gdi32full.dll
0x764f0000 - 0x7656b000 	C:\WINDOWS\System32\msvcp_win.dll
0x75cd0000 - 0x75df0000 	C:\WINDOWS\System32\ucrtbase.dll
0x755a0000 - 0x757b0000 	C:\WINDOWS\WinSxS\x86_microsoft.windows.common-controls_6595b64144ccf1df_6.0.19041.3636_none_a863d714867441db\COMCTL32.dll
0x779d0000 - 0x779f5000 	C:\WINDOWS\System32\IMM32.DLL
0x757e0000 - 0x757f4000 	F:\JDK\jre\bin\vcruntime140.dll
0x75530000 - 0x7559d000 	F:\JDK\jre\bin\msvcp140.dll
0x74ed0000 - 0x7552d000 	F:\JDK\jre\bin\server\jvm.dll
0x77a00000 - 0x77a06000 	C:\WINDOWS\System32\PSAPI.DLL
0x757b0000 - 0x757b8000 	C:\WINDOWS\SYSTEM32\VERSION.dll
0x74ea0000 - 0x74ec8000 	C:\WINDOWS\SYSTEM32\WINMM.dll
0x757d0000 - 0x757d8000 	C:\WINDOWS\SYSTEM32\WSOCK32.dll
0x76f60000 - 0x76fc3000 	C:\WINDOWS\System32\WS2_32.dll
0x757c0000 - 0x757cf000 	C:\WINDOWS\SYSTEM32\kernel.appcore.dll
0x74e90000 - 0x74e9d000 	F:\JDK\jre\bin\verify.dll
0x74e60000 - 0x74e84000 	F:\JDK\jre\bin\java.dll
0x74e40000 - 0x74e56000 	F:\JDK\jre\bin\zip.dll
0x76980000 - 0x76f37000 	C:\WINDOWS\System32\SHELL32.dll
0x74820000 - 0x74e33000 	C:\WINDOWS\SYSTEM32\windows.storage.dll
0x77750000 - 0x779d0000 	C:\WINDOWS\System32\combase.dll
0x747f0000 - 0x74814000 	C:\WINDOWS\SYSTEM32\Wldp.dll
0x77210000 - 0x77297000 	C:\WINDOWS\System32\SHCORE.dll
0x76730000 - 0x76775000 	C:\WINDOWS\System32\shlwapi.dll
0x747d0000 - 0x747ec000 	C:\WINDOWS\SYSTEM32\profapi.dll
0x747b0000 - 0x747c7000 	F:\JDK\jre\bin\net.dll
0x74750000 - 0x747a2000 	C:\WINDOWS\system32\mswsock.dll
0x74740000 - 0x7474f000 	F:\JDK\jre\bin\nio.dll
0x758a0000 - 0x758b3000 	C:\WINDOWS\SYSTEM32\CRYPTSP.dll
0x75e40000 - 0x75e6f000 	C:\WINDOWS\system32\rsaenh.dll
0x76300000 - 0x76325000 	C:\WINDOWS\SYSTEM32\USERENV.dll
0x76330000 - 0x7638f000 	C:\WINDOWS\System32\bcryptprimitives.dll
0x74730000 - 0x7473a000 	C:\WINDOWS\SYSTEM32\CRYPTBASE.dll
0x76490000 - 0x764c2000 	C:\WINDOWS\SYSTEM32\IPHLPAPI.DLL
0x76390000 - 0x76397000 	C:\WINDOWS\System32\NSI.dll
0x764d0000 - 0x764e4000 	C:\WINDOWS\SYSTEM32\dhcpcsvc6.DLL
0x76670000 - 0x76686000 	C:\WINDOWS\SYSTEM32\dhcpcsvc.DLL
0x76690000 - 0x76720000 	C:\WINDOWS\SYSTEM32\DNSAPI.dll
0x76780000 - 0x767b8000 	C:\Users\Ирина и Виктор\AppData\Local\Temp\jna-1508233013\jna8942677175306583838.dll
0x776f0000 - 0x77711000 	C:\Users\Ирина и Виктор\AppData\Local\Temp\jansi-2.4.1-f17805743e5cc438-jansi.dll
0x76030000 - 0x7603c000 	F:\JDK\jre\bin\management.dll

VM Arguments:
jvm_args: -Xmx1536M -Dsbt.supershell=false -Didea.managed=true -Dfile.encoding=UTF-8 -Didea.installation.dir=F:\IntelliJ IDEA 2023.3.4 -Dsbt.log.noformat=true 
java_command: C:\Users\Ирина и Виктор\AppData\Roaming\JetBrains\IntelliJIdea2023.3\plugins\Scala\launcher\sbt-launch.jar early(addPluginSbtFile="""C:\Users\CD17~1\AppData\Local\Temp\idea1.sbt""") ; set ideaPort in Global := 63387 ; idea-shell
java_class_path (initial): C:\Users\Ирина и Виктор\AppData\Roaming\JetBrains\IntelliJIdea2023.3\plugins\Scala\launcher\sbt-launch.jar
Launcher Type: SUN_STANDARD

Environment Variables:
PATH=C:\ProgramData\Oracle\Java\javapath;C:\Users\Ирина и Виктор\gcc\bin;C:\Users\Ирина и Виктор\gcc\libexec\gcc\x86_64-w64-mingw32\10.2.0;C:\WINDOWS\system32;C:\WINDOWS;C:\WINDOWS\System32\Wbem;C:\WINDOWS\System32\WindowsPowerShell\v1.0\;C:\WINDOWS\System32\OpenSSH\;C:\Program Files\dotnet\;C:\Program Files\Microsoft SQL Server\130\Tools\Binn\;F:\Git\cmd;F:\Scala\bin;C:\Users\Ирина и Виктор\AppData\Local\Microsoft\WindowsApps;;C:\Users\????? ? ??????\AppData\Local\Coursier\data\bin;F:\IntelliJ IDEA 2023.3.4\bin;
USERNAME=Ирина и Виктор
OS=Windows_NT
PROCESSOR_IDENTIFIER=Intel64 Family 6 Model 42 Stepping 7, GenuineIntel



---------------  S Y S T E M  ---------------

OS: Windows 10 , 64 bit Build 19041 (10.0.19041.3636)

CPU:total 4 (initial active 4) (4 cores per cpu, 1 threads per core) family 6 model 42 stepping 7, cmov, cx8, fxsr, mmx, sse, sse2, sse3, ssse3, sse4.1, sse4.2, popcnt, avx, aes, clmul, tsc, tscinvbit

Memory: 4k page, physical 4176188k(1197500k free), swap 8370492k(3594896k free)

vm_info: OpenJDK Server VM (25.402-b06) for windows-x86 JRE (1.8.0_402-402-b06), built on Jan 30 2024 04:56:32 by "Administrator" with MS VC++ 16.10 / 16.11 (VS2019)

time: Fri Mar  8 23:07:19 2024
timezone: Intel64 Family 6 Model 42 Stepping 7, GenuineIntel
elapsed time: 3.582038 seconds (0d 0h 0m 3s)

