JvmtiExport can_access_local_variables 0
JvmtiExport can_hotswap_or_post_breakpoint 0
JvmtiExport can_post_on_exceptions 0
# 622 ciObject found
ciMethod java/lang/Object <init> ()V 4097 1 488980 0 0
ciMethod java/lang/Object hashCode ()I 2049 1 256 0 -1
ciMethod java/lang/Object equals (Ljava/lang/Object;)Z 2329 1 38526 0 52
ciMethod java/lang/Object clone ()Ljava/lang/Object; 2049 1 256 0 -1
instanceKlass sbt/compiler/Eval$ParseErrorStrings
instanceKlass sbt/compiler/Eval$$Lambda$1716
instanceKlass scala/tools/nsc/classpath/DirectoryLookup$$Lambda$1715
instanceKlass scala/tools/nsc/classpath/JFileDirectoryLookup$$Lambda$1714
instanceKlass scala/tools/nsc/classpath/DirectoryClassPath
instanceKlass scala/tools/nsc/classpath/JFileDirectoryLookup
instanceKlass scala/tools/nsc/classpath/DirectoryLookup
instanceKlass sbt/compiler/EvalReporter$
instanceKlass sbt/compiler/Eval$$Lambda$1713
instanceKlass sbt/compiler/Eval$$Lambda$1712
instanceKlass sbt/compiler/Eval$$Lambda$1711
instanceKlass sbt/compiler/Eval$$Lambda$1710
instanceKlass sbt/compiler/Eval$$Lambda$1709
instanceKlass sbt/compiler/Eval$$Lambda$1708
instanceKlass sbt/compiler/Eval$$Lambda$1707
instanceKlass sbt/io/OrFilter
instanceKlass sbt/io/AbstractOrFilter
instanceKlass sbt/io/DirectoryFilter$
instanceKlass sbt/compiler/Eval$
instanceKlass sbt/compiler/Eval$$Lambda$1706
instanceKlass sbt/compiler/Eval$$anon$1
instanceKlass sbt/compiler/EvalImports
instanceKlass sbt/internal/EvaluateConfigurations$$$Lambda$1705
instanceKlass sbt/internal/EvaluateConfigurations$TrackedEvalResult
instanceKlass sbt/internal/EvaluateConfigurations$$$Lambda$1704
instanceKlass sbt/internal/DefinedSbtValues
instanceKlass sbt/internal/DefinedSbtValues$
instanceKlass sbt/internal/EvaluateConfigurations$ParsedFile
instanceKlass sbt/internal/EvaluateConfigurations$$$Lambda$1703
instanceKlass sbt/internal/EvaluateConfigurations$$$Lambda$1702
instanceKlass sbt/internal/EvaluateConfigurations$$$Lambda$1701
instanceKlass sbt/internal/EvaluateConfigurations$$$Lambda$1700
instanceKlass sbt/internal/EvaluateConfigurations$$$Lambda$1699
instanceKlass sbt/internal/parser/SbtParser$$Lambda$1698
instanceKlass sbt/internal/parser/SbtParser$$Lambda$1697
instanceKlass sbt/internal/parser/SbtParser$$Lambda$1696
instanceKlass sbt/internal/parser/SbtParser$$Lambda$1695
instanceKlass sbt/internal/parser/SbtParser$$Lambda$1694
instanceKlass sbt/internal/parser/SbtParser$$Lambda$1693
instanceKlass sbt/internal/parser/SbtParser$$Lambda$1692
instanceKlass sbt/internal/util/LineRange
instanceKlass sbt/internal/parser/SbtParser$$Lambda$1691
instanceKlass sbt/internal/parser/SbtParser$$Lambda$1690
instanceKlass scala/util/Try$
instanceKlass sbt/internal/parser/SbtParser$$Lambda$1689
instanceKlass sbt/internal/parser/SbtParser$$Lambda$1688
instanceKlass sbt/internal/parser/SbtParser$$Lambda$1687
instanceKlass sbt/internal/parser/SbtParser$$Lambda$1686
instanceKlass scala/tools/nsc/ast/parser/Scanners$Scanner$$Lambda$1685
instanceKlass scala/reflect/internal/StdAttachments$InfixAttachment$
instanceKlass scala/reflect/internal/StdAttachments$PlainAttachment
instanceKlass scala/reflect/internal/StdAttachments$ImportableAttachment
instanceKlass scala/runtime/RichInt
instanceKlass scala/runtime/RangedProxy
instanceKlass scala/runtime/ScalaNumberProxy
instanceKlass scala/runtime/OrderedProxy
instanceKlass scala/Proxy$Typed
instanceKlass scala/reflect/internal/Precedence
instanceKlass scala/tools/nsc/ast/parser/Scanners$Scanner$$anon$3
instanceKlass scala/tools/nsc/ast/parser/Parsers$Parser$$Lambda$1684
instanceKlass scala/collection/TraversableLike$$Lambda$1683
instanceKlass scala/tools/nsc/ast/parser/Parsers$Parser$SeqContextSensitive$$Lambda$1682
instanceKlass scala/tools/nsc/ast/parser/Parsers$Parser$SeqContextSensitive$$Lambda$1681
instanceKlass scala/tools/nsc/ast/parser/Parsers$Parser$noSeq$
instanceKlass scala/tools/nsc/ast/parser/Parsers$Parser$SeqContextSensitive
instanceKlass scala/tools/nsc/ast/parser/Parsers$Parser$PatternContextSensitive
instanceKlass scala/tools/nsc/ast/parser/Parsers$Parser$$Lambda$1680
instanceKlass scala/tools/nsc/ast/parser/Parsers$Parser$$Lambda$1679
instanceKlass scala/tools/nsc/ast/parser/Parsers$Parser$$Lambda$1678
instanceKlass scala/runtime/java8/JFunction1$mcZI$sp
instanceKlass scala/tools/nsc/ast/parser/Parsers$OpInfo
instanceKlass scala/reflect/internal/Precedence$
instanceKlass scala/reflect/internal/util/Position$
instanceKlass scala/tools/nsc/ast/parser/Parsers$Parser$$Lambda$1677
instanceKlass scala/tools/nsc/ast/parser/Cbuf$
instanceKlass scala/tools/nsc/ast/parser/Cbuf$StringBuilderOps$
instanceKlass scala/reflect/internal/Chars$
instanceKlass scala/reflect/internal/Chars
instanceKlass scala/tools/nsc/ast/parser/Scanners$ScannerData$$anon$2
instanceKlass scala/tools/nsc/ast/parser/Scanners$ScannerData$$anon$1
instanceKlass scala/tools/nsc/util/CharArrayReader
instanceKlass scala/tools/nsc/ast/parser/ScannersCommon$DocScanner
instanceKlass scala/tools/nsc/ast/parser/ScannersCommon$ScannerCommon
instanceKlass scala/tools/nsc/ast/parser/Scanners$ScannerData
instanceKlass scala/tools/nsc/util/CharArrayReaderData
instanceKlass scala/tools/nsc/ast/parser/Scanners$TokenData
instanceKlass scala/tools/nsc/ast/parser/ScannersCommon$CommonTokenData
instanceKlass scala/tools/nsc/ast/parser/ParsersCommon$ParserCommon
instanceKlass scala/collection/mutable/ArrayOps$ofChar$
instanceKlass scala/util/Random
instanceKlass sbt/internal/parser/SbtParser$$$Lambda$1676
instanceKlass sbt/internal/parser/SbtParser
instanceKlass sbt/internal/parser/ParsedSbtFileExpressions
instanceKlass sbt/internal/BuildUtil$$$Lambda$1675
instanceKlass sbt/internal/DetectedPlugins$$Lambda$1674
instanceKlass sbt/internal/DetectedPlugins$$Lambda$1673
instanceKlass sbt/internal/DetectedPlugins$$Lambda$1672
instanceKlass sbt/internal/DetectedPlugins$$Lambda$1671
instanceKlass sbt/internal/DetectedPlugins$$Lambda$1670
instanceKlass sbt/internal/BuildUtil$$$Lambda$1669
instanceKlass sbt/internal/BuildUtil$$$Lambda$1668
instanceKlass sbt/internal/DetectedModules$$Lambda$1667
instanceKlass sbt/internal/BuildUtil$
instanceKlass sbt/compiler/Eval$$Lambda$1666
instanceKlass sbt/compiler/Eval$EvalType
instanceKlass sbt/internal/Load$$$Lambda$1665
instanceKlass sbt/internal/Load$$$Lambda$1664
instanceKlass sbt/internal/DslEntry
instanceKlass sbt/internal/EvaluateConfigurations$
instanceKlass sbt/internal/Load$$$Lambda$1663
instanceKlass sbt/internal/Load$$$Lambda$1662
instanceKlass sbt/internal/LoadedSbtFile
instanceKlass sbt/internal/Load$$$Lambda$1661
instanceKlass sbt/internal/Load$$$Lambda$1660
instanceKlass sbt/internal/Load$$$Lambda$1659
instanceKlass sbt/internal/AddSettings
instanceKlass sbt/internal/AddSettings$
instanceKlass sbt/internal/Load$$$Lambda$1658
instanceKlass sbt/internal/Load$$$Lambda$1657
instanceKlass sbt/internal/Load$$$Lambda$1656
instanceKlass sbt/compiler/Eval
instanceKlass java/lang/invoke/LambdaForm$MH
instanceKlass java/lang/invoke/LambdaForm$DMH
instanceKlass sbt/internal/Load$$$Lambda$1655
instanceKlass java/lang/invoke/LambdaForm$DMH
instanceKlass sbt/internal/Load$LoadedProjects
instanceKlass sbt/internal/Load$$$Lambda$1654
instanceKlass sbt/internal/Load$$$Lambda$1653
instanceKlass sbt/internal/Load$$$Lambda$1652
instanceKlass sbt/internal/Load$$$Lambda$1651
instanceKlass sbt/internal/DetectedModules$$Lambda$1650
instanceKlass sbt/internal/Load$$$Lambda$1649
instanceKlass sbt/internal/DetectedPlugins
instanceKlass sbt/plugins/MiniDependencyTreePlugin$autoImport$
instanceKlass sbt/plugins/MiniDependencyTreeKeys
instanceKlass sbt/plugins/JUnitXmlReportPlugin$autoImport$
instanceKlass sbt/ScriptedPlugin$autoImport$
instanceKlass sbt/Plugins$$$Lambda$1648
instanceKlass sbt/Plugins$$$Lambda$1647
instanceKlass sbt/Plugins$$$Lambda$1646
instanceKlass sbt/Plugins$$$Lambda$1645
instanceKlass scala/util/control/Exception$$$Lambda$1644
instanceKlass scala/util/control/Exception$Catch$$Lambda$1643
instanceKlass scala/util/control/Exception$Catch$$anon$2
instanceKlass scala/util/control/Exception$Catch$$Lambda$1642
instanceKlass sbt/Plugins$$$Lambda$1641
instanceKlass scala/util/control/Exception$$$Lambda$1640
instanceKlass scala/util/control/Exception$Catch$$$Lambda$1639
instanceKlass scala/util/control/Exception$Catch$
instanceKlass scala/util/control/Exception$Catch
instanceKlass scala/util/control/Exception$Described
instanceKlass scala/util/control/Exception$$anon$1
instanceKlass scala/util/control/Exception$$$Lambda$1638
instanceKlass scala/util/control/Exception$$$Lambda$1637
instanceKlass scala/util/control/Exception$
instanceKlass sbt/internal/util/logic/Formula
instanceKlass sbt/Plugins$
instanceKlass sbt/internal/PluginDiscovery$$$Lambda$1636
instanceKlass sbt/internal/DetectedAutoPlugin
instanceKlass sbt/internal/DetectedModules
instanceKlass sbt/internal/inc/ModuleUtilities$$$Lambda$1635
instanceKlass sbt/internal/inc/ModuleUtilities$
instanceKlass sbt/internal/PluginDiscovery$$$Lambda$1634
instanceKlass sbt/internal/BuildDef$$$Lambda$1633
instanceKlass sbt/internal/BuildDef$$anon$2
instanceKlass sbt/internal/BuildDef$$anon$1
instanceKlass sbt/internal/BuildDef
instanceKlass sbt/internal/BuildDef$
instanceKlass scala/collection/mutable/LazyBuilder
instanceKlass sbt/internal/PluginDiscovery$$$Lambda$1632
instanceKlass sbt/internal/PluginDiscovery$$$Lambda$1631
instanceKlass scala/collection/immutable/StreamView
instanceKlass scala/collection/immutable/StreamViewLike
instanceKlass scala/collection/convert/DecorateAsScala$$Lambda$1630
instanceKlass java/util/Collections$EmptyEnumeration
instanceKlass sbt/Remove$Values
instanceKlass sbt/internal/PluginDiscovery$
instanceKlass sbt/internal/PluginManagement$PluginClassLoader$$Lambda$1629
instanceKlass sbt/io/Path$$$Lambda$1628
instanceKlass sbt/internal/util/Attributed$$$Lambda$1627
instanceKlass sbt/internal/PluginManagement$$Lambda$1626
instanceKlass sbt/internal/Load$$$Lambda$1625
instanceKlass sbt/internal/Load$$$Lambda$1624
instanceKlass sbt/internal/LoadedPlugins
instanceKlass sbt/internal/Load$$$Lambda$1623
instanceKlass sbt/internal/BuildLoader$$Lambda$1622
instanceKlass sbt/internal/BuildLoader$$$Lambda$1621
instanceKlass sbt/internal/BuildLoader$$$Lambda$1620
instanceKlass sbt/internal/Load$$$Lambda$1619
instanceKlass sbt/internal/BuildLoader$$$Lambda$1618
instanceKlass sbt/internal/BuildLoader$$$Lambda$1617
instanceKlass sbt/internal/MultiHandler$$Lambda$1616
instanceKlass sbt/Resolvers$$$Lambda$1615
instanceKlass sbt/Resolvers$$$Lambda$1614
instanceKlass sbt/Resolvers$$$Lambda$1613
instanceKlass sbt/Resolvers$$$Lambda$1612
instanceKlass sbt/Resolvers$$$Lambda$1611
instanceKlass sbt/io/Hash$$$Lambda$1610
instanceKlass sbt/io/Hash$$$Lambda$1609
instanceKlass sbt/io/Hash$
instanceKlass sbt/Resolvers$$$Lambda$1608
instanceKlass sbt/Resolvers$DistributedVCS$$Lambda$1607
instanceKlass sbt/Resolvers$DistributedVCS
instanceKlass sbt/Resolvers$$$Lambda$1606
instanceKlass sbt/Resolvers$$$Lambda$1605
instanceKlass sbt/Resolvers$$$Lambda$1604
instanceKlass sbt/Resolvers$
instanceKlass sbt/RichURI
instanceKlass sbt/RichURI$
instanceKlass sbt/internal/RetrieveUnit$Path$
instanceKlass sbt/internal/RetrieveUnit$Scheme$
instanceKlass sbt/internal/RetrieveUnit$
instanceKlass sbt/internal/MultiHandler$$Lambda$1603
instanceKlass sbt/io/IO$$$Lambda$1602
instanceKlass sbt/io/IO$$$Lambda$1601
instanceKlass sbt/internal/BuildLoader$$$Lambda$1600
instanceKlass sbt/internal/BuildLoader$$$Lambda$1599
instanceKlass sbt/internal/MultiHandler
instanceKlass sbt/internal/BuildLoader
instanceKlass sbt/internal/BuildLoader$Components
instanceKlass sbt/internal/BuildLoader$$$Lambda$1598
instanceKlass sbt/internal/BuildUnit
instanceKlass sbt/internal/BuildLoader$TransformInfo
instanceKlass sbt/internal/BuildLoader$$$Lambda$1597
instanceKlass sbt/internal/BuildLoader$LoadInfo
instanceKlass sbt/internal/BuildLoader$
instanceKlass sbt/internal/Load$$$Lambda$1596
instanceKlass sbt/internal/BuildLoader$BuildInfo
instanceKlass sbt/internal/Load$$$Lambda$1595
instanceKlass sbt/internal/BuildLoader$ResolveInfo
instanceKlass sbt/internal/BuildLoader$Info
instanceKlass sbt/internal/Load$$$Lambda$1594
instanceKlass sbt/internal/Load$$$Lambda$1593
instanceKlass sbt/internal/PartBuild
instanceKlass java/lang/invoke/LambdaForm$MH
instanceKlass java/lang/invoke/LambdaForm$DMH
instanceKlass sbt/internal/Load$$$Lambda$1592
instanceKlass java/lang/invoke/LambdaForm$DMH
instanceKlass sbt/BuildPaths$$$Lambda$1591
instanceKlass sbt/io/FilterFiles$$Lambda$1590
instanceKlass sbt/io/ChildPathFinder$$Lambda$1589
instanceKlass scala/collection/mutable/SetLike$$Lambda$1588
instanceKlass sbt/io/NotNameFilter
instanceKlass sbt/io/AbstractNotFilter
instanceKlass sbt/io/AndNameFilter
instanceKlass sbt/io/AbstractAndFilter
instanceKlass sbt/io/ExactFilter
instanceKlass sbt/io/FileFilter$$anon$2
instanceKlass sbt/io/FileFilter$$anon$1
instanceKlass sbt/io/FileFilter$
instanceKlass sbt/io/ExtensionFilter
instanceKlass sbt/io/GlobFilter$$$Lambda$1587
instanceKlass sbt/io/GlobFilter$$$Lambda$1586
instanceKlass sbt/io/GlobFilter$
instanceKlass sbt/io/PathFinder
instanceKlass sbt/io/PathFinderDefaults
instanceKlass sbt/io/PathFinder$Combinator
instanceKlass sbt/io/PathLister
instanceKlass sbt/io/PathFinder$
instanceKlass sbt/internal/Load$$$Lambda$1585
instanceKlass sbt/internal/LoadBuildConfiguration
instanceKlass sbt/internal/SysProp$$$Lambda$1584
instanceKlass sbt/internal/SysProp$$$Lambda$1583
instanceKlass sbt/internal/SysProp$$$Lambda$1582
instanceKlass sbt/internal/inc/HashUtil$
instanceKlass sbt/internal/SysProp$$$Lambda$1581
instanceKlass sbt/EvaluateTask$$$Lambda$1580
instanceKlass sbt/RunningTaskEngine
instanceKlass sbt/EvaluateTask$
instanceKlass sbt/internal/LogManager$$$Lambda$1579
instanceKlass sbt/internal/LogManager$
instanceKlass sbt/internal/Load$InjectSettings
instanceKlass scala/Array$$$Lambda$1578
instanceKlass sbt/internal/PluginManagement
instanceKlass sbt/internal/PluginManagement$Context
instanceKlass scala/runtime/AbstractFunction2
instanceKlass sbt/internal/PluginManagement$
instanceKlass sbt/internal/Load$$$Lambda$1577
instanceKlass sbt/internal/Load$$$Lambda$1576
instanceKlass sbt/internal/inc/javac/JavaTools$$anon$1
instanceKlass sbt/internal/inc/javac/JavaTools$$$Lambda$1575
instanceKlass sbt/internal/inc/javac/LocalJavadoc
instanceKlass javax/tools/DocumentationTool$DocumentationTask
instanceKlass com/sun/tools/javadoc/api/JavadocTool
instanceKlass javax/tools/DocumentationTool
instanceKlass javax/tools/JavaFileObject
instanceKlass javax/tools/FileObject
instanceKlass sbt/internal/inc/javac/LocalJava$
instanceKlass xsbti/compile/Javadoc
instanceKlass sbt/internal/inc/javac/Javadoc$
instanceKlass sbt/internal/inc/javac/JavaTools$$$Lambda$1574
instanceKlass javax/tools/DiagnosticListener
instanceKlass javax/tools/ForwardingJavaFileManager
instanceKlass sbt/internal/inc/javac/JavaCompiler$$$Lambda$1573
instanceKlass sbt/internal/inc/javac/LocalJavaCompiler
instanceKlass com/sun/tools/javac/main/OptionHelper
instanceKlass javax/tools/StandardJavaFileManager
instanceKlass com/sun/source/util/JavacTask
instanceKlass javax/tools/JavaFileManager
instanceKlass javax/tools/JavaCompiler$CompilationTask
instanceKlass com/sun/tools/javac/api/JavacTool
instanceKlass java/net/URLClassLoader$6
instanceKlass javax/tools/JavaCompiler
instanceKlass javax/tools/OptionChecker
instanceKlass javax/tools/Tool
instanceKlass javax/tools/ToolProvider
instanceKlass xsbti/compile/JavaCompiler
instanceKlass xsbti/compile/JavaTool
instanceKlass sbt/internal/inc/javac/JavaCompiler$
instanceKlass xsbti/compile/JavaTools
instanceKlass sbt/internal/inc/javac/JavaTools$
instanceKlass sbt/internal/inc/CompilerArguments$$Lambda$1572
instanceKlass sbt/internal/inc/CompilerArguments
instanceKlass sbt/internal/inc/ZincLmUtil$$$Lambda$1571
instanceKlass sbt/internal/inc/AnalyzingCompiler
instanceKlass sbt/internal/inc/ZincComponentCompiler$ZincCompilerBridgeProvider
instanceKlass scala/sys/process/ProcessLogger
instanceKlass sbt/util/Logger$
instanceKlass sbt/internal/inc/ZincComponentManager
instanceKlass sbt/internal/inc/ZincComponentCompiler$$anon$1
instanceKlass sbt/internal/librarymanagement/JsonUtil$
instanceKlass xsbti/compile/CompilerBridgeProvider
instanceKlass sbt/internal/inc/ZincComponentCompiler$
instanceKlass sbt/librarymanagement/ArtifactFunctions$$Lambda$1570
instanceKlass sbt/internal/inc/ResourceLoader$
instanceKlass sbt/internal/inc/ZincComponentManager$
instanceKlass sbt/librarymanagement/ModuleIDFunctions
instanceKlass scala/math/Ordering$Tuple3Ordering
instanceKlass sbt/internal/librarymanagement/SemComparatorExtra$$Lambda$1569
instanceKlass sbt/internal/librarymanagement/SemComparatorExtra$$Lambda$1568
instanceKlass sbt/internal/librarymanagement/SemComparatorExtra$$Lambda$1567
instanceKlass sbt/internal/librarymanagement/SemComparatorExtra$$Lambda$1566
instanceKlass sbt/internal/librarymanagement/SemComparatorExtra$$Lambda$1565
instanceKlass sbt/internal/librarymanagement/SemComparatorExtra$$Lambda$1564
instanceKlass java/lang/invoke/LambdaForm$DMH
instanceKlass sbt/internal/librarymanagement/SemSelAndChunk$$Lambda$1563
instanceKlass sbt/librarymanagement/SemanticSelector$$Lambda$1562
instanceKlass sbt/librarymanagement/SemanticSelector
instanceKlass sbt/internal/librarymanagement/SemSelAndChunkFunctions$$Lambda$1561
instanceKlass sbt/internal/librarymanagement/SemComparatorFunctions$$Lambda$1560
instanceKlass sbt/internal/librarymanagement/SemComparatorFunctions$$Lambda$1559
instanceKlass sbt/internal/librarymanagement/SemComparatorFunctions$$Lambda$1558
instanceKlass sbt/internal/librarymanagement/SemComparatorFunctions$$Lambda$1557
instanceKlass sbt/internal/librarymanagement/SemComparatorFunctions$$Lambda$1556
instanceKlass sbt/internal/librarymanagement/SemComparatorFunctions
instanceKlass sbt/internal/librarymanagement/SemSelAndChunkFunctions$$Lambda$1555
instanceKlass sbt/internal/librarymanagement/SemComparatorExtra
instanceKlass scala/collection/IndexedSeqOptimized$$Lambda$1554
instanceKlass sbt/internal/librarymanagement/SemSelAndChunkFunctions$$Lambda$1553
instanceKlass sbt/internal/librarymanagement/SemSelOperator
instanceKlass sbt/internal/librarymanagement/SemSelAndChunkFunctions
instanceKlass sbt/librarymanagement/SemanticSelector$$$Lambda$1552
instanceKlass sbt/internal/librarymanagement/SemSelAndChunk
instanceKlass sbt/librarymanagement/SemanticSelector$$$Lambda$1551
instanceKlass sbt/librarymanagement/SemanticSelector$
instanceKlass sbt/librarymanagement/VersionNumber
instanceKlass sbt/librarymanagement/VersionNumber$$$Lambda$1550
instanceKlass sbt/librarymanagement/VersionNumber$$$Lambda$1549
instanceKlass sbt/librarymanagement/VersionNumber$$$Lambda$1548
instanceKlass sbt/librarymanagement/VersionNumber$
instanceKlass sbt/librarymanagement/ScalaArtifacts$
instanceKlass sbt/internal/inc/ZincLmUtil$
instanceKlass sbt/internal/inc/ScalaInstance$$Lambda$1547
instanceKlass sbt/internal/inc/ScalaInstance$$$Lambda$1546
instanceKlass java/lang/invoke/LambdaForm$BMH
instanceKlass java/lang/invoke/LambdaForm$MH
instanceKlass scala/runtime/MethodCache
instanceKlass scala/runtime/StructuralCallSite
instanceKlass sbt/internal/inc/ScalaInstance$$$Lambda$1545
instanceKlass sbt/internal/inc/ScalaInstance$$$Lambda$1544
instanceKlass sbt/internal/inc/ScalaInstance$
instanceKlass org/apache/ivy/Ivy
instanceKlass org/apache/ivy/util/url/URLHandler
instanceKlass org/apache/ivy/util/MessageLogger
instanceKlass sbt/librarymanagement/ivy/IvyDependencyResolution
instanceKlass sbt/librarymanagement/DependencyResolution$
instanceKlass sbt/librarymanagement/DependencyResolutionInterface
instanceKlass sbt/librarymanagement/ivy/IvyDependencyResolution$
instanceKlass scala/collection/immutable/Vector$$Lambda$1543
instanceKlass sbt/librarymanagement/FileConfiguration
instanceKlass sbt/librarymanagement/FileConfiguration$
instanceKlass sbt/librarymanagement/FileRepository$
instanceKlass sbt/librarymanagement/ivy/IvyPaths$
instanceKlass sbt/librarymanagement/ivy/IvyDefaults$
instanceKlass sbt/internal/librarymanagement/LMSysProp$$$Lambda$1542
instanceKlass sbt/librarymanagement/ivy/CircularDependencyLevel$$anon$3
instanceKlass sbt/librarymanagement/ivy/CircularDependencyLevel$$anon$2
instanceKlass sbt/librarymanagement/ivy/CircularDependencyLevel$$anon$1
instanceKlass sbt/librarymanagement/ivy/CircularDependencyLevel
instanceKlass sbt/librarymanagement/ivy/CircularDependencyLevel$
instanceKlass sbt/librarymanagement/ivy/UpdateOptions$
instanceKlass sbt/librarymanagement/ivy/InlineIvyConfiguration$
instanceKlass sbt/internal/util/Attributed$$$Lambda$1541
instanceKlass sbt/internal/util/Attributed$
instanceKlass sbt/BuildPaths$$$Lambda$1540
instanceKlass sbt/BuildPaths$$$Lambda$1539
instanceKlass sbt/BuildPaths$$$Lambda$1538
instanceKlass sbt/BuildPaths$$$Lambda$1537
instanceKlass sbt/internal/librarymanagement/cross/CrossVersionUtil$$$Lambda$1536
instanceKlass sbt/internal/librarymanagement/cross/CrossVersionUtil$
instanceKlass java/lang/invoke/LambdaForm$MH
instanceKlass java/lang/invoke/LambdaForm$DMH
instanceKlass sbt/internal/Load$$$Lambda$1535
instanceKlass java/lang/invoke/LambdaForm$DMH
instanceKlass sbt/internal/Load$$$Lambda$1534
instanceKlass sbt/TaskKey$$Lambda$1533
instanceKlass sbt/internal/Load$$$Lambda$1532
instanceKlass sbt/internal/Load$$$Lambda$1531
instanceKlass sbt/internal/KeyIndex
instanceKlass sbt/internal/Load$
instanceKlass sbt/internal/inc/FreshCompilerCache
instanceKlass xsbti/compile/CompilerCache
instanceKlass sbt/BuiltinCommands$$$Lambda$1530
instanceKlass sbt/Project$$$Lambda$1529
instanceKlass sbt/internal/util/AbstractRMap
instanceKlass sbt/internal/util/IMap
instanceKlass sbt/internal/util/RMap
instanceKlass sbt/internal/util/IMap$
instanceKlass sbt/SessionVar$
instanceKlass sbt/BuiltinCommands$$$Lambda$1528
instanceKlass sbt/BuiltinCommands$$$Lambda$1527
instanceKlass sbt/io/IO$$$Lambda$1526
instanceKlass sbt/internal/BootServerSocket$2$$Lambda$1525
instanceKlass sbt/internal/util/Terminal$TerminalImpl$$anon$5$$Lambda$1524
instanceKlass sbt/internal/BootServerSocket$2$$Lambda$1523
instanceKlass java/lang/invoke/LambdaForm$DMH
instanceKlass sbt/internal/util/Terminal$TerminalImpl$$anon$5$$Lambda$1522
instanceKlass sbt/internal/util/Terminal$TerminalImpl$$Lambda$1521
instanceKlass sbt/internal/util/Terminal$TerminalImpl$$anon$6$$Lambda$1520
instanceKlass sbt/internal/util/Terminal$TerminalImpl$$anon$6$$Lambda$1519
instanceKlass java/lang/invoke/LambdaForm$MH
instanceKlass java/lang/invoke/LambdaForm$DMH
instanceKlass java/lang/invoke/LambdaForm$DMH
instanceKlass sbt/internal/util/Terminal$TerminalImpl$$anon$6$$Lambda$1518
instanceKlass java/lang/invoke/LambdaForm$DMH
instanceKlass sbt/internal/util/Terminal$LinePrintStream$$Lambda$1517
instanceKlass sbt/BuiltinCommands$$$Lambda$1516
instanceKlass sbt/BasicCommands$$$Lambda$1515
instanceKlass sbt/internal/util/complete/ParserMain$$anon$1$$Lambda$1514
instanceKlass sbt/BuiltinCommands$$$Lambda$1513
instanceKlass sbt/io/IO$$$Lambda$1512
instanceKlass sbt/io/IO$$$Lambda$1511
instanceKlass sbt/io/Using$$$Lambda$1510
instanceKlass sbt/BuiltinCommands$$$Lambda$1509
instanceKlass sbt/BuiltinCommands$$$Lambda$1508
instanceKlass scala/collection/convert/DecorateAsScala$$Lambda$1507
instanceKlass scala/Function$$$Lambda$1506
instanceKlass scala/Function$
instanceKlass sbt/BasicCommands$$$Lambda$1505
instanceKlass sbt/BasicCommands$$$Lambda$1504
instanceKlass sbt/BuiltinCommands$$$Lambda$1503
instanceKlass sbt/internal/util/complete/Filter$$Lambda$1502
instanceKlass sbt/internal/util/complete/Repeat$$Lambda$1501
instanceKlass sbt/internal/util/complete/Parser$$$Lambda$1500
instanceKlass sbt/State$StateOpsImpl$$$Lambda$1499
instanceKlass sbt/CommandUtil$$$Lambda$1498
instanceKlass sbt/CommandUtil$$$Lambda$1497
instanceKlass sbt/CommandUtil$$$Lambda$1496
instanceKlass sbt/CommandUtil$
instanceKlass sbt/internal/util/complete/ParserMain$$Lambda$1495
instanceKlass sbt/TemplateCommandUtil$$$Lambda$1494
instanceKlass sbt/internal/util/complete/Parsers$$Lambda$1493
instanceKlass sbt/internal/util/complete/And$$Lambda$1492
instanceKlass sbt/internal/util/complete/ParserMain$$anon$3$$Lambda$1491
instanceKlass sbt/BasicCommands$$$Lambda$1490
instanceKlass sbt/BasicCommands$$$Lambda$1489
instanceKlass sbt/internal/util/complete/Not
instanceKlass sbt/BasicCommands$$$Lambda$1488
instanceKlass sbt/BasicCommands$$$Lambda$1487
instanceKlass sbt/BasicCommands$$$Lambda$1486
instanceKlass sbt/BasicCommands$$$Lambda$1485
instanceKlass sbt/internal/util/complete/Parsers$$Lambda$1484
instanceKlass java/lang/invoke/LambdaForm$MH
instanceKlass java/lang/invoke/LambdaForm$DMH
instanceKlass java/lang/invoke/LambdaForm$DMH
instanceKlass sbt/internal/util/complete/Parsers$$Lambda$1483
instanceKlass java/lang/invoke/LambdaForm$DMH
instanceKlass sbt/internal/util/complete/And$$Lambda$1482
instanceKlass sbt/BasicCommands$$$Lambda$1481
instanceKlass sbt/internal/util/complete/Parser$$$Lambda$1480
instanceKlass sbt/internal/util/complete/And
instanceKlass sbt/internal/util/complete/Parser$$$Lambda$1479
instanceKlass sbt/BasicCommands$$$Lambda$1478
instanceKlass sbt/BasicCommands$$$Lambda$1477
instanceKlass sbt/internal/ContinuousCommands$$$Lambda$1476
instanceKlass sbt/internal/ContinuousCommands$$$Lambda$1475
instanceKlass sbt/BasicCommands$$$Lambda$1474
instanceKlass sbt/BasicCommands$$$Lambda$1473
instanceKlass sbt/internal/Act$$$Lambda$1472
instanceKlass sbt/internal/Act$$$Lambda$1471
instanceKlass sbt/internal/Act$ActAction
instanceKlass sbt/internal/Act$$$Lambda$1470
instanceKlass sbt/internal/Act$ParsedAxis
instanceKlass sbt/internal/Act$
instanceKlass sbt/BasicCommands$$$Lambda$1469
instanceKlass sbt/BasicCommands$$$Lambda$1468
instanceKlass sbt/Cross$$$Lambda$1467
instanceKlass sbt/internal/server/BuildServerProtocol$$$Lambda$1466
instanceKlass sbt/BasicCommands$$$Lambda$1465
instanceKlass sbt/BasicCommands$$$Lambda$1464
instanceKlass sbt/BasicCommands$$$Lambda$1463
instanceKlass sbt/BasicCommands$$$Lambda$1462
instanceKlass sbt/BasicCommands$$$Lambda$1461
instanceKlass sbt/BasicCommands$$$Lambda$1460
instanceKlass sbt/BasicCommands$$$Lambda$1459
instanceKlass sbt/BasicCommands$$$Lambda$1458
instanceKlass sbt/BasicCommands$$$Lambda$1457
instanceKlass sbt/BasicCommands$$$Lambda$1456
instanceKlass sbt/BasicCommands$$$Lambda$1455
instanceKlass sbt/BasicCommands$$$Lambda$1454
instanceKlass sbt/BasicCommands$$$Lambda$1453
instanceKlass sbt/BasicCommands$$$Lambda$1452
instanceKlass sbt/BasicCommands$$$Lambda$1451
instanceKlass sbt/BasicCommands$$$Lambda$1450
instanceKlass sbt/BasicCommands$$$Lambda$1449
instanceKlass sbt/BasicCommands$$$Lambda$1448
instanceKlass sbt/BasicCommands$$$Lambda$1447
instanceKlass sbt/BasicCommands$$$Lambda$1446
instanceKlass sbt/BasicCommands$$$Lambda$1445
instanceKlass sbt/BasicCommands$$$Lambda$1444
instanceKlass sbt/BasicCommands$$$Lambda$1443
instanceKlass sbt/BasicCommands$$$Lambda$1442
instanceKlass sbt/BasicCommands$$$Lambda$1441
instanceKlass sbt/BasicCommands$$$Lambda$1440
instanceKlass sbt/BasicCommands$$$Lambda$1439
instanceKlass sbt/BasicCommands$$$Lambda$1438
instanceKlass sbt/BasicCommands$$$Lambda$1437
instanceKlass sbt/BasicCommands$$$Lambda$1436
instanceKlass sbt/BuiltinCommands$$$Lambda$1435
instanceKlass sbt/BuiltinCommands$$$Lambda$1434
instanceKlass sbt/internal/server/NetworkChannel$$$Lambda$1433
instanceKlass sbt/internal/server/NetworkChannel$$$Lambda$1432
instanceKlass sbt/internal/server/NetworkChannel$
instanceKlass sbt/BuiltinCommands$$$Lambda$1431
instanceKlass sbt/BuiltinCommands$$$Lambda$1430
instanceKlass sbt/internal/Continuous$$$Lambda$1429
instanceKlass sbt/BuiltinCommands$$$Lambda$1428
instanceKlass sbt/BuiltinCommands$$$Lambda$1427
instanceKlass sbt/BuiltinCommands$$$Lambda$1426
instanceKlass sbt/BuiltinCommands$$$Lambda$1425
instanceKlass sbt/BuiltinCommands$$$Lambda$1424
instanceKlass sbt/BuiltinCommands$$$Lambda$1423
instanceKlass sbt/BuiltinCommands$$$Lambda$1422
instanceKlass sbt/BuiltinCommands$$$Lambda$1421
instanceKlass sbt/BuiltinCommands$$$Lambda$1420
instanceKlass sbt/Command$$$Lambda$1419
instanceKlass sbt/BuiltinCommands$$$Lambda$1418
instanceKlass sbt/BuiltinCommands$$$Lambda$1417
instanceKlass sbt/BuiltinCommands$$$Lambda$1416
instanceKlass sbt/BuiltinCommands$$$Lambda$1415
instanceKlass sbt/BuiltinCommands$$$Lambda$1414
instanceKlass sbt/BuiltinCommands$$$Lambda$1413
instanceKlass sbt/BuiltinCommands$$$Lambda$1412
instanceKlass sbt/BasicCommands$$$Lambda$1411
instanceKlass sbt/BasicCommands$$$Lambda$1410
instanceKlass sbt/BuiltinCommands$$$Lambda$1409
instanceKlass sbt/BuiltinCommands$$$Lambda$1408
instanceKlass sbt/BuiltinCommands$$$Lambda$1407
instanceKlass sbt/BasicCommandStrings$$$Lambda$1406
instanceKlass sbt/internal/util/complete/ParserMain$$Lambda$1405
instanceKlass sbt/BuiltinCommands$$$Lambda$1404
instanceKlass sbt/Cross$$$Lambda$1403
instanceKlass sbt/Cross$$$Lambda$1402
instanceKlass sbt/PluginCross$$$Lambda$1401
instanceKlass sbt/PluginCross$$$Lambda$1400
instanceKlass sbt/PluginCross$$$Lambda$1399
instanceKlass sbt/PluginCross$$$Lambda$1398
instanceKlass sbt/PluginCross$
instanceKlass sbt/internal/CrossJava$$$Lambda$1397
instanceKlass sbt/internal/CrossJava$CrossArgs
instanceKlass sbt/internal/CrossJava$$$Lambda$1396
instanceKlass sbt/internal/CrossJava$$$Lambda$1395
instanceKlass sbt/internal/CrossJava$SwitchJavaHome
instanceKlass sbt/internal/CrossJava$$$Lambda$1394
instanceKlass sbt/internal/CrossJava$
instanceKlass sbt/Cross$$$Lambda$1393
instanceKlass sbt/Cross$Switch
instanceKlass sbt/Cross$$$Lambda$1392
instanceKlass sbt/Cross$$$Lambda$1391
instanceKlass sbt/Cross$CrossArgs
instanceKlass sbt/Cross$$$Lambda$1390
instanceKlass sbt/Cross$$$Lambda$1389
instanceKlass sbt/Cross$
instanceKlass sbt/BuiltinCommands$$$Lambda$1388
instanceKlass sbt/BuiltinCommands$$$Lambda$1387
instanceKlass sbt/BuiltinCommands$$$Lambda$1386
instanceKlass sbt/BuiltinCommands$$$Lambda$1385
instanceKlass sbt/BuiltinCommands$$$Lambda$1384
instanceKlass sbt/BuiltinCommands$$$Lambda$1383
instanceKlass sbt/internal/Inspect$$$Lambda$1382
instanceKlass sbt/internal/Inspect$$$Lambda$1381
instanceKlass sbt/internal/Inspect$$$Lambda$1380
instanceKlass sbt/internal/Inspect$DefinitionsMode$
instanceKlass sbt/internal/Inspect$UsesMode$
instanceKlass sbt/internal/Inspect$DependencyTreeMode$
instanceKlass sbt/internal/Inspect$Mode
instanceKlass sbt/internal/Inspect$
instanceKlass sbt/BuiltinCommands$$$Lambda$1379
instanceKlass sbt/internal/SessionSettings$
instanceKlass sbt/BuiltinCommands$$$Lambda$1378
instanceKlass sbt/BuiltinCommands$$$Lambda$1377
instanceKlass sbt/BuiltinCommands$$$Lambda$1376
instanceKlass sbt/BuiltinCommands$$$Lambda$1375
instanceKlass sbt/BuiltinCommands$$$Lambda$1374
instanceKlass sbt/TemplateCommandUtil$$$Lambda$1373
instanceKlass sbt/TemplateCommandUtil$$$Lambda$1372
instanceKlass sbt/TemplateCommandUtil$
instanceKlass sbt/BuiltinCommands$$$Lambda$1371
instanceKlass sbt/BuiltinCommands$$$Lambda$1370
instanceKlass sbt/BuiltinCommands$$$Lambda$1369
instanceKlass java/lang/invoke/LambdaForm$MH
instanceKlass java/lang/invoke/LambdaForm$DMH
instanceKlass sbt/BuiltinCommands$$$Lambda$1368
instanceKlass java/lang/invoke/LambdaForm$DMH
instanceKlass sbt/BuiltinCommands$$$Lambda$1367
instanceKlass sbt/BuiltinCommands$$$Lambda$1366
instanceKlass sbt/BuiltinCommands$$$Lambda$1365
instanceKlass sbt/internal/TaskProgress$$Lambda$1364
instanceKlass sbt/internal/TaskProgress$$Lambda$1363
instanceKlass sbt/util/LoggerContext$LoggerContextImpl$$Lambda$1362
instanceKlass sbt/internal/GCMonitor$$Lambda$1361
instanceKlass sbt/MainLoop$$$Lambda$1360
instanceKlass sbt/MainLoop$$$Lambda$1359
instanceKlass sbt/internal/CommandExchange$$Lambda$1358
instanceKlass sbt/MainLoop$ExitCode$
instanceKlass sbt/MainLoop$$$Lambda$1357
instanceKlass sbt/MainLoop$$$Lambda$1356
instanceKlass sbt/MainLoop$$$Lambda$1355
instanceKlass sbt/internal/util/complete/ParserMain$$Lambda$1354
instanceKlass sbt/internal/util/complete/ParserMain$$Lambda$1353
instanceKlass scala/util/Either$LeftProjection
instanceKlass sbt/Command$$$Lambda$1352
instanceKlass sbt/internal/util/complete/ParserMain$$anon$2$$Lambda$1351
instanceKlass sbt/Command$$$Lambda$1350
instanceKlass sbt/internal/util/complete/ParserMain$$Lambda$1349
instanceKlass sbt/internal/util/complete/SoftInvalid
instanceKlass sbt/Command$$$Lambda$1348
instanceKlass sbt/internal/util/complete/BindParser$$Lambda$1347
instanceKlass sbt/internal/util/complete/SeqParser$$Lambda$1346
instanceKlass sbt/BasicCommands$$$Lambda$1345
instanceKlass sbt/internal/util/complete/ParserMain$$Lambda$1344
instanceKlass sbt/Command$$$Lambda$1343
instanceKlass sbt/internal/util/complete/StringLiteral$$Lambda$1342
instanceKlass sbt/internal/util/complete/Parser$$$Lambda$1341
instanceKlass sbt/internal/util/complete/Parser$Failure$$Lambda$1340
instanceKlass sbt/internal/util/complete/Repeat$$Lambda$1339
instanceKlass sbt/internal/util/complete/HomParser$$Lambda$1338
instanceKlass sbt/internal/util/complete/Parser$Result$$Lambda$1337
instanceKlass sbt/internal/util/complete/SeqParser$$Lambda$1336
instanceKlass sbt/Command$$$Lambda$1335
instanceKlass sbt/Command$$$Lambda$1334
instanceKlass sbt/Command$$$Lambda$1333
instanceKlass sbt/Command$$$Lambda$1332
instanceKlass sbt/Command$$$Lambda$1331
instanceKlass sbt/Command$$$Lambda$1330
instanceKlass sbt/Command$$$Lambda$1329
instanceKlass sbt/BasicCommands$$$Lambda$1328
instanceKlass sbt/BasicCommands$$$Lambda$1327
instanceKlass sbt/BasicCommands$$$Lambda$1326
instanceKlass sbt/Command$$$Lambda$1325
instanceKlass sbt/Command$$$Lambda$1324
instanceKlass sbt/internal/util/Util$$$Lambda$1323
instanceKlass sbt/Command$$$Lambda$1322
instanceKlass sbt/State$$Lambda$1321
instanceKlass sbt/MainLoop$$$Lambda$1320
instanceKlass sbt/BuiltinCommands$$$Lambda$1319
instanceKlass sbt/BuiltinCommands$$$Lambda$1318
instanceKlass sbt/internal/ContinuousCommands$$$Lambda$1317
instanceKlass java/lang/invoke/LambdaForm$DMH
instanceKlass sbt/internal/ContinuousCommands$$$Lambda$1316
instanceKlass sbt/internal/ContinuousCommands$$$Lambda$1315
instanceKlass sbt/internal/ContinuousCommands$$$Lambda$1314
instanceKlass sbt/internal/ContinuousCommands$$$Lambda$1313
instanceKlass sbt/internal/ContinuousCommands$$$Lambda$1312
instanceKlass sbt/internal/ContinuousCommands$$$Lambda$1311
instanceKlass sbt/internal/ContinuousCommands$$$Lambda$1310
instanceKlass sbt/internal/Continuous$ContinuousState
instanceKlass sbt/internal/ContinuousCommands$
instanceKlass sbt/BuiltinCommands$$$Lambda$1309
instanceKlass sbt/BasicCommands$$$Lambda$1308
instanceKlass sbt/internal/FastTrackCommands$$$Lambda$1307
instanceKlass java/lang/invoke/LambdaForm$DMH
instanceKlass java/lang/invoke/LambdaForm$DMH
instanceKlass sbt/BasicCommands$$$Lambda$1306
instanceKlass sbt/internal/FastTrackCommands$$$Lambda$1305
instanceKlass sbt/internal/FastTrackCommands$
instanceKlass sbt/Terminal$$anon$1
instanceKlass sbt/Terminal$
instanceKlass sbt/MainLoop$$$Lambda$1304
instanceKlass sbt/MainLoop$$$Lambda$1303
instanceKlass sbt/internal/nio/CheckBuildSources
instanceKlass sbt/internal/nio/CheckBuildSources$
instanceKlass sbt/internal/CommandExchange$$Lambda$1302
instanceKlass sbt/protocol/ExecStatusEvent$
instanceKlass sbt/internal/ui/UserThread$$Lambda$1301
instanceKlass sbt/internal/ui/UserThread
instanceKlass java/util/concurrent/ConcurrentLinkedQueue$Node
instanceKlass sbt/internal/CommandExchange$$Lambda$1300
instanceKlass sbt/internal/ui/UITask
instanceKlass sbt/internal/ConsoleChannel$
instanceKlass sbt/internal/CommandExchange$$anon$1
instanceKlass sbt/internal/CommandExchange$$Lambda$1299
instanceKlass sbt/internal/nio/Observer
instanceKlass sbt/protocol/EventMessage
instanceKlass sbt/internal/CommandChannel
instanceKlass sbt/internal/CommandExchange
instanceKlass sbt/MainLoop$$$Lambda$1298
instanceKlass sbt/CommandSource
instanceKlass scala/collection/mutable/ArrayOps$ofByte$
instanceKlass scala/collection/mutable/ArrayOps$ofByte
instanceKlass java/lang/invoke/LambdaForm$MH
instanceKlass java/lang/invoke/LambdaForm$DMH
instanceKlass java/lang/invoke/LambdaForm$DMH
instanceKlass sbt/internal/util/Appender$$Lambda$1297
instanceKlass java/lang/invoke/LambdaForm$DMH
instanceKlass scala/collection/immutable/StringLike$$Lambda$1296
instanceKlass sbt/util/LoggerContext$LoggerContextImpl$Log$$Lambda$1295
instanceKlass sbt/util/LoggerContext$LoggerContextImpl$Log$$Lambda$1294
instanceKlass sbt/util/LoggerContext$LoggerContextImpl$Log$$Lambda$1293
instanceKlass sbt/State$StateOpsImpl$$$Lambda$1292
instanceKlass sbt/MainLoop$$$Lambda$1291
instanceKlass sbt/MainLoop$$$Lambda$1290
instanceKlass sbt/internal/util/ErrorHandling$
instanceKlass sbt/internal/GCMonitor$$Lambda$1289
instanceKlass sun/management/NotificationEmitterSupport$ListenerInfo
instanceKlass sbt/internal/GCMonitor$$Lambda$1288
instanceKlass java/util/EventObject
instanceKlass sbt/internal/GCMonitor$$Lambda$1287
instanceKlass com/sun/management/GarbageCollectorMXBean
instanceKlass java/lang/management/GarbageCollectorMXBean
instanceKlass java/lang/management/MemoryManagerMXBean
instanceKlass scala/collection/convert/DecorateAsScala$$Lambda$1286
instanceKlass sbt/internal/GCMonitor
instanceKlass sbt/internal/GCMonitorBase
instanceKlass sbt/internal/SysProp$$$Lambda$1285
instanceKlass sbt/internal/TaskProgress$$Lambda$1284
instanceKlass java/util/concurrent/RunnableScheduledFuture
instanceKlass java/util/concurrent/ScheduledFuture
instanceKlass java/util/concurrent/Delayed
instanceKlass java/util/concurrent/ScheduledExecutorService
instanceKlass sbt/internal/TaskProgress$$Lambda$1283
instanceKlass sbt/util/Show$$$Lambda$1282
instanceKlass sbt/util/Show
instanceKlass sbt/Def$$$Lambda$1281
instanceKlass sbt/util/Show$
instanceKlass sbt/MainLoop$$$Lambda$1280
instanceKlass scala/concurrent/duration/package$DurationLong$
instanceKlass scala/concurrent/duration/package$DurationLong
instanceKlass sbt/MainLoop$$$Lambda$1279
instanceKlass sbt/MainLoop$$$Lambda$1278
instanceKlass sbt/internal/util/MainAppender$$$Lambda$1277
instanceKlass sbt/util/LoggerContext$LoggerContextImpl$Log$$Lambda$1276
instanceKlass sbt/internal/util/MainAppender$$$Lambda$1275
instanceKlass sbt/internal/util/MainAppender$MainAppenderConfig
instanceKlass sbt/internal/util/ConsoleOut$$anon$6
instanceKlass sbt/internal/util/MainAppender$$$Lambda$1274
instanceKlass sbt/io/IO$$$Lambda$1273
instanceKlass sbt/MainLoop$$$Lambda$1272
instanceKlass sbt/io/Using$$$Lambda$1271
instanceKlass sbt/io/Using$$$Lambda$1270
instanceKlass sbt/io/Using$$$Lambda$1269
instanceKlass sbt/io/Using$$$Lambda$1268
instanceKlass sbt/io/Using$$$Lambda$1267
instanceKlass sbt/io/Using$$$Lambda$1266
instanceKlass sbt/io/Using$$$Lambda$1265
instanceKlass sbt/io/Using$$$Lambda$1264
instanceKlass sbt/io/Using$$$Lambda$1263
instanceKlass sbt/io/Using$$$Lambda$1262
instanceKlass sbt/io/Using$$$Lambda$1261
instanceKlass sbt/io/Using$$$Lambda$1260
instanceKlass sbt/io/Using$$$Lambda$1259
instanceKlass sbt/io/Using$$$Lambda$1258
instanceKlass sbt/io/Using$$$Lambda$1257
instanceKlass sbt/io/Using$$$Lambda$1256
instanceKlass sbt/io/Using$$$Lambda$1255
instanceKlass sbt/io/Using$$$Lambda$1254
instanceKlass sbt/io/OpenFile
instanceKlass sbt/io/Using
instanceKlass sbt/io/Using$
instanceKlass sbt/MainLoop$$$Lambda$1253
instanceKlass sbt/MainLoop$RunNext
instanceKlass sbt/MainLoop$
instanceKlass sbt/internal/ShutdownHooks$$$Lambda$1252
instanceKlass java/lang/invoke/LambdaForm$DMH
instanceKlass sbt/internal/ShutdownHooks$$$Lambda$1251
instanceKlass sbt/internal/ShutdownHooks$
instanceKlass sbt/State$StateOpsImpl$$$Lambda$1250
instanceKlass sbt/State$StateOpsImpl$$$Lambda$1249
instanceKlass sbt/State$StateOpsImpl$$$Lambda$1248
instanceKlass sbt/internal/classpath/ClassLoaderCache$$Lambda$1247
instanceKlass java/lang/invoke/LambdaForm$DMH
instanceKlass sbt/internal/classpath/ClassLoaderCache$$Lambda$1246
instanceKlass sbt/internal/classpath/ClassLoaderCache$Key$$Lambda$1245
instanceKlass java/util/concurrent/ConcurrentHashMap$MapEntry
instanceKlass java/util/concurrent/ConcurrentHashMap$Traverser
instanceKlass sbt/internal/classpath/ClassLoaderCache$$Lambda$1244
instanceKlass scala/collection/convert/DecorateAsScala$$Lambda$1243
instanceKlass sbt/internal/classpath/ClassLoaderCache$$Lambda$1242
instanceKlass java/nio/file/Paths
instanceKlass sbt/io/JavaMilli$$$Lambda$1241
instanceKlass sbt/internal/io/Milli
instanceKlass sbt/internal/io/Milli$
instanceKlass sbt/internal/io/Retry$$$Lambda$1240
instanceKlass sbt/io/IO$$$Lambda$1239
instanceKlass sbt/State$StateOpsImpl$$$Lambda$1238
instanceKlass sbt/State$StateOpsImpl$$$Lambda$1237
instanceKlass sbt/internal/classpath/ClassLoaderCache$
instanceKlass sbt/internal/classpath/ClassLoaderCache$$Lambda$1236
instanceKlass java/lang/management/MemoryUsage
instanceKlass sbt/internal/classpath/ClassLoaderCache$$Lambda$1235
instanceKlass scala/collection/convert/Wrappers$IterableWrapperTrait
instanceKlass scala/collection/convert/DecorateAsScala$$Lambda$1234
instanceKlass sun/management/Sensor
instanceKlass sun/management/MemoryPoolImpl
