[debug] > Exec(early(addDefaultCommands), None, None)
[debug] > Exec(addDefaultCommands, None, None)
[debug] > Exec(early(initialize), None, None)
[debug] > Exec(initialize, None, None)
[debug] > Exec(early(addPluginSbtFile="""C:\Users\Kiril\AppData\Local\Temp\idea.sbt"""), None, None)
[debug] > Exec(addPluginSbtFile="""C:\Users\Kiril\AppData\Local\Temp\idea.sbt""", None, None)
[debug] > Exec(boot, None, None)
[debug] > Exec(writeSbtVersion, None, None)
[debug] > Exec(reload, None, None)
[debug] > Exec(sbtStashOnFailure, None, None)
[debug] > Exec(onFailure loadFailed, None, None)
[debug] > Exec(loadp, None, None)
[info] welcome to sbt 1.9.6 (Oracle Corporation Java 22.0.1)
[debug] Load.defaultLoad until apply took 80.4093ms
[debug]           Load.loadUnit: plugins took 51.8109ms
[debug]           Load.loadUnit: defsScala took 0.1449ms
[debug] [Loading] Scanning directory C:\Users\Kiril\Desktop\naumen.scala.course.2024.spring-master\homeworks\homework_4\project
[debug]             Load.loadUnit: mkEval took 3.5987ms
[debug] [Loading] Found non-root projects 
[debug] [Loading] Done in C:\Users\Kiril\Desktop\naumen.scala.course.2024.spring-master\homeworks\homework_4\project, returning: ()
[debug] deducing auto plugins based on known facts Set(Atom(sbt.plugins.CorePlugin)) and clauses Clauses(Clause(Atom(sbt.plugins.JvmPlugin),Set(Atom(sbt.plugins.IvyPlugin)))
[debug] Clause(Atom(sbt.ScriptedPlugin),Set(Atom(sbt.plugins.JvmPlugin)))
[debug] Clause(Atom(sbt.plugins.SbtPlugin),Set(Atom(sbt.ScriptedPlugin)))
[debug] Clause(Atom(sbt.plugins.SemanticdbPlugin),Set(Atom(sbt.plugins.JvmPlugin)))
[debug] Clause(Atom(sbt.plugins.JUnitXmlReportPlugin),Set(Atom(sbt.plugins.JvmPlugin)))
[debug] Clause(Atom(sbt.plugins.MiniDependencyTreePlugin),Set(Atom(sbt.plugins.JvmPlugin)))
[debug] Clause(Atom(sbt.plugins.CorePlugin),Set(Atom(sbt.plugins.IvyPlugin)))
[debug] Clause(Atom(sbt.plugins.IvyPlugin),Set(Atom(sbt.plugins.JvmPlugin)))
[debug] Clause(Atom(sbt.plugins.JvmPlugin),Set(Atom(sbt.plugins.SemanticdbPlugin)))
[debug] Clause(Atom(sbt.plugins.JvmPlugin),Set(Atom(sbt.plugins.JUnitXmlReportPlugin)))
[debug] Clause(Atom(sbt.plugins.CorePlugin),Set(Atom(sbt.plugins.Giter8TemplatePlugin)))
[debug] Clause(Atom(sbt.plugins.JvmPlugin),Set(Atom(sbt.plugins.MiniDependencyTreePlugin))))
[debug]   :: deduced result: Matched(sbt.plugins.CorePlugin,sbt.plugins.Giter8TemplatePlugin,sbt.plugins.IvyPlugin,sbt.plugins.JvmPlugin,sbt.plugins.MiniDependencyTreePlugin,sbt.plugins.JUnitXmlReportPlugin,sbt.plugins.SemanticdbPlugin)
[debug] Plugins.deducer#function took 7.8923 ms
[info] loading settings for project homework_4-build from idea.sbt ...
[debug]               Load.resolveProject(homework_4-build) took 23.9966ms
[debug]             Load.loadTransitive: finalizeProject(Project(id homework_4-build, base: C:\Users\Kiril\Desktop\naumen.scala.course.2024.spring-master\homeworks\homework_4\project, plugins: List(<none>))) took 35.8345ms
[debug] [Loading] Done in C:\Users\Kiril\Desktop\naumen.scala.course.2024.spring-master\homeworks\homework_4\project, returning: (homework_4-build)
[debug]           Load.loadUnit: loadedProjectsRaw took 1533.7743ms
[debug]           Load.loadUnit: cleanEvalClasses took 5.2703ms
[debug]         Load.loadUnit(file:/C:/Users/Kiril/Desktop/naumen.scala.course.2024.spring-master/homeworks/homework_4/project/, ...) took 1594.1386ms
[debug]       Load.apply: load took 1661.7922ms
[debug]       Load.apply: resolveProjects took 3.0064ms
[debug]       Load.apply: finalTransforms took 32.0562ms
[debug]       Load.apply: config.delegates took 4.5158ms
[debug]       Load.apply: Def.make(settings)... took 232.2653ms
[debug]       Load.apply: structureIndex took 55.0234ms
[debug]       Load.apply: mkStreams took 1.2135ms
[info] loading project definition from C:\Users\Kiril\Desktop\naumen.scala.course.2024.spring-master\homeworks\homework_4\project
[debug] Running task... Cancel: Signal, check cycles: false, forcegc: true
[debug]     Load.loadUnit: plugins took 2911.589ms
[debug]     Load.loadUnit: defsScala took 0.0033ms
[debug] [Loading] Scanning directory C:\Users\Kiril\Desktop\naumen.scala.course.2024.spring-master\homeworks\homework_4
[debug]       Load.loadUnit: mkEval took 0.2542ms
[debug] [Loading] Found root project root w/ remaining 
[debug] deducing auto plugins based on known facts Set(Atom(sbt.plugins.CorePlugin)) and clauses Clauses(Clause(Atom(sbt.plugins.JvmPlugin),Set(Atom(sbt.plugins.IvyPlugin)))
[debug] Clause(Atom(sbt.ScriptedPlugin),Set(Atom(sbt.plugins.JvmPlugin)))
[debug] Clause(Atom(sbt.plugins.SbtPlugin),Set(Atom(sbt.ScriptedPlugin)))
[debug] Clause(Atom(sbt.plugins.SemanticdbPlugin),Set(Atom(sbt.plugins.JvmPlugin)))
[debug] Clause(Atom(sbt.plugins.JUnitXmlReportPlugin),Set(Atom(sbt.plugins.JvmPlugin)))
[debug] Clause(Atom(sbt.plugins.MiniDependencyTreePlugin),Set(Atom(sbt.plugins.JvmPlugin)))
[debug] Clause(Atom(org.jetbrains.sbt.StructurePlugin),Set(Atom(sbt.plugins.JvmPlugin)))
[debug] Clause(Atom(org.jetbrains.sbt.IdeaShellPlugin),Set(Atom(sbt.plugins.JvmPlugin)))
[debug] Clause(Atom(org.jetbrains.sbt.indices.SbtIntellijIndicesPlugin),Set(Atom(sbt.plugins.JvmPlugin)))
[debug] Clause(Atom(sbt.plugins.CorePlugin),Set(Atom(sbt.plugins.IvyPlugin)))
[debug] Clause(Atom(sbt.plugins.IvyPlugin),Set(Atom(sbt.plugins.JvmPlugin)))
[debug] Clause(Atom(sbt.plugins.JvmPlugin),Set(Atom(sbt.plugins.SemanticdbPlugin)))
[debug] Clause(Atom(sbt.plugins.JvmPlugin),Set(Atom(sbt.plugins.JUnitXmlReportPlugin)))
[debug] Clause(Atom(sbt.plugins.CorePlugin),Set(Atom(sbt.plugins.Giter8TemplatePlugin)))
[debug] Clause(Atom(sbt.plugins.JvmPlugin),Set(Atom(sbt.plugins.MiniDependencyTreePlugin)))
[debug] Clause(Atom(sbt.plugins.JvmPlugin),Set(Atom(org.jetbrains.sbt.StructurePlugin)))
[debug] Clause(Atom(sbt.plugins.JvmPlugin),Set(Atom(org.jetbrains.sbt.IdeaShellPlugin)))
[debug] Clause(And(Set(Atom(sbt.plugins.CorePlugin), Atom(sbt.plugins.JvmPlugin))),Set(Atom(org.jetbrains.sbt.indices.SbtIntellijIndicesPlugin))))
[debug]   :: deduced result: Matched(sbt.plugins.CorePlugin,sbt.plugins.Giter8TemplatePlugin,sbt.plugins.IvyPlugin,sbt.plugins.JvmPlugin,sbt.plugins.SemanticdbPlugin,org.jetbrains.sbt.indices.SbtIntellijIndicesPlugin,sbt.plugins.JUnitXmlReportPlugin,org.jetbrains.sbt.IdeaShellPlugin,org.jetbrains.sbt.StructurePlugin,sbt.plugins.MiniDependencyTreePlugin)
[debug] Plugins.deducer#function took 1.8641 ms
[info] loading settings for project root from build.sbt ...
[debug]         Load.resolveProject(root) took 20.3388ms
[debug]       Load.loadTransitive: finalizeProject(Project(id root, base: C:\Users\Kiril\Desktop\naumen.scala.course.2024.spring-master\homeworks\homework_4, plugins: List(<none>))) took 23.1613ms
[debug] [Loading] Done in C:\Users\Kiril\Desktop\naumen.scala.course.2024.spring-master\homeworks\homework_4, returning: (root)
[debug]     Load.loadUnit: loadedProjectsRaw took 788.8956ms
[debug]     Load.loadUnit: cleanEvalClasses took 20.2626ms
[debug]   Load.loadUnit(file:/C:/Users/Kiril/Desktop/naumen.scala.course.2024.spring-master/homeworks/homework_4/, ...) took 3721.9139ms
[debug] Load.apply: load took 3733.2013ms
[debug] Load.apply: resolveProjects took 0.0788ms
[debug] Load.apply: finalTransforms took 15.0359ms
[debug] Load.apply: config.delegates took 0.2835ms
[debug] Load.apply: Def.make(settings)... took 39.7296ms
[debug] Load.apply: structureIndex took 15.0315ms
[debug] Load.apply: mkStreams took 0.0027ms
[info] set current project to homework-1 (in build file:/C:/Users/Kiril/Desktop/naumen.scala.course.2024.spring-master/homeworks/homework_4/)
[debug] > Exec(sbtPopOnFailure, None, None)
[debug] > Exec(resumeFromFailure, None, None)
[debug] > Exec(notifyUsersAboutShell, None, None)
[debug] > Exec(iflast shell, None, None)
[debug] > Exec(; set ideaPort in Global := 64840 ; idea-shell, None, None)
[debug] > Exec(set ideaPort in Global := 64840, None, None)
[info] Defining Global / ideaPort
[info] The new value will be used by Compile / compile, Test / compile
[debug] Defining 
[debug] 	Global / ideaPort
[debug] 
[debug] The new value will be used by 
[debug] 	Compile / compile
[debug] 	Test / compile
[info] Reapplying settings...
[info] set current project to homework-1 (in build file:/C:/Users/Kiril/Desktop/naumen.scala.course.2024.spring-master/homeworks/homework_4/)
[debug] > Exec(idea-shell, None, None)
