[debug] > Exec(early(addDefaultCommands), None, None)
[debug] > Exec(addDefaultCommands, None, None)
[debug] > Exec(early(initialize), None, None)
[debug] > Exec(initialize, None, None)
[debug] > Exec(boot, None, None)
[debug] > Exec(writeSbtVersion, None, None)
[debug] > Exec(reload, None, None)
[debug] > Exec(sbtStashOnFailure, None, None)
[debug] > Exec(onFailure loadFailed, None, None)
[debug] > Exec(loadp, None, None)
[info] welcome to sbt 1.9.6 (Amazon.com Inc. Java 16.0.2)
[debug] Load.defaultLoad until apply took 111.3882ms
[debug]           Load.loadUnit: plugins took 87.9017ms
[debug]           Load.loadUnit: defsScala took 0.2416ms
[debug] [Loading] Scanning directory C:\Users\Кирилл\Desktop\Done\homework_4\project
[debug] [Loading] Found non-root projects 
[debug] [Loading] Done in C:\Users\Кирилл\Desktop\Done\homework_4\project, returning: ()
[debug] deducing auto plugins based on known facts Set(Atom(sbt.plugins.CorePlugin)) and clauses Clauses(Clause(Atom(sbt.plugins.JvmPlugin),Set(Atom(sbt.plugins.IvyPlugin)))
[debug] Clause(Atom(sbt.ScriptedPlugin),Set(Atom(sbt.plugins.JvmPlugin)))
[debug] Clause(Atom(sbt.plugins.SbtPlugin),Set(Atom(sbt.ScriptedPlugin)))
[debug] Clause(Atom(sbt.plugins.SemanticdbPlugin),Set(Atom(sbt.plugins.JvmPlugin)))
[debug] Clause(Atom(sbt.plugins.JUnitXmlReportPlugin),Set(Atom(sbt.plugins.JvmPlugin)))
[debug] Clause(Atom(sbt.plugins.MiniDependencyTreePlugin),Set(Atom(sbt.plugins.JvmPlugin)))
[debug] Clause(Atom(sbt.plugins.CorePlugin),Set(Atom(sbt.plugins.IvyPlugin)))
[debug] Clause(Atom(sbt.plugins.IvyPlugin),Set(Atom(sbt.plugins.JvmPlugin)))
[debug] Clause(Atom(sbt.plugins.JvmPlugin),Set(Atom(sbt.plugins.SemanticdbPlugin)))
[debug] Clause(Atom(sbt.plugins.JvmPlugin),Set(Atom(sbt.plugins.JUnitXmlReportPlugin)))
[debug] Clause(Atom(sbt.plugins.CorePlugin),Set(Atom(sbt.plugins.Giter8TemplatePlugin)))
[debug] Clause(Atom(sbt.plugins.JvmPlugin),Set(Atom(sbt.plugins.MiniDependencyTreePlugin))))
[debug]   :: deduced result: Matched(sbt.plugins.CorePlugin,sbt.plugins.Giter8TemplatePlugin,sbt.plugins.IvyPlugin,sbt.plugins.JvmPlugin,sbt.plugins.MiniDependencyTreePlugin,sbt.plugins.JUnitXmlReportPlugin,sbt.plugins.SemanticdbPlugin)
[debug] Plugins.deducer#function took 16.3606 ms
[debug]               Load.resolveProject(homework_4-build) took 33.6524ms
[debug]             Load.loadTransitive: finalizeProject(Project(id homework_4-build, base: C:\Users\Кирилл\Desktop\Done\homework_4\project, plugins: List(<none>))) took 69.7522ms
[debug] [Loading] Done in C:\Users\Кирилл\Desktop\Done\homework_4\project, returning: (homework_4-build)
[debug]           Load.loadUnit: loadedProjectsRaw took 91.6902ms
[debug]           Load.loadUnit: cleanEvalClasses took 0.1349ms
[debug]         Load.loadUnit(file:/C:/Users/Кирилл/Desktop/Done/homework_4/project/, ...) took 184.5776ms
[debug]       Load.apply: load took 306.0658ms
[debug]       Load.apply: resolveProjects took 3.6092ms
[debug]       Load.apply: finalTransforms took 51.8328ms
[debug]       Load.apply: config.delegates took 4.7714ms
[debug]       Load.apply: Def.make(settings)... took 309.5335ms
[debug]       Load.apply: structureIndex took 88.5027ms
[debug]       Load.apply: mkStreams took 3.1277ms
[info] loading project definition from C:\Users\Кирилл\Desktop\Done\homework_4\project
[debug] Running task... Cancel: Signal, check cycles: false, forcegc: true
[debug]     Load.loadUnit: plugins took 1854.7283ms
[debug]     Load.loadUnit: defsScala took 0.002ms
[debug] [Loading] Scanning directory C:\Users\Кирилл\Desktop\Done\homework_4
[debug]       Load.loadUnit: mkEval took 4.4402ms
[debug] [Loading] Found root project root w/ remaining 
[debug] deducing auto plugins based on known facts Set(Atom(sbt.plugins.CorePlugin)) and clauses Clauses(Clause(Atom(sbt.plugins.JvmPlugin),Set(Atom(sbt.plugins.IvyPlugin)))
[debug] Clause(Atom(sbt.ScriptedPlugin),Set(Atom(sbt.plugins.JvmPlugin)))
[debug] Clause(Atom(sbt.plugins.SbtPlugin),Set(Atom(sbt.ScriptedPlugin)))
[debug] Clause(Atom(sbt.plugins.SemanticdbPlugin),Set(Atom(sbt.plugins.JvmPlugin)))
[debug] Clause(Atom(sbt.plugins.JUnitXmlReportPlugin),Set(Atom(sbt.plugins.JvmPlugin)))
[debug] Clause(Atom(sbt.plugins.MiniDependencyTreePlugin),Set(Atom(sbt.plugins.JvmPlugin)))
[debug] Clause(Atom(sbt.plugins.CorePlugin),Set(Atom(sbt.plugins.IvyPlugin)))
[debug] Clause(Atom(sbt.plugins.IvyPlugin),Set(Atom(sbt.plugins.JvmPlugin)))
[debug] Clause(Atom(sbt.plugins.JvmPlugin),Set(Atom(sbt.plugins.SemanticdbPlugin)))
[debug] Clause(Atom(sbt.plugins.JvmPlugin),Set(Atom(sbt.plugins.JUnitXmlReportPlugin)))
[debug] Clause(Atom(sbt.plugins.CorePlugin),Set(Atom(sbt.plugins.Giter8TemplatePlugin)))
[debug] Clause(Atom(sbt.plugins.JvmPlugin),Set(Atom(sbt.plugins.MiniDependencyTreePlugin))))
[debug]   :: deduced result: Matched(sbt.plugins.CorePlugin,sbt.plugins.Giter8TemplatePlugin,sbt.plugins.IvyPlugin,sbt.plugins.JvmPlugin,sbt.plugins.MiniDependencyTreePlugin,sbt.plugins.JUnitXmlReportPlugin,sbt.plugins.SemanticdbPlugin)
[debug] Plugins.deducer#function took 1.2638 ms
[info] loading settings for project root from build.sbt ...
[debug]         Load.resolveProject(root) took 1.4341ms
[debug]       Load.loadTransitive: finalizeProject(Project(id root, base: C:\Users\Кирилл\Desktop\Done\homework_4, plugins: List(<none>))) took 3.3308ms
[debug] [Loading] Done in C:\Users\Кирилл\Desktop\Done\homework_4, returning: (root)
[debug]     Load.loadUnit: loadedProjectsRaw took 2010.5889ms
[debug]     Load.loadUnit: cleanEvalClasses took 20.7173ms
[debug]   Load.loadUnit(file:/C:/Users/Кирилл/Desktop/Done/homework_4/, ...) took 3887.5718ms
[debug] Load.apply: load took 3910.2257ms
[debug] Load.apply: resolveProjects took 0.0746ms
[debug] Load.apply: finalTransforms took 16.2219ms
[debug] Load.apply: config.delegates took 0.3108ms
[debug] Load.apply: Def.make(settings)... took 42.6674ms
[debug] Load.apply: structureIndex took 18.9654ms
[debug] Load.apply: mkStreams took 0.002ms
[info] set current project to homework-1 (in build file:/C:/Users/Кирилл/Desktop/Done/homework_4/)
[debug] > Exec(sbtPopOnFailure, None, None)
[debug] > Exec(resumeFromFailure, None, None)
[debug] > Exec(notifyUsersAboutShell, None, None)
[debug] > Exec(iflast shell, None, None)
[debug] > Exec(shell, None, None)
[info] sbt server started at local:sbt-server-7b69ef155a936ae86176
[debug] Writing bsp connection file
