[debug] > Exec(early(addDefaultCommands), None, None)
[debug] > Exec(addDefaultCommands, None, None)
[debug] > Exec(early(initialize), None, None)
[debug] > Exec(initialize, None, None)
[debug] > Exec(early(addPluginSbtFile="""C:\Users\Kiril\AppData\Local\Temp\idea.sbt"""), None, None)
[debug] > Exec(addPluginSbtFile="""C:\Users\Kiril\AppData\Local\Temp\idea.sbt""", None, None)
[debug] > Exec(boot, None, None)
[debug] > Exec(writeSbtVersion, None, None)
[debug] > Exec(reload, None, None)
[debug] > Exec(sbtStashOnFailure, None, None)
[debug] > Exec(onFailure loadFailed, None, None)
[debug] > Exec(loadp, None, None)
[info] welcome to sbt 1.9.7 (Amazon.com Inc. Java 20.0.2.1)
[debug] Load.defaultLoad until apply took 81.3327ms
[debug]           Load.loadUnit: plugins took 44.9204ms
[debug]           Load.loadUnit: defsScala took 0.221ms
[debug] [Loading] Scanning directory C:\Users\Kiril\Desktop\naumen.scala.course.2024.spring-master\homeworks\homework_3\project
[debug]             Load.loadUnit: mkEval took 3.9674ms
[debug] [Loading] Found non-root projects 
[debug] [Loading] Done in C:\Users\Kiril\Desktop\naumen.scala.course.2024.spring-master\homeworks\homework_3\project, returning: ()
[debug] deducing auto plugins based on known facts Set(Atom(sbt.plugins.CorePlugin)) and clauses Clauses(Clause(Atom(sbt.plugins.JvmPlugin),Set(Atom(sbt.plugins.IvyPlugin)))
[debug] Clause(Atom(sbt.ScriptedPlugin),Set(Atom(sbt.plugins.JvmPlugin)))
[debug] Clause(Atom(sbt.plugins.SbtPlugin),Set(Atom(sbt.ScriptedPlugin)))
[debug] Clause(Atom(sbt.plugins.SemanticdbPlugin),Set(Atom(sbt.plugins.JvmPlugin)))
[debug] Clause(Atom(sbt.plugins.JUnitXmlReportPlugin),Set(Atom(sbt.plugins.JvmPlugin)))
[debug] Clause(Atom(sbt.plugins.MiniDependencyTreePlugin),Set(Atom(sbt.plugins.JvmPlugin)))
[debug] Clause(Atom(sbt.plugins.CorePlugin),Set(Atom(sbt.plugins.IvyPlugin)))
[debug] Clause(Atom(sbt.plugins.IvyPlugin),Set(Atom(sbt.plugins.JvmPlugin)))
[debug] Clause(Atom(sbt.plugins.JvmPlugin),Set(Atom(sbt.plugins.SemanticdbPlugin)))
[debug] Clause(Atom(sbt.plugins.JvmPlugin),Set(Atom(sbt.plugins.JUnitXmlReportPlugin)))
[debug] Clause(Atom(sbt.plugins.CorePlugin),Set(Atom(sbt.plugins.Giter8TemplatePlugin)))
[debug] Clause(Atom(sbt.plugins.JvmPlugin),Set(Atom(sbt.plugins.MiniDependencyTreePlugin))))
[debug]   :: deduced result: Matched(sbt.plugins.CorePlugin,sbt.plugins.Giter8TemplatePlugin,sbt.plugins.IvyPlugin,sbt.plugins.JvmPlugin,sbt.plugins.MiniDependencyTreePlugin,sbt.plugins.JUnitXmlReportPlugin,sbt.plugins.SemanticdbPlugin)
[debug] Plugins.deducer#function took 7.6492 ms
[info] loading settings for project homework_3-build from idea.sbt ...
[debug]               Load.resolveProject(homework_3-build) took 22.7576ms
[debug]             Load.loadTransitive: finalizeProject(Project(id homework_3-build, base: C:\Users\Kiril\Desktop\naumen.scala.course.2024.spring-master\homeworks\homework_3\project, plugins: List(<none>))) took 34.6609ms
[debug] [Loading] Done in C:\Users\Kiril\Desktop\naumen.scala.course.2024.spring-master\homeworks\homework_3\project, returning: (homework_3-build)
[debug]           Load.loadUnit: loadedProjectsRaw took 1422.0196ms
[debug]           Load.loadUnit: cleanEvalClasses took 5.3959ms
[debug]         Load.loadUnit(file:/C:/Users/Kiril/Desktop/naumen.scala.course.2024.spring-master/homeworks/homework_3/project/, ...) took 1476.1943ms
[debug]       Load.apply: load took 1554.4794ms
[debug]       Load.apply: resolveProjects took 2.8088ms
[debug]       Load.apply: finalTransforms took 32.8708ms
[debug]       Load.apply: config.delegates took 4.1597ms
[debug]       Load.apply: Def.make(settings)... took 223.987ms
[debug]       Load.apply: structureIndex took 56.5807ms
[debug]       Load.apply: mkStreams took 1.8734ms
[info] loading project definition from C:\Users\Kiril\Desktop\naumen.scala.course.2024.spring-master\homeworks\homework_3\project
[debug] Running task... Cancel: Signal, check cycles: false, forcegc: true
[debug]     Load.loadUnit: plugins took 2826.9615ms
[debug]     Load.loadUnit: defsScala took 0.0028ms
[debug] [Loading] Scanning directory C:\Users\Kiril\Desktop\naumen.scala.course.2024.spring-master\homeworks\homework_3
[debug]       Load.loadUnit: mkEval took 0.1605ms
[debug] [Loading] Found non-root projects 
[debug] [Loading] Done in C:\Users\Kiril\Desktop\naumen.scala.course.2024.spring-master\homeworks\homework_3, returning: ()
[debug] deducing auto plugins based on known facts Set(Atom(sbt.plugins.CorePlugin)) and clauses Clauses(Clause(Atom(sbt.plugins.JvmPlugin),Set(Atom(sbt.plugins.IvyPlugin)))
[debug] Clause(Atom(sbt.ScriptedPlugin),Set(Atom(sbt.plugins.JvmPlugin)))
[debug] Clause(Atom(sbt.plugins.SbtPlugin),Set(Atom(sbt.ScriptedPlugin)))
[debug] Clause(Atom(sbt.plugins.SemanticdbPlugin),Set(Atom(sbt.plugins.JvmPlugin)))
[debug] Clause(Atom(sbt.plugins.JUnitXmlReportPlugin),Set(Atom(sbt.plugins.JvmPlugin)))
[debug] Clause(Atom(sbt.plugins.MiniDependencyTreePlugin),Set(Atom(sbt.plugins.JvmPlugin)))
[debug] Clause(Atom(org.jetbrains.sbt.StructurePlugin),Set(Atom(sbt.plugins.JvmPlugin)))
[debug] Clause(Atom(org.jetbrains.sbt.IdeaShellPlugin),Set(Atom(sbt.plugins.JvmPlugin)))
[debug] Clause(Atom(org.jetbrains.sbt.indices.SbtIntellijIndicesPlugin),Set(Atom(sbt.plugins.JvmPlugin)))
[debug] Clause(Atom(sbt.plugins.CorePlugin),Set(Atom(sbt.plugins.IvyPlugin)))
[debug] Clause(Atom(sbt.plugins.IvyPlugin),Set(Atom(sbt.plugins.JvmPlugin)))
[debug] Clause(Atom(sbt.plugins.JvmPlugin),Set(Atom(sbt.plugins.SemanticdbPlugin)))
[debug] Clause(Atom(sbt.plugins.JvmPlugin),Set(Atom(sbt.plugins.JUnitXmlReportPlugin)))
[debug] Clause(Atom(sbt.plugins.CorePlugin),Set(Atom(sbt.plugins.Giter8TemplatePlugin)))
[debug] Clause(Atom(sbt.plugins.JvmPlugin),Set(Atom(sbt.plugins.MiniDependencyTreePlugin)))
[debug] Clause(Atom(sbt.plugins.JvmPlugin),Set(Atom(org.jetbrains.sbt.StructurePlugin)))
[debug] Clause(Atom(sbt.plugins.JvmPlugin),Set(Atom(org.jetbrains.sbt.IdeaShellPlugin)))
[debug] Clause(And(Set(Atom(sbt.plugins.CorePlugin), Atom(sbt.plugins.JvmPlugin))),Set(Atom(org.jetbrains.sbt.indices.SbtIntellijIndicesPlugin))))
[debug]   :: deduced result: Matched(sbt.plugins.CorePlugin,sbt.plugins.Giter8TemplatePlugin,sbt.plugins.IvyPlugin,sbt.plugins.JvmPlugin,sbt.plugins.SemanticdbPlugin,org.jetbrains.sbt.indices.SbtIntellijIndicesPlugin,sbt.plugins.JUnitXmlReportPlugin,org.jetbrains.sbt.IdeaShellPlugin,org.jetbrains.sbt.StructurePlugin,sbt.plugins.MiniDependencyTreePlugin)
[debug] Plugins.deducer#function took 2.2723 ms
[info] loading settings for project homework_3 from build.sbt ...
[debug]         Load.resolveProject(homework_3) took 12.7949ms
[debug]       Load.loadTransitive: finalizeProject(Project(id homework_3, base: C:\Users\Kiril\Desktop\naumen.scala.course.2024.spring-master\homeworks\homework_3, plugins: List(<none>))) took 15.6943ms
[debug] [Loading] Done in C:\Users\Kiril\Desktop\naumen.scala.course.2024.spring-master\homeworks\homework_3, returning: (homework_3)
[debug]     Load.loadUnit: loadedProjectsRaw took 640.3953ms
[debug]     Load.loadUnit: cleanEvalClasses took 20.0074ms
[debug]   Load.loadUnit(file:/C:/Users/Kiril/Desktop/naumen.scala.course.2024.spring-master/homeworks/homework_3/, ...) took 3488.2889ms
[debug] Load.apply: load took 3498.3638ms
[debug] Load.apply: resolveProjects took 0.0646ms
[debug] Load.apply: finalTransforms took 15.7719ms
[debug] Load.apply: config.delegates took 0.2149ms
[debug] Load.apply: Def.make(settings)... took 39.415ms
[debug] Load.apply: structureIndex took 16.1011ms
[debug] Load.apply: mkStreams took 0.0026ms
[info] set current project to Lecture4 (in build file:/C:/Users/Kiril/Desktop/naumen.scala.course.2024.spring-master/homeworks/homework_3/)
[debug] > Exec(sbtPopOnFailure, None, None)
[debug] > Exec(resumeFromFailure, None, None)
[debug] > Exec(notifyUsersAboutShell, None, None)
[debug] > Exec(iflast shell, None, None)
[debug] > Exec(; set ideaPort in Global := 64105 ; idea-shell, None, None)
[debug] > Exec(set ideaPort in Global := 64105, None, None)
[info] Defining Global / ideaPort
[info] The new value will be used by Compile / compile, Test / compile
[debug] Defining 
[debug] 	Global / ideaPort
[debug] 
[debug] The new value will be used by 
[debug] 	Compile / compile
[debug] 	Test / compile
[info] Reapplying settings...
[info] set current project to Lecture4 (in build file:/C:/Users/Kiril/Desktop/naumen.scala.course.2024.spring-master/homeworks/homework_3/)
[debug] > Exec(idea-shell, None, None)
