[debug] > Exec(early(addDefaultCommands), None, None)
[debug] > Exec(addDefaultCommands, None, None)
[debug] > Exec(early(initialize), None, None)
[debug] > Exec(initialize, None, None)
[debug] > Exec(early(addPluginSbtFile="""C:\Users\Пользователь\AppData\Local\Temp\idea1.sbt"""), None, None)
[debug] > Exec(addPluginSbtFile="""C:\Users\Пользователь\AppData\Local\Temp\idea1.sbt""", None, None)
[debug] > Exec(boot, None, None)
[debug] > Exec(writeSbtVersion, None, None)
[debug] > Exec(reload, None, None)
[debug] > Exec(sbtStashOnFailure, None, None)
[debug] > Exec(onFailure loadFailed, None, None)
[debug] > Exec(loadp, None, None)
[info] welcome to sbt 1.10.0 (Oracle Corporation Java 22.0.1)
[debug] Load.defaultLoad until apply took 88.8933ms
[debug]           Load.loadUnit: plugins took 71.4661ms
[debug]           Load.loadUnit: defsScala took 0.3583ms
[debug] [Loading] Scanning directory D:\Aaaaaa(RABOCHII STOL)\Учеба\3 КУРС\SCALA\homework_1\task_3\untitled\project
[debug]             Load.loadUnit: mkEval took 6.0621ms
[debug] [Loading] Found non-root projects 
[debug] [Loading] Done in D:\Aaaaaa(RABOCHII STOL)\Учеба\3 КУРС\SCALA\homework_1\task_3\untitled\project, returning: ()
[debug] deducing auto plugins based on known facts Set(Atom(sbt.plugins.CorePlugin)) and clauses Clauses(Clause(Atom(sbt.plugins.JvmPlugin),Set(Atom(sbt.plugins.IvyPlugin)))
[debug] Clause(Atom(sbt.ScriptedPlugin),Set(Atom(sbt.plugins.JvmPlugin)))
[debug] Clause(Atom(sbt.plugins.SbtPlugin),Set(Atom(sbt.ScriptedPlugin)))
[debug] Clause(Atom(sbt.plugins.SemanticdbPlugin),Set(Atom(sbt.plugins.JvmPlugin)))
[debug] Clause(Atom(sbt.plugins.JUnitXmlReportPlugin),Set(Atom(sbt.plugins.JvmPlugin)))
[debug] Clause(Atom(sbt.plugins.MiniDependencyTreePlugin),Set(Atom(sbt.plugins.JvmPlugin)))
[debug] Clause(Atom(sbt.plugins.CorePlugin),Set(Atom(sbt.plugins.IvyPlugin)))
[debug] Clause(Atom(sbt.plugins.IvyPlugin),Set(Atom(sbt.plugins.JvmPlugin)))
[debug] Clause(Atom(sbt.plugins.JvmPlugin),Set(Atom(sbt.plugins.SemanticdbPlugin)))
[debug] Clause(Atom(sbt.plugins.JvmPlugin),Set(Atom(sbt.plugins.JUnitXmlReportPlugin)))
[debug] Clause(Atom(sbt.plugins.CorePlugin),Set(Atom(sbt.plugins.Giter8TemplatePlugin)))
[debug] Clause(Atom(sbt.plugins.JvmPlugin),Set(Atom(sbt.plugins.MiniDependencyTreePlugin))))
[debug]   :: deduced result: Matched(sbt.plugins.CorePlugin,sbt.plugins.Giter8TemplatePlugin,sbt.plugins.IvyPlugin,sbt.plugins.JvmPlugin,sbt.plugins.MiniDependencyTreePlugin,sbt.plugins.JUnitXmlReportPlugin,sbt.plugins.SemanticdbPlugin)
[debug] Plugins.deducer#function took 11.7408 ms
[info] loading settings for project untitled-build from idea1.sbt ...
[debug]               Load.resolveProject(untitled-build) took 32.1406ms
[debug]             Load.loadTransitive: finalizeProject(Project(id untitled-build, base: D:\Aaaaaa(RABOCHII STOL)\Учеба\3 КУРС\SCALA\homework_1\task_3\untitled\project, plugins: List(<none>))) took 58.826ms
[debug] [Loading] Done in D:\Aaaaaa(RABOCHII STOL)\Учеба\3 КУРС\SCALA\homework_1\task_3\untitled\project, returning: (untitled-build)
[debug]           Load.loadUnit: loadedProjectsRaw took 301.6488ms
[debug]           Load.loadUnit: cleanEvalClasses took 7.2435ms
[debug]         Load.loadUnit(file:/D:/Aaaaaa(RABOCHII%20STOL)/Учеба/3%20КУРС/SCALA/homework_1/task_3/untitled/project/, ...) took 386.0531ms
[debug]       Load.apply: load took 489.6922ms
[debug]       Load.apply: resolveProjects took 3.7367ms
[debug]       Load.apply: finalTransforms took 61.9682ms
[debug]       Load.apply: config.delegates took 6.4115ms
[debug]       Load.apply: Def.make(settings)... took 275.1621ms
[debug]       Load.apply: structureIndex took 79.2063ms
[debug]       Load.apply: mkStreams took 1.125ms
[info] loading project definition from D:\Aaaaaa(RABOCHII STOL)\Учеба\3 КУРС\SCALA\homework_1\task_3\untitled\project
[debug] Running task... Cancel: Signal, check cycles: false, forcegc: true
[debug]     Load.loadUnit: plugins took 1618.2267ms
[debug]     Load.loadUnit: defsScala took 0.0037ms
[debug] [Loading] Scanning directory D:\Aaaaaa(RABOCHII STOL)\Учеба\3 КУРС\SCALA\homework_1\task_3\untitled
[debug]       Load.loadUnit: mkEval took 0.3167ms
[debug] [Loading] Found root project root w/ remaining 
[debug] deducing auto plugins based on known facts Set(Atom(sbt.plugins.CorePlugin)) and clauses Clauses(Clause(Atom(sbt.plugins.JvmPlugin),Set(Atom(sbt.plugins.IvyPlugin)))
[debug] Clause(Atom(sbt.ScriptedPlugin),Set(Atom(sbt.plugins.JvmPlugin)))
[debug] Clause(Atom(sbt.plugins.SbtPlugin),Set(Atom(sbt.ScriptedPlugin)))
[debug] Clause(Atom(sbt.plugins.SemanticdbPlugin),Set(Atom(sbt.plugins.JvmPlugin)))
[debug] Clause(Atom(sbt.plugins.JUnitXmlReportPlugin),Set(Atom(sbt.plugins.JvmPlugin)))
[debug] Clause(Atom(sbt.plugins.MiniDependencyTreePlugin),Set(Atom(sbt.plugins.JvmPlugin)))
[debug] Clause(Atom(org.jetbrains.sbt.StructurePlugin),Set(Atom(sbt.plugins.JvmPlugin)))
[debug] Clause(Atom(org.jetbrains.sbt.IdeaShellPlugin),Set(Atom(sbt.plugins.JvmPlugin)))
[debug] Clause(Atom(org.jetbrains.sbt.indices.SbtIntellijIndicesPlugin),Set(Atom(sbt.plugins.JvmPlugin)))
[debug] Clause(Atom(sbt.plugins.CorePlugin),Set(Atom(sbt.plugins.IvyPlugin)))
[debug] Clause(Atom(sbt.plugins.IvyPlugin),Set(Atom(sbt.plugins.JvmPlugin)))
[debug] Clause(Atom(sbt.plugins.JvmPlugin),Set(Atom(sbt.plugins.SemanticdbPlugin)))
[debug] Clause(Atom(sbt.plugins.JvmPlugin),Set(Atom(sbt.plugins.JUnitXmlReportPlugin)))
[debug] Clause(Atom(sbt.plugins.CorePlugin),Set(Atom(sbt.plugins.Giter8TemplatePlugin)))
[debug] Clause(Atom(sbt.plugins.JvmPlugin),Set(Atom(sbt.plugins.MiniDependencyTreePlugin)))
[debug] Clause(Atom(sbt.plugins.JvmPlugin),Set(Atom(org.jetbrains.sbt.StructurePlugin)))
[debug] Clause(Atom(sbt.plugins.JvmPlugin),Set(Atom(org.jetbrains.sbt.IdeaShellPlugin)))
[debug] Clause(And(Set(Atom(sbt.plugins.CorePlugin), Atom(sbt.plugins.JvmPlugin))),Set(Atom(org.jetbrains.sbt.indices.SbtIntellijIndicesPlugin))))
[debug]   :: deduced result: Matched(sbt.plugins.CorePlugin,sbt.plugins.Giter8TemplatePlugin,sbt.plugins.IvyPlugin,sbt.plugins.JvmPlugin,sbt.plugins.SemanticdbPlugin,org.jetbrains.sbt.indices.SbtIntellijIndicesPlugin,sbt.plugins.JUnitXmlReportPlugin,org.jetbrains.sbt.IdeaShellPlugin,org.jetbrains.sbt.StructurePlugin,sbt.plugins.MiniDependencyTreePlugin)
[debug] Plugins.deducer#function took 1.64 ms
[info] loading settings for project root from build.sbt ...
[debug]         Load.resolveProject(root) took 18.1718ms
[debug]       Load.loadTransitive: finalizeProject(Project(id root, base: D:\Aaaaaa(RABOCHII STOL)\Учеба\3 КУРС\SCALA\homework_1\task_3\untitled, plugins: List(<none>))) took 20.9451ms
[debug] [Loading] Done in D:\Aaaaaa(RABOCHII STOL)\Учеба\3 КУРС\SCALA\homework_1\task_3\untitled, returning: (root)
[debug]     Load.loadUnit: loadedProjectsRaw took 60.7816ms
[debug]     Load.loadUnit: cleanEvalClasses took 12.4226ms
[debug]   Load.loadUnit(file:/D:/Aaaaaa(RABOCHII%20STOL)/Учеба/3%20КУРС/SCALA/homework_1/task_3/untitled/, ...) took 1693.2097ms
[debug] Load.apply: load took 1713.9972ms
[debug] Load.apply: resolveProjects took 0.1091ms
[debug] Load.apply: finalTransforms took 35.5896ms
[debug] Load.apply: config.delegates took 0.3473ms
[debug] Load.apply: Def.make(settings)... took 69.1668ms
[debug] Load.apply: structureIndex took 22.2326ms
[debug] Load.apply: mkStreams took 0.0025ms
[info] set current project to untitled (in build file:/D:/Aaaaaa(RABOCHII%20STOL)/Учеба/3%20КУРС/SCALA/homework_1/task_3/untitled/)
[debug] > Exec(sbtPopOnFailure, None, None)
[debug] > Exec(resumeFromFailure, None, None)
[debug] > Exec(notifyUsersAboutShell, None, None)
[debug] > Exec(iflast shell, None, None)
[debug] > Exec(; set ideaPort in Global := 61977 ; idea-shell, None, None)
[debug] > Exec(set ideaPort in Global := 61977, None, None)
[info] Defining Global / ideaPort
[info] The new value will be used by Compile / compile, Test / compile
[debug] Defining 
[debug] 	Global / ideaPort
[debug] 
[debug] The new value will be used by 
[debug] 	Compile / compile
[debug] 	Test / compile
[info] Reapplying settings...
[info] set current project to untitled (in build file:/D:/Aaaaaa(RABOCHII%20STOL)/Учеба/3%20КУРС/SCALA/homework_1/task_3/untitled/)
[debug] > Exec(idea-shell, None, None)
