[debug] > Exec(early(addDefaultCommands), None, None)
[debug] > Exec(addDefaultCommands, None, None)
[debug] > Exec(early(initialize), None, None)
[debug] > Exec(initialize, None, None)
[debug] > Exec(boot, None, None)
[debug] > Exec(writeSbtVersion, None, None)
[debug] > Exec(reload, None, None)
[debug] > Exec(sbtStashOnFailure, None, None)
[debug] > Exec(onFailure loadFailed, None, None)
[debug] > Exec(loadp, None, None)
[info] welcome to sbt 1.9.9 (Amazon.com Inc. Java 17.0.10)
[debug] Load.defaultLoad until apply took 46.85645ms
[debug]           Load.loadUnit: plugins took 32.65633ms
[debug]           Load.loadUnit: defsScala took 0.152135ms
[debug] [Loading] Scanning directory /home/grish-grdv/IdeaProjects/naumen/homework_1/project
[debug] [Loading] Found non-root projects 
[debug] [Loading] Done in /home/grish-grdv/IdeaProjects/naumen/homework_1/project, returning: ()
[debug] deducing auto plugins based on known facts Set(Atom(sbt.plugins.CorePlugin)) and clauses Clauses(Clause(Atom(sbt.plugins.JvmPlugin),Set(Atom(sbt.plugins.IvyPlugin)))
[debug] Clause(Atom(sbt.ScriptedPlugin),Set(Atom(sbt.plugins.JvmPlugin)))
[debug] Clause(Atom(sbt.plugins.SbtPlugin),Set(Atom(sbt.ScriptedPlugin)))
[debug] Clause(Atom(sbt.plugins.SemanticdbPlugin),Set(Atom(sbt.plugins.JvmPlugin)))
[debug] Clause(Atom(sbt.plugins.JUnitXmlReportPlugin),Set(Atom(sbt.plugins.JvmPlugin)))
[debug] Clause(Atom(sbt.plugins.MiniDependencyTreePlugin),Set(Atom(sbt.plugins.JvmPlugin)))
[debug] Clause(Atom(sbt.plugins.CorePlugin),Set(Atom(sbt.plugins.IvyPlugin)))
[debug] Clause(Atom(sbt.plugins.IvyPlugin),Set(Atom(sbt.plugins.JvmPlugin)))
[debug] Clause(Atom(sbt.plugins.JvmPlugin),Set(Atom(sbt.plugins.SemanticdbPlugin)))
[debug] Clause(Atom(sbt.plugins.JvmPlugin),Set(Atom(sbt.plugins.JUnitXmlReportPlugin)))
[debug] Clause(Atom(sbt.plugins.CorePlugin),Set(Atom(sbt.plugins.Giter8TemplatePlugin)))
[debug] Clause(Atom(sbt.plugins.JvmPlugin),Set(Atom(sbt.plugins.MiniDependencyTreePlugin))))
[debug]   :: deduced result: Matched(sbt.plugins.CorePlugin,sbt.plugins.Giter8TemplatePlugin,sbt.plugins.IvyPlugin,sbt.plugins.JvmPlugin,sbt.plugins.MiniDependencyTreePlugin,sbt.plugins.JUnitXmlReportPlugin,sbt.plugins.SemanticdbPlugin)
[debug] Plugins.deducer#function took 9.344039 ms
[debug]               Load.resolveProject(homework_1-build) took 24.784972ms
[debug]             Load.loadTransitive: finalizeProject(Project(id homework_1-build, base: /home/grish-grdv/IdeaProjects/naumen/homework_1/project, plugins: List(<none>))) took 46.48131ms
[debug] [Loading] Done in /home/grish-grdv/IdeaProjects/naumen/homework_1/project, returning: (homework_1-build)
[debug]           Load.loadUnit: loadedProjectsRaw took 57.616622ms
[debug]           Load.loadUnit: cleanEvalClasses took 0.104217ms
[debug]         Load.loadUnit(file:/home/grish-grdv/IdeaProjects/naumen/homework_1/project/, ...) took 93.38979ms
[debug]       Load.apply: load took 193.608615ms
[debug]       Load.apply: resolveProjects took 3.426303ms
[debug]       Load.apply: finalTransforms took 43.269423ms
[debug]       Load.apply: config.delegates took 4.059924ms
[debug]       Load.apply: Def.make(settings)... took 220.418801ms
[debug]       Load.apply: structureIndex took 56.759288ms
[debug]       Load.apply: mkStreams took 0.967011ms
[info] loading project definition from /home/grish-grdv/IdeaProjects/naumen/homework_1/project
[debug] Running task... Cancel: Signal, check cycles: false, forcegc: true
[debug]     Load.loadUnit: plugins took 1212.026412ms
[debug]     Load.loadUnit: defsScala took 0.002721ms
[debug] [Loading] Scanning directory /home/grish-grdv/IdeaProjects/naumen/homework_1
[debug]       Load.loadUnit: mkEval took 2.768229ms
[debug] [Loading] Found root project root w/ remaining 
[debug] deducing auto plugins based on known facts Set(Atom(sbt.plugins.CorePlugin)) and clauses Clauses(Clause(Atom(sbt.plugins.JvmPlugin),Set(Atom(sbt.plugins.IvyPlugin)))
[debug] Clause(Atom(sbt.ScriptedPlugin),Set(Atom(sbt.plugins.JvmPlugin)))
[debug] Clause(Atom(sbt.plugins.SbtPlugin),Set(Atom(sbt.ScriptedPlugin)))
[debug] Clause(Atom(sbt.plugins.SemanticdbPlugin),Set(Atom(sbt.plugins.JvmPlugin)))
[debug] Clause(Atom(sbt.plugins.JUnitXmlReportPlugin),Set(Atom(sbt.plugins.JvmPlugin)))
[debug] Clause(Atom(sbt.plugins.MiniDependencyTreePlugin),Set(Atom(sbt.plugins.JvmPlugin)))
[debug] Clause(Atom(sbt.plugins.CorePlugin),Set(Atom(sbt.plugins.IvyPlugin)))
[debug] Clause(Atom(sbt.plugins.IvyPlugin),Set(Atom(sbt.plugins.JvmPlugin)))
[debug] Clause(Atom(sbt.plugins.JvmPlugin),Set(Atom(sbt.plugins.SemanticdbPlugin)))
[debug] Clause(Atom(sbt.plugins.JvmPlugin),Set(Atom(sbt.plugins.JUnitXmlReportPlugin)))
[debug] Clause(Atom(sbt.plugins.CorePlugin),Set(Atom(sbt.plugins.Giter8TemplatePlugin)))
[debug] Clause(Atom(sbt.plugins.JvmPlugin),Set(Atom(sbt.plugins.MiniDependencyTreePlugin))))
[debug]   :: deduced result: Matched(sbt.plugins.CorePlugin,sbt.plugins.Giter8TemplatePlugin,sbt.plugins.IvyPlugin,sbt.plugins.JvmPlugin,sbt.plugins.MiniDependencyTreePlugin,sbt.plugins.JUnitXmlReportPlugin,sbt.plugins.SemanticdbPlugin)
[debug] Plugins.deducer#function took 1.406903 ms
[info] loading settings for project root from build.sbt ...
[debug]         Load.resolveProject(root) took 2.205772ms
[debug]       Load.loadTransitive: finalizeProject(Project(id root, base: /home/grish-grdv/IdeaProjects/naumen/homework_1, plugins: List(<none>))) took 4.47082ms
[debug] [Loading] Done in /home/grish-grdv/IdeaProjects/naumen/homework_1, returning: (root)
[debug]     Load.loadUnit: loadedProjectsRaw took 1141.485556ms
[debug]     Load.loadUnit: cleanEvalClasses took 2.080145ms
[debug]   Load.loadUnit(file:/home/grish-grdv/IdeaProjects/naumen/homework_1/, ...) took 2356.440325ms
[debug] Load.apply: load took 2365.508133ms
[debug] Load.apply: resolveProjects took 0.069473ms
[debug] Load.apply: finalTransforms took 9.8438ms
[debug] Load.apply: config.delegates took 0.295317ms
[debug] Load.apply: Def.make(settings)... took 55.460325ms
[debug] Load.apply: structureIndex took 14.413535ms
[debug] Load.apply: mkStreams took 0.00212ms
[info] set current project to homework_1 (in build file:/home/grish-grdv/IdeaProjects/naumen/homework_1/)
[debug] > Exec(sbtPopOnFailure, None, None)
[debug] > Exec(resumeFromFailure, None, None)
[debug] > Exec(notifyUsersAboutShell, None, None)
[debug] > Exec(iflast shell, None, None)
[debug] > Exec(shell, None, None)
[info] sbt server started at local:///home/grish-grdv/.sbt/1.0/server/f27ca6677df6c88e689b/sock
[debug] Writing bsp connection file
[info] started sbt server
[info] shutting down sbt server
